ARM GAS  /tmp/ccOz5Jl1.s 			page 1


   1              		.cpu cortex-m4
   2              		.eabi_attribute 20, 1
   3              		.eabi_attribute 21, 1
   4              		.eabi_attribute 23, 3
   5              		.eabi_attribute 24, 1
   6              		.eabi_attribute 25, 1
   7              		.eabi_attribute 26, 1
   8              		.eabi_attribute 30, 2
   9              		.eabi_attribute 34, 1
  10              		.eabi_attribute 18, 4
  11              		.file	"hal.c"
  12              		.text
  13              	.Ltext0:
  14              		.cfi_sections	.debug_frame
  15              		.section	.text.halInit,"ax",%progbits
  16              		.align	1
  17              		.p2align 4,,15
  18              		.global	halInit
  19              		.arch armv7e-m
  20              		.syntax unified
  21              		.thumb
  22              		.thumb_func
  23              		.fpu softvfp
  24              		.type	halInit, %function
  25              	halInit:
  26              	.LFB400:
  27              		.file 1 "../ChibiOS/os/hal/src/hal.c"
  28              		.loc 1 56 20 view -0
  29              		.cfi_startproc
  30              		@ args = 0, pretend = 0, frame = 0
  31              		@ frame_needed = 0, uses_anonymous_args = 0
  32              		.loc 1 59 3 view .LVU1
  33              		.file 2 "../ChibiOS/os/hal/osal/rt-nil/osal.h"
  34              		.loc 2 533 1 view .LVU2
  35              		.loc 1 62 3 view .LVU3
  36              		.loc 1 56 20 is_stmt 0 view .LVU4
  37 0000 08B5     		push	{r3, lr}
  38              		.cfi_def_cfa_offset 8
  39              		.cfi_offset 3, -8
  40              		.cfi_offset 14, -4
  41              		.loc 1 62 3 view .LVU5
  42 0002 FFF7FEFF 		bl	hal_lld_init
  43              	.LVL0:
  44              		.loc 1 66 3 is_stmt 1 view .LVU6
  45 0006 FFF7FEFF 		bl	_pal_lld_init
  46              	.LVL1:
  47              		.loc 1 72 3 view .LVU7
  48 000a FFF7FEFF 		bl	adcInit
  49              	.LVL2:
  50              		.loc 1 81 3 view .LVU8
  51 000e FFF7FEFF 		bl	dacInit
  52              	.LVL3:
  53              		.loc 1 105 3 view .LVU9
  54 0012 FFF7FEFF 		bl	sdInit
  55              	.LVL4:
  56              		.loc 1 149 3 view .LVU10
  57 0016 FFF7FEFF 		bl	boardInit
ARM GAS  /tmp/ccOz5Jl1.s 			page 2


  58              	.LVL5:
  59              		.loc 1 156 3 view .LVU11
  60              		.loc 1 158 1 is_stmt 0 view .LVU12
  61 001a BDE80840 		pop	{r3, lr}
  62              		.cfi_restore 14
  63              		.cfi_restore 3
  64              		.cfi_def_cfa_offset 0
  65              		.loc 1 156 3 view .LVU13
  66 001e FFF7FEBF 		b	stInit
  67              	.LVL6:
  68              		.cfi_endproc
  69              	.LFE400:
  70              		.size	halInit, .-halInit
  71 0022 00BF     		.text
  72              	.Letext0:
  73              		.file 3 "../ChibiOS/os/hal/ports/STM32/STM32L4xx/hal_lld.h"
  74              		.file 4 "../ChibiOS/os/hal/ports/STM32/LLD/GPIOv3/hal_pal_lld.h"
  75              		.file 5 "../ChibiOS/os/hal/include/hal_adc.h"
  76              		.file 6 "../ChibiOS/os/hal/include/hal_dac.h"
  77              		.file 7 "../ChibiOS/os/hal/include/hal_serial.h"
  78              		.file 8 "../ChibiOS/os/hal/boards/ST_NUCLEO32_L432KC/board.h"
  79              		.file 9 "../ChibiOS/os/hal/include/hal_st.h"
  80              		.section	.debug_info,"",%progbits
  81              	.Ldebug_info0:
  82 0000 37010000 		.4byte	0x137
  83 0004 0400     		.2byte	0x4
  84 0006 00000000 		.4byte	.Ldebug_abbrev0
  85 000a 04       		.byte	0x4
  86 000b 01       		.uleb128 0x1
  87 000c FB000000 		.4byte	.LASF19
  88 0010 0C       		.byte	0xc
  89 0011 BA010000 		.4byte	.LASF20
  90 0015 92000000 		.4byte	.LASF21
  91 0019 00000000 		.4byte	.Ldebug_ranges0+0
  92 001d 00000000 		.4byte	0
  93 0021 00000000 		.4byte	.Ldebug_line0
  94 0025 02       		.uleb128 0x2
  95 0026 04       		.byte	0x4
  96 0027 05       		.byte	0x5
  97 0028 696E7400 		.ascii	"int\000"
  98 002c 03       		.uleb128 0x3
  99 002d 04       		.byte	0x4
 100 002e 07       		.byte	0x7
 101 002f 21000000 		.4byte	.LASF0
 102 0033 03       		.uleb128 0x3
 103 0034 08       		.byte	0x8
 104 0035 05       		.byte	0x5
 105 0036 00000000 		.4byte	.LASF1
 106 003a 03       		.uleb128 0x3
 107 003b 08       		.byte	0x8
 108 003c 04       		.byte	0x4
 109 003d DF010000 		.4byte	.LASF2
 110 0041 03       		.uleb128 0x3
 111 0042 01       		.byte	0x1
 112 0043 06       		.byte	0x6
 113 0044 EF000000 		.4byte	.LASF3
 114 0048 03       		.uleb128 0x3
ARM GAS  /tmp/ccOz5Jl1.s 			page 3


 115 0049 01       		.byte	0x1
 116 004a 08       		.byte	0x8
 117 004b 5D000000 		.4byte	.LASF4
 118 004f 03       		.uleb128 0x3
 119 0050 02       		.byte	0x2
 120 0051 05       		.byte	0x5
 121 0052 81000000 		.4byte	.LASF5
 122 0056 03       		.uleb128 0x3
 123 0057 02       		.byte	0x2
 124 0058 07       		.byte	0x7
 125 0059 0E000000 		.4byte	.LASF6
 126 005d 03       		.uleb128 0x3
 127 005e 04       		.byte	0x4
 128 005f 05       		.byte	0x5
 129 0060 70000000 		.4byte	.LASF7
 130 0064 03       		.uleb128 0x3
 131 0065 04       		.byte	0x4
 132 0066 07       		.byte	0x7
 133 0067 3D000000 		.4byte	.LASF8
 134 006b 03       		.uleb128 0x3
 135 006c 08       		.byte	0x8
 136 006d 07       		.byte	0x7
 137 006e CE000000 		.4byte	.LASF9
 138 0072 03       		.uleb128 0x3
 139 0073 01       		.byte	0x1
 140 0074 08       		.byte	0x8
 141 0075 6B000000 		.4byte	.LASF10
 142 0079 03       		.uleb128 0x3
 143 007a 01       		.byte	0x1
 144 007b 02       		.byte	0x2
 145 007c 4F000000 		.4byte	.LASF11
 146 0080 04       		.uleb128 0x4
 147 0081 79000000 		.4byte	.LASF22
 148 0085 01       		.byte	0x1
 149 0086 38       		.byte	0x38
 150 0087 06       		.byte	0x6
 151 0088 00000000 		.4byte	.LFB400
 152 008c 22000000 		.4byte	.LFE400-.LFB400
 153 0090 01       		.uleb128 0x1
 154 0091 9C       		.byte	0x9c
 155 0092 D6000000 		.4byte	0xd6
 156 0096 05       		.uleb128 0x5
 157 0097 06000000 		.4byte	.LVL0
 158 009b E0000000 		.4byte	0xe0
 159 009f 05       		.uleb128 0x5
 160 00a0 0A000000 		.4byte	.LVL1
 161 00a4 ED000000 		.4byte	0xed
 162 00a8 05       		.uleb128 0x5
 163 00a9 0E000000 		.4byte	.LVL2
 164 00ad FA000000 		.4byte	0xfa
 165 00b1 05       		.uleb128 0x5
 166 00b2 12000000 		.4byte	.LVL3
 167 00b6 07010000 		.4byte	0x107
 168 00ba 05       		.uleb128 0x5
 169 00bb 16000000 		.4byte	.LVL4
 170 00bf 14010000 		.4byte	0x114
 171 00c3 05       		.uleb128 0x5
ARM GAS  /tmp/ccOz5Jl1.s 			page 4


 172 00c4 1A000000 		.4byte	.LVL5
 173 00c8 21010000 		.4byte	0x121
 174 00cc 06       		.uleb128 0x6
 175 00cd 22000000 		.4byte	.LVL6
 176 00d1 2E010000 		.4byte	0x12e
 177 00d5 00       		.byte	0
 178 00d6 07       		.uleb128 0x7
 179 00d7 D6010000 		.4byte	.LASF23
 180 00db 02       		.byte	0x2
 181 00dc 1302     		.2byte	0x213
 182 00de 14       		.byte	0x14
 183 00df 03       		.byte	0x3
 184 00e0 08       		.uleb128 0x8
 185 00e1 C1000000 		.4byte	.LASF12
 186 00e5 C1000000 		.4byte	.LASF12
 187 00e9 03       		.byte	0x3
 188 00ea 1807     		.2byte	0x718
 189 00ec 08       		.byte	0x8
 190 00ed 08       		.uleb128 0x8
 191 00ee EB010000 		.4byte	.LASF13
 192 00f2 EB010000 		.4byte	.LASF13
 193 00f6 04       		.byte	0x4
 194 00f7 1A02     		.2byte	0x21a
 195 00f9 08       		.byte	0x8
 196 00fa 08       		.uleb128 0x8
 197 00fb 2E000000 		.4byte	.LASF14
 198 00ff 2E000000 		.4byte	.LASF14
 199 0103 05       		.byte	0x5
 200 0104 8001     		.2byte	0x180
 201 0106 08       		.byte	0x8
 202 0107 08       		.uleb128 0x8
 203 0108 55000000 		.4byte	.LASF15
 204 010c 55000000 		.4byte	.LASF15
 205 0110 06       		.byte	0x6
 206 0111 5E01     		.2byte	0x15e
 207 0113 08       		.byte	0x8
 208 0114 08       		.uleb128 0x8
 209 0115 8B000000 		.4byte	.LASF16
 210 0119 8B000000 		.4byte	.LASF16
 211 011d 07       		.byte	0x7
 212 011e 2201     		.2byte	0x122
 213 0120 08       		.byte	0x8
 214 0121 08       		.uleb128 0x8
 215 0122 E5000000 		.4byte	.LASF17
 216 0126 E5000000 		.4byte	.LASF17
 217 012a 08       		.byte	0x8
 218 012b C805     		.2byte	0x5c8
 219 012d 08       		.byte	0x8
 220 012e 09       		.uleb128 0x9
 221 012f 36000000 		.4byte	.LASF18
 222 0133 36000000 		.4byte	.LASF18
 223 0137 09       		.byte	0x9
 224 0138 46       		.byte	0x46
 225 0139 08       		.byte	0x8
 226 013a 00       		.byte	0
 227              		.section	.debug_abbrev,"",%progbits
 228              	.Ldebug_abbrev0:
ARM GAS  /tmp/ccOz5Jl1.s 			page 5


 229 0000 01       		.uleb128 0x1
 230 0001 11       		.uleb128 0x11
 231 0002 01       		.byte	0x1
 232 0003 25       		.uleb128 0x25
 233 0004 0E       		.uleb128 0xe
 234 0005 13       		.uleb128 0x13
 235 0006 0B       		.uleb128 0xb
 236 0007 03       		.uleb128 0x3
 237 0008 0E       		.uleb128 0xe
 238 0009 1B       		.uleb128 0x1b
 239 000a 0E       		.uleb128 0xe
 240 000b 55       		.uleb128 0x55
 241 000c 17       		.uleb128 0x17
 242 000d 11       		.uleb128 0x11
 243 000e 01       		.uleb128 0x1
 244 000f 10       		.uleb128 0x10
 245 0010 17       		.uleb128 0x17
 246 0011 00       		.byte	0
 247 0012 00       		.byte	0
 248 0013 02       		.uleb128 0x2
 249 0014 24       		.uleb128 0x24
 250 0015 00       		.byte	0
 251 0016 0B       		.uleb128 0xb
 252 0017 0B       		.uleb128 0xb
 253 0018 3E       		.uleb128 0x3e
 254 0019 0B       		.uleb128 0xb
 255 001a 03       		.uleb128 0x3
 256 001b 08       		.uleb128 0x8
 257 001c 00       		.byte	0
 258 001d 00       		.byte	0
 259 001e 03       		.uleb128 0x3
 260 001f 24       		.uleb128 0x24
 261 0020 00       		.byte	0
 262 0021 0B       		.uleb128 0xb
 263 0022 0B       		.uleb128 0xb
 264 0023 3E       		.uleb128 0x3e
 265 0024 0B       		.uleb128 0xb
 266 0025 03       		.uleb128 0x3
 267 0026 0E       		.uleb128 0xe
 268 0027 00       		.byte	0
 269 0028 00       		.byte	0
 270 0029 04       		.uleb128 0x4
 271 002a 2E       		.uleb128 0x2e
 272 002b 01       		.byte	0x1
 273 002c 3F       		.uleb128 0x3f
 274 002d 19       		.uleb128 0x19
 275 002e 03       		.uleb128 0x3
 276 002f 0E       		.uleb128 0xe
 277 0030 3A       		.uleb128 0x3a
 278 0031 0B       		.uleb128 0xb
 279 0032 3B       		.uleb128 0x3b
 280 0033 0B       		.uleb128 0xb
 281 0034 39       		.uleb128 0x39
 282 0035 0B       		.uleb128 0xb
 283 0036 27       		.uleb128 0x27
 284 0037 19       		.uleb128 0x19
 285 0038 11       		.uleb128 0x11
ARM GAS  /tmp/ccOz5Jl1.s 			page 6


 286 0039 01       		.uleb128 0x1
 287 003a 12       		.uleb128 0x12
 288 003b 06       		.uleb128 0x6
 289 003c 40       		.uleb128 0x40
 290 003d 18       		.uleb128 0x18
 291 003e 9742     		.uleb128 0x2117
 292 0040 19       		.uleb128 0x19
 293 0041 01       		.uleb128 0x1
 294 0042 13       		.uleb128 0x13
 295 0043 00       		.byte	0
 296 0044 00       		.byte	0
 297 0045 05       		.uleb128 0x5
 298 0046 898201   		.uleb128 0x4109
 299 0049 00       		.byte	0
 300 004a 11       		.uleb128 0x11
 301 004b 01       		.uleb128 0x1
 302 004c 31       		.uleb128 0x31
 303 004d 13       		.uleb128 0x13
 304 004e 00       		.byte	0
 305 004f 00       		.byte	0
 306 0050 06       		.uleb128 0x6
 307 0051 898201   		.uleb128 0x4109
 308 0054 00       		.byte	0
 309 0055 11       		.uleb128 0x11
 310 0056 01       		.uleb128 0x1
 311 0057 9542     		.uleb128 0x2115
 312 0059 19       		.uleb128 0x19
 313 005a 31       		.uleb128 0x31
 314 005b 13       		.uleb128 0x13
 315 005c 00       		.byte	0
 316 005d 00       		.byte	0
 317 005e 07       		.uleb128 0x7
 318 005f 2E       		.uleb128 0x2e
 319 0060 00       		.byte	0
 320 0061 03       		.uleb128 0x3
 321 0062 0E       		.uleb128 0xe
 322 0063 3A       		.uleb128 0x3a
 323 0064 0B       		.uleb128 0xb
 324 0065 3B       		.uleb128 0x3b
 325 0066 05       		.uleb128 0x5
 326 0067 39       		.uleb128 0x39
 327 0068 0B       		.uleb128 0xb
 328 0069 27       		.uleb128 0x27
 329 006a 19       		.uleb128 0x19
 330 006b 20       		.uleb128 0x20
 331 006c 0B       		.uleb128 0xb
 332 006d 00       		.byte	0
 333 006e 00       		.byte	0
 334 006f 08       		.uleb128 0x8
 335 0070 2E       		.uleb128 0x2e
 336 0071 00       		.byte	0
 337 0072 3F       		.uleb128 0x3f
 338 0073 19       		.uleb128 0x19
 339 0074 3C       		.uleb128 0x3c
 340 0075 19       		.uleb128 0x19
 341 0076 6E       		.uleb128 0x6e
 342 0077 0E       		.uleb128 0xe
ARM GAS  /tmp/ccOz5Jl1.s 			page 7


 343 0078 03       		.uleb128 0x3
 344 0079 0E       		.uleb128 0xe
 345 007a 3A       		.uleb128 0x3a
 346 007b 0B       		.uleb128 0xb
 347 007c 3B       		.uleb128 0x3b
 348 007d 05       		.uleb128 0x5
 349 007e 39       		.uleb128 0x39
 350 007f 0B       		.uleb128 0xb
 351 0080 00       		.byte	0
 352 0081 00       		.byte	0
 353 0082 09       		.uleb128 0x9
 354 0083 2E       		.uleb128 0x2e
 355 0084 00       		.byte	0
 356 0085 3F       		.uleb128 0x3f
 357 0086 19       		.uleb128 0x19
 358 0087 3C       		.uleb128 0x3c
 359 0088 19       		.uleb128 0x19
 360 0089 6E       		.uleb128 0x6e
 361 008a 0E       		.uleb128 0xe
 362 008b 03       		.uleb128 0x3
 363 008c 0E       		.uleb128 0xe
 364 008d 3A       		.uleb128 0x3a
 365 008e 0B       		.uleb128 0xb
 366 008f 3B       		.uleb128 0x3b
 367 0090 0B       		.uleb128 0xb
 368 0091 39       		.uleb128 0x39
 369 0092 0B       		.uleb128 0xb
 370 0093 00       		.byte	0
 371 0094 00       		.byte	0
 372 0095 00       		.byte	0
 373              		.section	.debug_aranges,"",%progbits
 374 0000 1C000000 		.4byte	0x1c
 375 0004 0200     		.2byte	0x2
 376 0006 00000000 		.4byte	.Ldebug_info0
 377 000a 04       		.byte	0x4
 378 000b 00       		.byte	0
 379 000c 0000     		.2byte	0
 380 000e 0000     		.2byte	0
 381 0010 00000000 		.4byte	.LFB400
 382 0014 22000000 		.4byte	.LFE400-.LFB400
 383 0018 00000000 		.4byte	0
 384 001c 00000000 		.4byte	0
 385              		.section	.debug_ranges,"",%progbits
 386              	.Ldebug_ranges0:
 387 0000 00000000 		.4byte	.LFB400
 388 0004 22000000 		.4byte	.LFE400
 389 0008 00000000 		.4byte	0
 390 000c 00000000 		.4byte	0
 391              		.section	.debug_line,"",%progbits
 392              	.Ldebug_line0:
 393 0000 97010000 		.section	.debug_str,"MS",%progbits,1
 393      03005001 
 393      00000201 
 393      FB0E0D00 
 393      01010101 
 394              	.LASF1:
 395 0000 6C6F6E67 		.ascii	"long long int\000"
ARM GAS  /tmp/ccOz5Jl1.s 			page 8


 395      206C6F6E 
 395      6720696E 
 395      7400
 396              	.LASF6:
 397 000e 73686F72 		.ascii	"short unsigned int\000"
 397      7420756E 
 397      7369676E 
 397      65642069 
 397      6E7400
 398              	.LASF0:
 399 0021 756E7369 		.ascii	"unsigned int\000"
 399      676E6564 
 399      20696E74 
 399      00
 400              	.LASF14:
 401 002e 61646349 		.ascii	"adcInit\000"
 401      6E697400 
 402              	.LASF18:
 403 0036 7374496E 		.ascii	"stInit\000"
 403      697400
 404              	.LASF8:
 405 003d 6C6F6E67 		.ascii	"long unsigned int\000"
 405      20756E73 
 405      69676E65 
 405      6420696E 
 405      7400
 406              	.LASF11:
 407 004f 5F426F6F 		.ascii	"_Bool\000"
 407      6C00
 408              	.LASF15:
 409 0055 64616349 		.ascii	"dacInit\000"
 409      6E697400 
 410              	.LASF4:
 411 005d 756E7369 		.ascii	"unsigned char\000"
 411      676E6564 
 411      20636861 
 411      7200
 412              	.LASF10:
 413 006b 63686172 		.ascii	"char\000"
 413      00
 414              	.LASF7:
 415 0070 6C6F6E67 		.ascii	"long int\000"
 415      20696E74 
 415      00
 416              	.LASF22:
 417 0079 68616C49 		.ascii	"halInit\000"
 417      6E697400 
 418              	.LASF5:
 419 0081 73686F72 		.ascii	"short int\000"
 419      7420696E 
 419      7400
 420              	.LASF16:
 421 008b 7364496E 		.ascii	"sdInit\000"
 421      697400
 422              	.LASF21:
 423 0092 2F686F6D 		.ascii	"/home/bhimebau/forge/analog_in_out/application\000"
 423      652F6268 
ARM GAS  /tmp/ccOz5Jl1.s 			page 9


 423      696D6562 
 423      61752F66 
 423      6F726765 
 424              	.LASF12:
 425 00c1 68616C5F 		.ascii	"hal_lld_init\000"
 425      6C6C645F 
 425      696E6974 
 425      00
 426              	.LASF9:
 427 00ce 6C6F6E67 		.ascii	"long long unsigned int\000"
 427      206C6F6E 
 427      6720756E 
 427      7369676E 
 427      65642069 
 428              	.LASF17:
 429 00e5 626F6172 		.ascii	"boardInit\000"
 429      64496E69 
 429      7400
 430              	.LASF3:
 431 00ef 7369676E 		.ascii	"signed char\000"
 431      65642063 
 431      68617200 
 432              	.LASF19:
 433 00fb 474E5520 		.ascii	"GNU C17 10.3.1 20210621 (release) -mcpu=cortex-m4 -"
 433      43313720 
 433      31302E33 
 433      2E312032 
 433      30323130 
 434 012e 6D746875 		.ascii	"mthumb -mfloat-abi=soft -march=armv7e-m -ggdb -O2 -"
 434      6D62202D 
 434      6D666C6F 
 434      61742D61 
 434      62693D73 
 435 0161 666F6D69 		.ascii	"fomit-frame-pointer -falign-functions=16 -ffunction"
 435      742D6672 
 435      616D652D 
 435      706F696E 
 435      74657220 
 436 0194 2D736563 		.ascii	"-sections -fdata-sections -fno-common\000"
 436      74696F6E 
 436      73202D66 
 436      64617461 
 436      2D736563 
 437              	.LASF20:
 438 01ba 2E2E2F43 		.ascii	"../ChibiOS/os/hal/src/hal.c\000"
 438      68696269 
 438      4F532F6F 
 438      732F6861 
 438      6C2F7372 
 439              	.LASF23:
 440 01d6 6F73616C 		.ascii	"osalInit\000"
 440      496E6974 
 440      00
 441              	.LASF2:
 442 01df 6C6F6E67 		.ascii	"long double\000"
 442      20646F75 
 442      626C6500 
ARM GAS  /tmp/ccOz5Jl1.s 			page 10


 443              	.LASF13:
 444 01eb 5F70616C 		.ascii	"_pal_lld_init\000"
 444      5F6C6C64 
 444      5F696E69 
 444      7400
 445              		.ident	"GCC: (GNU Arm Embedded Toolchain 10.3-2021.07) 10.3.1 20210621 (release)"
ARM GAS  /tmp/ccOz5Jl1.s 			page 11


DEFINED SYMBOLS
                            *ABS*:0000000000000000 hal.c
     /tmp/ccOz5Jl1.s:16     .text.halInit:0000000000000000 $t
     /tmp/ccOz5Jl1.s:25     .text.halInit:0000000000000000 halInit

UNDEFINED SYMBOLS
hal_lld_init
_pal_lld_init
adcInit
dacInit
sdInit
boardInit
stInit
