ARM GAS  /tmp/ccfS9ZHQ.s 			page 1


   1              		.cpu cortex-m4
   2              		.eabi_attribute 20, 1
   3              		.eabi_attribute 21, 1
   4              		.eabi_attribute 23, 3
   5              		.eabi_attribute 24, 1
   6              		.eabi_attribute 25, 1
   7              		.eabi_attribute 26, 1
   8              		.eabi_attribute 30, 2
   9              		.eabi_attribute 34, 1
  10              		.eabi_attribute 18, 4
  11              		.file	"hal_efl_lld.c"
  12              		.text
  13              	.Ltext0:
  14              		.cfi_sections	.debug_frame
  15              	.Letext0:
  16              		.section	.debug_info,"",%progbits
  17              	.Ldebug_info0:
  18 0000 75000000 		.4byte	0x75
  19 0004 0400     		.2byte	0x4
  20 0006 00000000 		.4byte	.Ldebug_abbrev0
  21 000a 04       		.byte	0x4
  22 000b 01       		.uleb128 0x1
  23 000c B4000000 		.4byte	.LASF12
  24 0010 0C       		.byte	0xc
  25 0011 89010000 		.4byte	.LASF13
  26 0015 66000000 		.4byte	.LASF14
  27 0019 00000000 		.4byte	.Ldebug_line0
  28 001d 02       		.uleb128 0x2
  29 001e 04       		.byte	0x4
  30 001f 05       		.byte	0x5
  31 0020 696E7400 		.ascii	"int\000"
  32 0024 03       		.uleb128 0x3
  33 0025 04       		.byte	0x4
  34 0026 07       		.byte	0x7
  35 0027 0E000000 		.4byte	.LASF0
  36 002b 03       		.uleb128 0x3
  37 002c 08       		.byte	0x8
  38 002d 05       		.byte	0x5
  39 002e 00000000 		.4byte	.LASF1
  40 0032 03       		.uleb128 0x3
  41 0033 08       		.byte	0x8
  42 0034 04       		.byte	0x4
  43 0035 73010000 		.4byte	.LASF2
  44 0039 03       		.uleb128 0x3
  45 003a 01       		.byte	0x1
  46 003b 06       		.byte	0x6
  47 003c A8000000 		.4byte	.LASF3
  48 0040 03       		.uleb128 0x3
  49 0041 01       		.byte	0x1
  50 0042 08       		.byte	0x8
  51 0043 4A000000 		.4byte	.LASF4
  52 0047 03       		.uleb128 0x3
  53 0048 02       		.byte	0x2
  54 0049 05       		.byte	0x5
  55 004a 7F010000 		.4byte	.LASF5
  56 004e 03       		.uleb128 0x3
  57 004f 02       		.byte	0x2
ARM GAS  /tmp/ccfS9ZHQ.s 			page 2


  58 0050 07       		.byte	0x7
  59 0051 95000000 		.4byte	.LASF6
  60 0055 03       		.uleb128 0x3
  61 0056 04       		.byte	0x4
  62 0057 05       		.byte	0x5
  63 0058 5D000000 		.4byte	.LASF7
  64 005c 03       		.uleb128 0x3
  65 005d 04       		.byte	0x4
  66 005e 07       		.byte	0x7
  67 005f 1B000000 		.4byte	.LASF8
  68 0063 03       		.uleb128 0x3
  69 0064 08       		.byte	0x8
  70 0065 07       		.byte	0x7
  71 0066 33000000 		.4byte	.LASF9
  72 006a 03       		.uleb128 0x3
  73 006b 01       		.byte	0x1
  74 006c 08       		.byte	0x8
  75 006d 58000000 		.4byte	.LASF10
  76 0071 03       		.uleb128 0x3
  77 0072 01       		.byte	0x1
  78 0073 02       		.byte	0x2
  79 0074 2D000000 		.4byte	.LASF11
  80 0078 00       		.byte	0
  81              		.section	.debug_abbrev,"",%progbits
  82              	.Ldebug_abbrev0:
  83 0000 01       		.uleb128 0x1
  84 0001 11       		.uleb128 0x11
  85 0002 01       		.byte	0x1
  86 0003 25       		.uleb128 0x25
  87 0004 0E       		.uleb128 0xe
  88 0005 13       		.uleb128 0x13
  89 0006 0B       		.uleb128 0xb
  90 0007 03       		.uleb128 0x3
  91 0008 0E       		.uleb128 0xe
  92 0009 1B       		.uleb128 0x1b
  93 000a 0E       		.uleb128 0xe
  94 000b 10       		.uleb128 0x10
  95 000c 17       		.uleb128 0x17
  96 000d 00       		.byte	0
  97 000e 00       		.byte	0
  98 000f 02       		.uleb128 0x2
  99 0010 24       		.uleb128 0x24
 100 0011 00       		.byte	0
 101 0012 0B       		.uleb128 0xb
 102 0013 0B       		.uleb128 0xb
 103 0014 3E       		.uleb128 0x3e
 104 0015 0B       		.uleb128 0xb
 105 0016 03       		.uleb128 0x3
 106 0017 08       		.uleb128 0x8
 107 0018 00       		.byte	0
 108 0019 00       		.byte	0
 109 001a 03       		.uleb128 0x3
 110 001b 24       		.uleb128 0x24
 111 001c 00       		.byte	0
 112 001d 0B       		.uleb128 0xb
 113 001e 0B       		.uleb128 0xb
 114 001f 3E       		.uleb128 0x3e
ARM GAS  /tmp/ccfS9ZHQ.s 			page 3


 115 0020 0B       		.uleb128 0xb
 116 0021 03       		.uleb128 0x3
 117 0022 0E       		.uleb128 0xe
 118 0023 00       		.byte	0
 119 0024 00       		.byte	0
 120 0025 00       		.byte	0
 121              		.section	.debug_aranges,"",%progbits
 122 0000 14000000 		.4byte	0x14
 123 0004 0200     		.2byte	0x2
 124 0006 00000000 		.4byte	.Ldebug_info0
 125 000a 04       		.byte	0x4
 126 000b 00       		.byte	0
 127 000c 0000     		.2byte	0
 128 000e 0000     		.2byte	0
 129 0010 00000000 		.4byte	0
 130 0014 00000000 		.4byte	0
 131              		.section	.debug_line,"",%progbits
 132              	.Ldebug_line0:
 133 0000 19000000 		.section	.debug_str,"MS",%progbits,1
 133      03001300 
 133      00000201 
 133      FB0E0D00 
 133      01010101 
 134              	.LASF1:
 135 0000 6C6F6E67 		.ascii	"long long int\000"
 135      206C6F6E 
 135      6720696E 
 135      7400
 136              	.LASF0:
 137 000e 756E7369 		.ascii	"unsigned int\000"
 137      676E6564 
 137      20696E74 
 137      00
 138              	.LASF8:
 139 001b 6C6F6E67 		.ascii	"long unsigned int\000"
 139      20756E73 
 139      69676E65 
 139      6420696E 
 139      7400
 140              	.LASF11:
 141 002d 5F426F6F 		.ascii	"_Bool\000"
 141      6C00
 142              	.LASF9:
 143 0033 6C6F6E67 		.ascii	"long long unsigned int\000"
 143      206C6F6E 
 143      6720756E 
 143      7369676E 
 143      65642069 
 144              	.LASF4:
 145 004a 756E7369 		.ascii	"unsigned char\000"
 145      676E6564 
 145      20636861 
 145      7200
 146              	.LASF10:
 147 0058 63686172 		.ascii	"char\000"
 147      00
 148              	.LASF7:
ARM GAS  /tmp/ccfS9ZHQ.s 			page 4


 149 005d 6C6F6E67 		.ascii	"long int\000"
 149      20696E74 
 149      00
 150              	.LASF14:
 151 0066 2F686F6D 		.ascii	"/home/bhimebau/forge/analog_in_out/application\000"
 151      652F6268 
 151      696D6562 
 151      61752F66 
 151      6F726765 
 152              	.LASF6:
 153 0095 73686F72 		.ascii	"short unsigned int\000"
 153      7420756E 
 153      7369676E 
 153      65642069 
 153      6E7400
 154              	.LASF3:
 155 00a8 7369676E 		.ascii	"signed char\000"
 155      65642063 
 155      68617200 
 156              	.LASF12:
 157 00b4 474E5520 		.ascii	"GNU C17 10.3.1 20210621 (release) -mcpu=cortex-m4 -"
 157      43313720 
 157      31302E33 
 157      2E312032 
 157      30323130 
 158 00e7 6D746875 		.ascii	"mthumb -mfloat-abi=soft -march=armv7e-m -ggdb -O2 -"
 158      6D62202D 
 158      6D666C6F 
 158      61742D61 
 158      62693D73 
 159 011a 666F6D69 		.ascii	"fomit-frame-pointer -falign-functions=16 -ffunction"
 159      742D6672 
 159      616D652D 
 159      706F696E 
 159      74657220 
 160 014d 2D736563 		.ascii	"-sections -fdata-sections -fno-common\000"
 160      74696F6E 
 160      73202D66 
 160      64617461 
 160      2D736563 
 161              	.LASF2:
 162 0173 6C6F6E67 		.ascii	"long double\000"
 162      20646F75 
 162      626C6500 
 163              	.LASF5:
 164 017f 73686F72 		.ascii	"short int\000"
 164      7420696E 
 164      7400
 165              	.LASF13:
 166 0189 2E2E2F43 		.ascii	"../ChibiOS/os/hal/ports/STM32/STM32L4xx/hal_efl_lld"
 166      68696269 
 166      4F532F6F 
 166      732F6861 
 166      6C2F706F 
 167 01bc 2E6300   		.ascii	".c\000"
 168              		.ident	"GCC: (GNU Arm Embedded Toolchain 10.3-2021.07) 10.3.1 20210621 (release)"
ARM GAS  /tmp/ccfS9ZHQ.s 			page 5


DEFINED SYMBOLS
                            *ABS*:0000000000000000 hal_efl_lld.c

NO UNDEFINED SYMBOLS
