ARM GAS  /tmp/ccxnbQVy.s 			page 1


   1              		.cpu cortex-m4
   2              		.eabi_attribute 20, 1
   3              		.eabi_attribute 21, 1
   4              		.eabi_attribute 23, 3
   5              		.eabi_attribute 24, 1
   6              		.eabi_attribute 25, 1
   7              		.eabi_attribute 26, 1
   8              		.eabi_attribute 30, 2
   9              		.eabi_attribute 34, 1
  10              		.eabi_attribute 18, 4
  11              		.file	"hal_st_lld.c"
  12              		.text
  13              	.Ltext0:
  14              		.cfi_sections	.debug_frame
  15              		.section	.text.st_lld_init,"ax",%progbits
  16              		.align	1
  17              		.p2align 4,,15
  18              		.global	st_lld_init
  19              		.arch armv7e-m
  20              		.syntax unified
  21              		.thumb
  22              		.thumb_func
  23              		.fpu softvfp
  24              		.type	st_lld_init, %function
  25              	st_lld_init:
  26              	.LFB400:
  27              		.file 1 "../ChibiOS/os/hal/ports/STM32/LLD/SYSTICKv1/hal_st_lld.c"
  28              		.loc 1 487 24 view -0
  29              		.cfi_startproc
  30              		@ args = 0, pretend = 0, frame = 0
  31              		@ frame_needed = 0, uses_anonymous_args = 0
  32              		@ link register save eliminated.
  33              		.loc 1 491 3 view .LVU1
  34              		.loc 1 491 3 view .LVU2
  35              		.loc 1 491 3 view .LVU3
  36              		.loc 1 493 3 view .LVU4
  37              		.loc 1 493 3 view .LVU5
  38              		.loc 1 493 3 view .LVU6
  39              		.loc 1 497 3 view .LVU7
  40 0000 104A     		ldr	r2, .L4
  41              		.loc 1 500 3 is_stmt 0 view .LVU8
  42 0002 1148     		ldr	r0, .L4+4
  43              		.loc 1 497 3 view .LVU9
  44 0004 916D     		ldr	r1, [r2, #88]
  45 0006 41F00101 		orr	r1, r1, #1
  46              		.loc 1 487 24 view .LVU10
  47 000a 10B4     		push	{r4}
  48              		.cfi_def_cfa_offset 4
  49              		.cfi_offset 4, -4
  50              		.loc 1 497 3 view .LVU11
  51 000c 9165     		str	r1, [r2, #88]
  52              		.loc 1 497 3 is_stmt 1 view .LVU12
  53              		.loc 1 497 3 view .LVU13
  54 000e 916F     		ldr	r1, [r2, #120]
  55 0010 41F00101 		orr	r1, r1, #1
  56 0014 9167     		str	r1, [r2, #120]
  57              		.loc 1 497 3 view .LVU14
ARM GAS  /tmp/ccxnbQVy.s 			page 2


  58 0016 926F     		ldr	r2, [r2, #120]
  59              		.loc 1 497 20 view .LVU15
  60              		.loc 1 500 3 view .LVU16
  61 0018 8268     		ldr	r2, [r0, #8]
  62              		.loc 1 503 24 is_stmt 0 view .LVU17
  63 001a 4FF08043 		mov	r3, #1073741824
  64              		.loc 1 500 3 view .LVU18
  65 001e 42F00102 		orr	r2, r2, #1
  66 0022 8260     		str	r2, [r0, #8]
  67              		.loc 1 503 3 is_stmt 1 view .LVU19
  68              		.loc 1 503 24 is_stmt 0 view .LVU20
  69 0024 41F63F74 		movw	r4, #7999
  70              		.loc 1 505 24 view .LVU21
  71 0028 0022     		movs	r2, #0
  72              		.loc 1 518 24 view .LVU22
  73 002a 0121     		movs	r1, #1
  74              		.loc 1 504 24 view .LVU23
  75 002c 4FF0FF30 		mov	r0, #-1
  76              		.loc 1 503 24 view .LVU24
  77 0030 9C62     		str	r4, [r3, #40]
  78              		.loc 1 504 3 is_stmt 1 view .LVU25
  79              		.loc 1 504 24 is_stmt 0 view .LVU26
  80 0032 D862     		str	r0, [r3, #44]
  81              		.loc 1 505 3 is_stmt 1 view .LVU27
  82              		.loc 1 539 1 is_stmt 0 view .LVU28
  83 0034 10BC     		pop	{r4}
  84              		.cfi_restore 4
  85              		.cfi_def_cfa_offset 0
  86              		.loc 1 505 24 view .LVU29
  87 0036 9A61     		str	r2, [r3, #24]
  88              		.loc 1 506 3 is_stmt 1 view .LVU30
  89              		.loc 1 506 24 is_stmt 0 view .LVU31
  90 0038 5A63     		str	r2, [r3, #52]
  91              		.loc 1 516 3 is_stmt 1 view .LVU32
  92              		.loc 1 516 24 is_stmt 0 view .LVU33
  93 003a DA60     		str	r2, [r3, #12]
  94              		.loc 1 517 3 is_stmt 1 view .LVU34
  95              		.loc 1 517 24 is_stmt 0 view .LVU35
  96 003c 5A60     		str	r2, [r3, #4]
  97              		.loc 1 518 3 is_stmt 1 view .LVU36
  98              		.loc 1 518 24 is_stmt 0 view .LVU37
  99 003e 5961     		str	r1, [r3, #20]
 100              		.loc 1 519 3 is_stmt 1 view .LVU38
 101              		.loc 1 519 24 is_stmt 0 view .LVU39
 102 0040 1960     		str	r1, [r3]
 103              		.loc 1 539 1 view .LVU40
 104 0042 7047     		bx	lr
 105              	.L5:
 106              		.align	2
 107              	.L4:
 108 0044 00100240 		.word	1073876992
 109 0048 002004E0 		.word	-536600576
 110              		.cfi_endproc
 111              	.LFE400:
 112              		.size	st_lld_init, .-st_lld_init
 113              		.section	.text.st_lld_serve_interrupt,"ax",%progbits
 114              		.align	1
ARM GAS  /tmp/ccxnbQVy.s 			page 3


 115              		.p2align 4,,15
 116              		.global	st_lld_serve_interrupt
 117              		.syntax unified
 118              		.thumb
 119              		.thumb_func
 120              		.fpu softvfp
 121              		.type	st_lld_serve_interrupt, %function
 122              	st_lld_serve_interrupt:
 123              	.LFB401:
 124              		.loc 1 544 35 is_stmt 1 view -0
 125              		.cfi_startproc
 126              		@ args = 0, pretend = 0, frame = 0
 127              		@ frame_needed = 0, uses_anonymous_args = 0
 128              		.loc 1 546 3 view .LVU42
 129              		.loc 1 547 3 view .LVU43
 130              	.LVL0:
 131              		.loc 1 549 3 view .LVU44
 132              		.loc 1 549 7 is_stmt 0 view .LVU45
 133 0000 4FF08042 		mov	r2, #1073741824
 134              		.loc 1 544 35 view .LVU46
 135 0004 08B5     		push	{r3, lr}
 136              		.cfi_def_cfa_offset 8
 137              		.cfi_offset 3, -8
 138              		.cfi_offset 14, -4
 139              		.loc 1 549 7 view .LVU47
 140 0006 1169     		ldr	r1, [r2, #16]
 141              	.LVL1:
 142              		.loc 1 550 3 is_stmt 1 view .LVU48
 143              		.loc 1 550 13 is_stmt 0 view .LVU49
 144 0008 D368     		ldr	r3, [r2, #12]
 145 000a 0B40     		ands	r3, r3, r1
 146              	.LVL2:
 147              		.loc 1 551 3 is_stmt 1 view .LVU50
 148              		.loc 1 550 6 is_stmt 0 view .LVU51
 149 000c D9B2     		uxtb	r1, r3
 150              		.loc 1 551 14 view .LVU52
 151 000e C943     		mvns	r1, r1
 152              		.loc 1 553 6 view .LVU53
 153 0010 9B07     		lsls	r3, r3, #30
 154              	.LVL3:
 155              		.loc 1 551 12 view .LVU54
 156 0012 1161     		str	r1, [r2, #16]
 157              		.loc 1 553 3 is_stmt 1 view .LVU55
 158              		.loc 1 553 6 is_stmt 0 view .LVU56
 159 0014 00D4     		bmi	.L12
 160              		.loc 1 583 1 view .LVU57
 161 0016 08BD     		pop	{r3, pc}
 162              	.L12:
 163              		.loc 1 556 5 is_stmt 1 view .LVU58
 164              	.LBB52:
 165              	.LBI52:
 166              		.file 2 "../ChibiOS/os/hal/osal/rt-nil/osal.h"
 167              		.loc 2 595 20 view .LVU59
 168              	.LBE52:
 169              		.loc 2 597 3 view .LVU60
 170              	.LBB64:
 171              	.LBB53:
ARM GAS  /tmp/ccxnbQVy.s 			page 4


 172              	.LBI53:
 173              		.file 3 "../ChibiOS/os/rt/include/chsys.h"
 174              		.loc 3 451 20 view .LVU61
 175              	.LBE53:
 176              	.LBE64:
 177              		.loc 3 453 3 view .LVU62
 178              	.LBB65:
 179              	.LBB61:
 180              	.LBB54:
 181              	.LBI54:
 182              		.file 4 "../ChibiOS/os/common/ports/ARMv7-M/chcore.h"
 183              		.loc 4 845 27 view .LVU63
 184              	.LBE54:
 185              	.LBE61:
 186              	.LBE65:
 187              		.loc 4 847 3 view .LVU64
 188              	.LBB66:
 189              	.LBB62:
 190              	.LBB59:
 191              	.LBB55:
 192              	.LBI55:
 193              		.loc 4 806 27 view .LVU65
 194              	.LBE55:
 195              	.LBE59:
 196              	.LBE62:
 197              	.LBE66:
 198              		.loc 4 814 3 view .LVU66
 199              	.LVL4:
 200              	.LBB67:
 201              	.LBB63:
 202              	.LBB60:
 203              	.LBB58:
 204              	.LBB56:
 205              	.LBI56:
 206              		.file 5 "../ChibiOS/os/common/ext/ARM/CMSIS/Core/Include/cmsis_gcc.h"
 207              		.loc 5 491 27 view .LVU67
 208              	.LBB57:
 209              		.loc 5 493 3 view .LVU68
 210 0018 3023     		movs	r3, #48
 211              		.syntax unified
 212              	@ 493 "../ChibiOS/os/common/ext/ARM/CMSIS/Core/Include/cmsis_gcc.h" 1
 213 001a 83F31188 		MSR basepri, r3
 214              	@ 0 "" 2
 215              	.LVL5:
 216              		.loc 5 493 3 is_stmt 0 view .LVU69
 217              		.thumb
 218              		.syntax unified
 219              	.LBE57:
 220              	.LBE56:
 221              	.LBE58:
 222              	.LBE60:
 223              	.LBE63:
 224              	.LBE67:
 225              		.loc 3 454 35 is_stmt 1 view .LVU70
 226              		.loc 3 455 30 view .LVU71
 227              		.loc 1 557 5 view .LVU72
 228              	.LBB68:
ARM GAS  /tmp/ccxnbQVy.s 			page 5


 229              	.LBI68:
 230              		.loc 2 665 20 view .LVU73
 231              	.LBB69:
 232              		.loc 2 667 3 view .LVU74
 233 001e FFF7FEFF 		bl	chSysTimerHandlerI
 234              	.LVL6:
 235              	.LBE69:
 236              	.LBE68:
 237              		.loc 1 558 5 view .LVU75
 238              	.LBB70:
 239              	.LBI70:
 240              		.loc 2 606 20 view .LVU76
 241              	.LBB71:
 242              		.loc 2 608 3 view .LVU77
 243              	.LBB72:
 244              	.LBI72:
 245              		.loc 3 473 20 view .LVU78
 246              	.LBE72:
 247              	.LBE71:
 248              	.LBE70:
 249              		.loc 3 475 32 view .LVU79
 250              		.loc 3 476 34 view .LVU80
 251              		.loc 3 477 3 view .LVU81
 252              	.LBB86:
 253              	.LBB83:
 254              	.LBB80:
 255              	.LBB73:
 256              	.LBI73:
 257              		.loc 4 856 27 view .LVU82
 258              	.LBE73:
 259              	.LBE80:
 260              	.LBE83:
 261              	.LBE86:
 262              		.loc 4 858 3 view .LVU83
 263              	.LBB87:
 264              	.LBB84:
 265              	.LBB81:
 266              	.LBB78:
 267              	.LBB74:
 268              	.LBI74:
 269              		.loc 4 830 27 view .LVU84
 270              	.LBE74:
 271              	.LBE78:
 272              	.LBE81:
 273              	.LBE84:
 274              	.LBE87:
 275              		.loc 4 833 3 view .LVU85
 276              	.LBB88:
 277              	.LBB85:
 278              	.LBB82:
 279              	.LBB79:
 280              	.LBB77:
 281              	.LBB75:
 282              	.LBI75:
 283              		.loc 5 491 27 view .LVU86
 284              	.LBB76:
 285              		.loc 5 493 3 view .LVU87
ARM GAS  /tmp/ccxnbQVy.s 			page 6


 286 0022 0023     		movs	r3, #0
 287              		.syntax unified
 288              	@ 493 "../ChibiOS/os/common/ext/ARM/CMSIS/Core/Include/cmsis_gcc.h" 1
 289 0024 83F31188 		MSR basepri, r3
 290              	@ 0 "" 2
 291              	.LVL7:
 292              		.loc 5 493 3 is_stmt 0 view .LVU88
 293              		.thumb
 294              		.syntax unified
 295              	.LBE76:
 296              	.LBE75:
 297              	.LBE77:
 298              	.LBE79:
 299              	.LBE82:
 300              	.LBE85:
 301              	.LBE88:
 302              		.loc 1 583 1 view .LVU89
 303 0028 08BD     		pop	{r3, pc}
 304              		.cfi_endproc
 305              	.LFE401:
 306              		.size	st_lld_serve_interrupt, .-st_lld_serve_interrupt
 307 002a 00BF     		.text
 308              	.Letext0:
 309              		.file 6 "/opt/gcc-arm-none-eabi/gcc-arm-none-eabi-10.3-2021.07/arm-none-eabi/include/machine/_defa
 310              		.file 7 "/opt/gcc-arm-none-eabi/gcc-arm-none-eabi-10.3-2021.07/arm-none-eabi/include/sys/_stdint.h
 311              		.file 8 "../ChibiOS/os/common/ext/ST/STM32L4xx/stm32l432xx.h"
 312              		.file 9 "../ChibiOS/os/hal/ports/STM32/LLD/TIMv1/stm32_tim.h"
 313              		.section	.debug_info,"",%progbits
 314              	.Ldebug_info0:
 315 0000 91060000 		.4byte	0x691
 316 0004 0400     		.2byte	0x4
 317 0006 00000000 		.4byte	.Ldebug_abbrev0
 318 000a 04       		.byte	0x4
 319 000b 01       		.uleb128 0x1
 320 000c 57010000 		.4byte	.LASF78
 321 0010 0C       		.byte	0xc
 322 0011 07040000 		.4byte	.LASF79
 323 0015 D5020000 		.4byte	.LASF80
 324 0019 B8000000 		.4byte	.Ldebug_ranges0+0xb8
 325 001d 00000000 		.4byte	0
 326 0021 00000000 		.4byte	.Ldebug_line0
 327 0025 02       		.uleb128 0x2
 328 0026 04       		.byte	0x4
 329 0027 05       		.byte	0x5
 330 0028 696E7400 		.ascii	"int\000"
 331 002c 03       		.uleb128 0x3
 332 002d 04       		.byte	0x4
 333 002e 07       		.byte	0x7
 334 002f 96020000 		.4byte	.LASF0
 335 0033 03       		.uleb128 0x3
 336 0034 08       		.byte	0x8
 337 0035 05       		.byte	0x5
 338 0036 07010000 		.4byte	.LASF1
 339 003a 03       		.uleb128 0x3
 340 003b 08       		.byte	0x8
 341 003c 04       		.byte	0x4
 342 003d E0000000 		.4byte	.LASF2
ARM GAS  /tmp/ccxnbQVy.s 			page 7


 343 0041 03       		.uleb128 0x3
 344 0042 01       		.byte	0x1
 345 0043 06       		.byte	0x6
 346 0044 55020000 		.4byte	.LASF3
 347 0048 03       		.uleb128 0x3
 348 0049 01       		.byte	0x1
 349 004a 08       		.byte	0x8
 350 004b 16020000 		.4byte	.LASF4
 351 004f 03       		.uleb128 0x3
 352 0050 02       		.byte	0x2
 353 0051 05       		.byte	0x5
 354 0052 A1000000 		.4byte	.LASF5
 355 0056 03       		.uleb128 0x3
 356 0057 02       		.byte	0x2
 357 0058 07       		.byte	0x7
 358 0059 04030000 		.4byte	.LASF6
 359 005d 03       		.uleb128 0x3
 360 005e 04       		.byte	0x4
 361 005f 05       		.byte	0x5
 362 0060 20010000 		.4byte	.LASF7
 363 0064 04       		.uleb128 0x4
 364 0065 91000000 		.4byte	.LASF10
 365 0069 06       		.byte	0x6
 366 006a 4F       		.byte	0x4f
 367 006b 19       		.byte	0x19
 368 006c 70000000 		.4byte	0x70
 369 0070 03       		.uleb128 0x3
 370 0071 04       		.byte	0x4
 371 0072 07       		.byte	0x7
 372 0073 B5020000 		.4byte	.LASF8
 373 0077 03       		.uleb128 0x3
 374 0078 08       		.byte	0x8
 375 0079 07       		.byte	0x7
 376 007a 61020000 		.4byte	.LASF9
 377 007e 04       		.uleb128 0x4
 378 007f D7000000 		.4byte	.LASF11
 379 0083 07       		.byte	0x7
 380 0084 30       		.byte	0x30
 381 0085 14       		.byte	0x14
 382 0086 64000000 		.4byte	0x64
 383 008a 05       		.uleb128 0x5
 384 008b 7E000000 		.4byte	0x7e
 385 008f 03       		.uleb128 0x3
 386 0090 01       		.byte	0x1
 387 0091 08       		.byte	0x8
 388 0092 2A030000 		.4byte	.LASF12
 389 0096 06       		.uleb128 0x6
 390 0097 8F000000 		.4byte	0x8f
 391 009b 07       		.uleb128 0x7
 392 009c 14       		.byte	0x14
 393 009d 08       		.byte	0x8
 394 009e 5B01     		.2byte	0x15b
 395 00a0 09       		.byte	0x9
 396 00a1 EB000000 		.4byte	0xeb
 397 00a5 08       		.uleb128 0x8
 398 00a6 00040000 		.4byte	.LASF13
 399 00aa 08       		.byte	0x8
ARM GAS  /tmp/ccxnbQVy.s 			page 8


 400 00ab 5D01     		.2byte	0x15d
 401 00ad 11       		.byte	0x11
 402 00ae 8A000000 		.4byte	0x8a
 403 00b2 00       		.byte	0
 404 00b3 09       		.uleb128 0x9
 405 00b4 435200   		.ascii	"CR\000"
 406 00b7 08       		.byte	0x8
 407 00b8 5E01     		.2byte	0x15e
 408 00ba 11       		.byte	0x11
 409 00bb 8A000000 		.4byte	0x8a
 410 00bf 04       		.byte	0x4
 411 00c0 08       		.uleb128 0x8
 412 00c1 8D020000 		.4byte	.LASF14
 413 00c5 08       		.byte	0x8
 414 00c6 5F01     		.2byte	0x15f
 415 00c8 11       		.byte	0x11
 416 00c9 8A000000 		.4byte	0x8a
 417 00cd 08       		.byte	0x8
 418 00ce 08       		.uleb128 0x8
 419 00cf AC020000 		.4byte	.LASF15
 420 00d3 08       		.byte	0x8
 421 00d4 6001     		.2byte	0x160
 422 00d6 11       		.byte	0x11
 423 00d7 8A000000 		.4byte	0x8a
 424 00db 0C       		.byte	0xc
 425 00dc 08       		.uleb128 0x8
 426 00dd D0000000 		.4byte	.LASF16
 427 00e1 08       		.byte	0x8
 428 00e2 6101     		.2byte	0x161
 429 00e4 11       		.byte	0x11
 430 00e5 8A000000 		.4byte	0x8a
 431 00e9 10       		.byte	0x10
 432 00ea 00       		.byte	0
 433 00eb 0A       		.uleb128 0xa
 434 00ec 5D030000 		.4byte	.LASF17
 435 00f0 08       		.byte	0x8
 436 00f1 6201     		.2byte	0x162
 437 00f3 03       		.byte	0x3
 438 00f4 9B000000 		.4byte	0x9b
 439 00f8 0B       		.uleb128 0xb
 440 00f9 8A000000 		.4byte	0x8a
 441 00fd 08010000 		.4byte	0x108
 442 0101 0C       		.uleb128 0xc
 443 0102 2C000000 		.4byte	0x2c
 444 0106 01       		.byte	0x1
 445 0107 00       		.byte	0
 446 0108 05       		.uleb128 0x5
 447 0109 F8000000 		.4byte	0xf8
 448 010d 07       		.uleb128 0x7
 449 010e 9C       		.byte	0x9c
 450 010f 08       		.byte	0x8
 451 0110 4F02     		.2byte	0x24f
 452 0112 09       		.byte	0x9
 453 0113 39030000 		.4byte	0x339
 454 0117 09       		.uleb128 0x9
 455 0118 435200   		.ascii	"CR\000"
 456 011b 08       		.byte	0x8
ARM GAS  /tmp/ccxnbQVy.s 			page 9


 457 011c 5102     		.2byte	0x251
 458 011e 11       		.byte	0x11
 459 011f 8A000000 		.4byte	0x8a
 460 0123 00       		.byte	0
 461 0124 08       		.uleb128 0x8
 462 0125 1F030000 		.4byte	.LASF18
 463 0129 08       		.byte	0x8
 464 012a 5202     		.2byte	0x252
 465 012c 11       		.byte	0x11
 466 012d 8A000000 		.4byte	0x8a
 467 0131 04       		.byte	0x4
 468 0132 08       		.uleb128 0x8
 469 0133 B4000000 		.4byte	.LASF19
 470 0137 08       		.byte	0x8
 471 0138 5302     		.2byte	0x253
 472 013a 11       		.byte	0x11
 473 013b 8A000000 		.4byte	0x8a
 474 013f 08       		.byte	0x8
 475 0140 08       		.uleb128 0x8
 476 0141 2C000000 		.4byte	.LASF20
 477 0145 08       		.byte	0x8
 478 0146 5402     		.2byte	0x254
 479 0148 11       		.byte	0x11
 480 0149 8A000000 		.4byte	0x8a
 481 014d 0C       		.byte	0xc
 482 014e 08       		.uleb128 0x8
 483 014f 7E030000 		.4byte	.LASF21
 484 0153 08       		.byte	0x8
 485 0154 5502     		.2byte	0x255
 486 0156 11       		.byte	0x11
 487 0157 8A000000 		.4byte	0x8a
 488 015b 10       		.byte	0x10
 489 015c 08       		.uleb128 0x8
 490 015d 7C040000 		.4byte	.LASF22
 491 0161 08       		.byte	0x8
 492 0162 5602     		.2byte	0x256
 493 0164 11       		.byte	0x11
 494 0165 7E000000 		.4byte	0x7e
 495 0169 14       		.byte	0x14
 496 016a 08       		.uleb128 0x8
 497 016b 82000000 		.4byte	.LASF23
 498 016f 08       		.byte	0x8
 499 0170 5702     		.2byte	0x257
 500 0172 11       		.byte	0x11
 501 0173 8A000000 		.4byte	0x8a
 502 0177 18       		.byte	0x18
 503 0178 08       		.uleb128 0x8
 504 0179 E5030000 		.4byte	.LASF24
 505 017d 08       		.byte	0x8
 506 017e 5802     		.2byte	0x258
 507 0180 11       		.byte	0x11
 508 0181 8A000000 		.4byte	0x8a
 509 0185 1C       		.byte	0x1c
 510 0186 08       		.uleb128 0x8
 511 0187 9C000000 		.4byte	.LASF25
 512 018b 08       		.byte	0x8
 513 018c 5902     		.2byte	0x259
ARM GAS  /tmp/ccxnbQVy.s 			page 10


 514 018e 11       		.byte	0x11
 515 018f 8A000000 		.4byte	0x8a
 516 0193 20       		.byte	0x20
 517 0194 08       		.uleb128 0x8
 518 0195 95030000 		.4byte	.LASF26
 519 0199 08       		.byte	0x8
 520 019a 5A02     		.2byte	0x25a
 521 019c 11       		.byte	0x11
 522 019d 7E000000 		.4byte	0x7e
 523 01a1 24       		.byte	0x24
 524 01a2 08       		.uleb128 0x8
 525 01a3 AB000000 		.4byte	.LASF27
 526 01a7 08       		.byte	0x8
 527 01a8 5B02     		.2byte	0x25b
 528 01aa 11       		.byte	0x11
 529 01ab 8A000000 		.4byte	0x8a
 530 01af 28       		.byte	0x28
 531 01b0 08       		.uleb128 0x8
 532 01b1 A3020000 		.4byte	.LASF28
 533 01b5 08       		.byte	0x8
 534 01b6 5C02     		.2byte	0x25c
 535 01b8 11       		.byte	0x11
 536 01b9 8A000000 		.4byte	0x8a
 537 01bd 2C       		.byte	0x2c
 538 01be 08       		.uleb128 0x8
 539 01bf 73040000 		.4byte	.LASF29
 540 01c3 08       		.byte	0x8
 541 01c4 5D02     		.2byte	0x25d
 542 01c6 11       		.byte	0x11
 543 01c7 8A000000 		.4byte	0x8a
 544 01cb 30       		.byte	0x30
 545 01cc 08       		.uleb128 0x8
 546 01cd 9F030000 		.4byte	.LASF30
 547 01d1 08       		.byte	0x8
 548 01d2 5E02     		.2byte	0x25e
 549 01d4 11       		.byte	0x11
 550 01d5 7E000000 		.4byte	0x7e
 551 01d9 34       		.byte	0x34
 552 01da 08       		.uleb128 0x8
 553 01db 34000000 		.4byte	.LASF31
 554 01df 08       		.byte	0x8
 555 01e0 5F02     		.2byte	0x25f
 556 01e2 11       		.byte	0x11
 557 01e3 8A000000 		.4byte	0x8a
 558 01e7 38       		.byte	0x38
 559 01e8 08       		.uleb128 0x8
 560 01e9 3E000000 		.4byte	.LASF32
 561 01ed 08       		.byte	0x8
 562 01ee 6002     		.2byte	0x260
 563 01f0 11       		.byte	0x11
 564 01f1 8A000000 		.4byte	0x8a
 565 01f5 3C       		.byte	0x3c
 566 01f6 08       		.uleb128 0x8
 567 01f7 3F010000 		.4byte	.LASF33
 568 01fb 08       		.byte	0x8
 569 01fc 6102     		.2byte	0x261
 570 01fe 11       		.byte	0x11
ARM GAS  /tmp/ccxnbQVy.s 			page 11


 571 01ff 8A000000 		.4byte	0x8a
 572 0203 40       		.byte	0x40
 573 0204 08       		.uleb128 0x8
 574 0205 A9030000 		.4byte	.LASF34
 575 0209 08       		.byte	0x8
 576 020a 6202     		.2byte	0x262
 577 020c 11       		.byte	0x11
 578 020d 7E000000 		.4byte	0x7e
 579 0211 44       		.byte	0x44
 580 0212 08       		.uleb128 0x8
 581 0213 F8030000 		.4byte	.LASF35
 582 0217 08       		.byte	0x8
 583 0218 6302     		.2byte	0x263
 584 021a 11       		.byte	0x11
 585 021b 8A000000 		.4byte	0x8a
 586 021f 48       		.byte	0x48
 587 0220 08       		.uleb128 0x8
 588 0221 48000000 		.4byte	.LASF36
 589 0225 08       		.byte	0x8
 590 0226 6402     		.2byte	0x264
 591 0228 11       		.byte	0x11
 592 0229 8A000000 		.4byte	0x8a
 593 022d 4C       		.byte	0x4c
 594 022e 08       		.uleb128 0x8
 595 022f EC000000 		.4byte	.LASF37
 596 0233 08       		.byte	0x8
 597 0234 6502     		.2byte	0x265
 598 0236 11       		.byte	0x11
 599 0237 8A000000 		.4byte	0x8a
 600 023b 50       		.byte	0x50
 601 023c 08       		.uleb128 0x8
 602 023d B3030000 		.4byte	.LASF38
 603 0241 08       		.byte	0x8
 604 0242 6602     		.2byte	0x266
 605 0244 11       		.byte	0x11
 606 0245 7E000000 		.4byte	0x7e
 607 0249 54       		.byte	0x54
 608 024a 08       		.uleb128 0x8
 609 024b CC020000 		.4byte	.LASF39
 610 024f 08       		.byte	0x8
 611 0250 6702     		.2byte	0x267
 612 0252 11       		.byte	0x11
 613 0253 8A000000 		.4byte	0x8a
 614 0257 58       		.byte	0x58
 615 0258 08       		.uleb128 0x8
 616 0259 48010000 		.4byte	.LASF40
 617 025d 08       		.byte	0x8
 618 025e 6802     		.2byte	0x268
 619 0260 11       		.byte	0x11
 620 0261 8A000000 		.4byte	0x8a
 621 0265 5C       		.byte	0x5c
 622 0266 08       		.uleb128 0x8
 623 0267 47020000 		.4byte	.LASF41
 624 026b 08       		.byte	0x8
 625 026c 6902     		.2byte	0x269
 626 026e 11       		.byte	0x11
 627 026f 8A000000 		.4byte	0x8a
ARM GAS  /tmp/ccxnbQVy.s 			page 12


 628 0273 60       		.byte	0x60
 629 0274 08       		.uleb128 0x8
 630 0275 BD030000 		.4byte	.LASF42
 631 0279 08       		.byte	0x8
 632 027a 6A02     		.2byte	0x26a
 633 027c 11       		.byte	0x11
 634 027d 7E000000 		.4byte	0x7e
 635 0281 64       		.byte	0x64
 636 0282 08       		.uleb128 0x8
 637 0283 69040000 		.4byte	.LASF43
 638 0287 08       		.byte	0x8
 639 0288 6B02     		.2byte	0x26b
 640 028a 11       		.byte	0x11
 641 028b 8A000000 		.4byte	0x8a
 642 028f 68       		.byte	0x68
 643 0290 08       		.uleb128 0x8
 644 0291 35010000 		.4byte	.LASF44
 645 0295 08       		.byte	0x8
 646 0296 6C02     		.2byte	0x26c
 647 0298 11       		.byte	0x11
 648 0299 8A000000 		.4byte	0x8a
 649 029d 6C       		.byte	0x6c
 650 029e 08       		.uleb128 0x8
 651 029f 5F040000 		.4byte	.LASF45
 652 02a3 08       		.byte	0x8
 653 02a4 6D02     		.2byte	0x26d
 654 02a6 11       		.byte	0x11
 655 02a7 8A000000 		.4byte	0x8a
 656 02ab 70       		.byte	0x70
 657 02ac 08       		.uleb128 0x8
 658 02ad C7030000 		.4byte	.LASF46
 659 02b1 08       		.byte	0x8
 660 02b2 6E02     		.2byte	0x26e
 661 02b4 11       		.byte	0x11
 662 02b5 7E000000 		.4byte	0x7e
 663 02b9 74       		.byte	0x74
 664 02ba 08       		.uleb128 0x8
 665 02bb 8A030000 		.4byte	.LASF47
 666 02bf 08       		.byte	0x8
 667 02c0 6F02     		.2byte	0x26f
 668 02c2 11       		.byte	0x11
 669 02c3 8A000000 		.4byte	0x8a
 670 02c7 78       		.byte	0x78
 671 02c8 08       		.uleb128 0x8
 672 02c9 15010000 		.4byte	.LASF48
 673 02cd 08       		.byte	0x8
 674 02ce 7002     		.2byte	0x270
 675 02d0 11       		.byte	0x11
 676 02d1 8A000000 		.4byte	0x8a
 677 02d5 7C       		.byte	0x7c
 678 02d6 08       		.uleb128 0x8
 679 02d7 2F030000 		.4byte	.LASF49
 680 02db 08       		.byte	0x8
 681 02dc 7102     		.2byte	0x271
 682 02de 11       		.byte	0x11
 683 02df 8A000000 		.4byte	0x8a
 684 02e3 80       		.byte	0x80
ARM GAS  /tmp/ccxnbQVy.s 			page 13


 685 02e4 08       		.uleb128 0x8
 686 02e5 D1030000 		.4byte	.LASF50
 687 02e9 08       		.byte	0x8
 688 02ea 7202     		.2byte	0x272
 689 02ec 11       		.byte	0x11
 690 02ed 7E000000 		.4byte	0x7e
 691 02f1 84       		.byte	0x84
 692 02f2 08       		.uleb128 0x8
 693 02f3 7C000000 		.4byte	.LASF51
 694 02f7 08       		.byte	0x8
 695 02f8 7302     		.2byte	0x273
 696 02fa 11       		.byte	0x11
 697 02fb 8A000000 		.4byte	0x8a
 698 02ff 88       		.byte	0x88
 699 0300 08       		.uleb128 0x8
 700 0301 DB030000 		.4byte	.LASF52
 701 0305 08       		.byte	0x8
 702 0306 7402     		.2byte	0x274
 703 0308 11       		.byte	0x11
 704 0309 7E000000 		.4byte	0x7e
 705 030d 8C       		.byte	0x8c
 706 030e 08       		.uleb128 0x8
 707 030f 66000000 		.4byte	.LASF53
 708 0313 08       		.byte	0x8
 709 0314 7502     		.2byte	0x275
 710 0316 11       		.byte	0x11
 711 0317 8A000000 		.4byte	0x8a
 712 031b 90       		.byte	0x90
 713 031c 09       		.uleb128 0x9
 714 031d 43535200 		.ascii	"CSR\000"
 715 0321 08       		.byte	0x8
 716 0322 7602     		.2byte	0x276
 717 0324 11       		.byte	0x11
 718 0325 8A000000 		.4byte	0x8a
 719 0329 94       		.byte	0x94
 720 032a 08       		.uleb128 0x8
 721 032b 4F020000 		.4byte	.LASF54
 722 032f 08       		.byte	0x8
 723 0330 7702     		.2byte	0x277
 724 0332 11       		.byte	0x11
 725 0333 8A000000 		.4byte	0x8a
 726 0337 98       		.byte	0x98
 727 0338 00       		.byte	0
 728 0339 0A       		.uleb128 0xa
 729 033a 29010000 		.4byte	.LASF55
 730 033e 08       		.byte	0x8
 731 033f 7802     		.2byte	0x278
 732 0341 03       		.byte	0x3
 733 0342 0D010000 		.4byte	0x10d
 734 0346 0B       		.uleb128 0xb
 735 0347 8A000000 		.4byte	0x8a
 736 034b 56030000 		.4byte	0x356
 737 034f 0C       		.uleb128 0xc
 738 0350 2C000000 		.4byte	0x2c
 739 0354 03       		.byte	0x3
 740 0355 00       		.byte	0
 741 0356 05       		.uleb128 0x5
ARM GAS  /tmp/ccxnbQVy.s 			page 14


 742 0357 46030000 		.4byte	0x346
 743 035b 03       		.uleb128 0x3
 744 035c 01       		.byte	0x1
 745 035d 02       		.byte	0x2
 746 035e 6C030000 		.4byte	.LASF56
 747 0362 07       		.uleb128 0x7
 748 0363 60       		.byte	0x60
 749 0364 09       		.byte	0x9
 750 0365 F601     		.2byte	0x1f6
 751 0367 09       		.byte	0x9
 752 0368 83040000 		.4byte	0x483
 753 036c 09       		.uleb128 0x9
 754 036d 43523100 		.ascii	"CR1\000"
 755 0371 09       		.byte	0x9
 756 0372 F701     		.2byte	0x1f7
 757 0374 19       		.byte	0x19
 758 0375 8A000000 		.4byte	0x8a
 759 0379 00       		.byte	0
 760 037a 09       		.uleb128 0x9
 761 037b 43523200 		.ascii	"CR2\000"
 762 037f 09       		.byte	0x9
 763 0380 F801     		.2byte	0x1f8
 764 0382 19       		.byte	0x19
 765 0383 8A000000 		.4byte	0x8a
 766 0387 04       		.byte	0x4
 767 0388 08       		.uleb128 0x8
 768 0389 39020000 		.4byte	.LASF57
 769 038d 09       		.byte	0x9
 770 038e F901     		.2byte	0x1f9
 771 0390 19       		.byte	0x19
 772 0391 8A000000 		.4byte	0x8a
 773 0395 08       		.byte	0x8
 774 0396 08       		.uleb128 0x8
 775 0397 C7020000 		.4byte	.LASF58
 776 039b 09       		.byte	0x9
 777 039c FA01     		.2byte	0x1fa
 778 039e 19       		.byte	0x19
 779 039f 8A000000 		.4byte	0x8a
 780 03a3 0C       		.byte	0xc
 781 03a4 09       		.uleb128 0x9
 782 03a5 535200   		.ascii	"SR\000"
 783 03a8 09       		.byte	0x9
 784 03a9 FB01     		.2byte	0x1fb
 785 03ab 19       		.byte	0x19
 786 03ac 8A000000 		.4byte	0x8a
 787 03b0 10       		.byte	0x10
 788 03b1 09       		.uleb128 0x9
 789 03b2 45475200 		.ascii	"EGR\000"
 790 03b6 09       		.byte	0x9
 791 03b7 FC01     		.2byte	0x1fc
 792 03b9 19       		.byte	0x19
 793 03ba 8A000000 		.4byte	0x8a
 794 03be 14       		.byte	0x14
 795 03bf 08       		.uleb128 0x8
 796 03c0 55000000 		.4byte	.LASF59
 797 03c4 09       		.byte	0x9
 798 03c5 FD01     		.2byte	0x1fd
ARM GAS  /tmp/ccxnbQVy.s 			page 15


 799 03c7 19       		.byte	0x19
 800 03c8 8A000000 		.4byte	0x8a
 801 03cc 18       		.byte	0x18
 802 03cd 08       		.uleb128 0x8
 803 03ce 5B000000 		.4byte	.LASF60
 804 03d2 09       		.byte	0x9
 805 03d3 FE01     		.2byte	0x1fe
 806 03d5 19       		.byte	0x19
 807 03d6 8A000000 		.4byte	0x8a
 808 03da 1C       		.byte	0x1c
 809 03db 08       		.uleb128 0x8
 810 03dc 13000000 		.4byte	.LASF61
 811 03e0 09       		.byte	0x9
 812 03e1 FF01     		.2byte	0x1ff
 813 03e3 19       		.byte	0x19
 814 03e4 8A000000 		.4byte	0x8a
 815 03e8 20       		.byte	0x20
 816 03e9 09       		.uleb128 0x9
 817 03ea 434E5400 		.ascii	"CNT\000"
 818 03ee 09       		.byte	0x9
 819 03ef 0002     		.2byte	0x200
 820 03f1 19       		.byte	0x19
 821 03f2 8A000000 		.4byte	0x8a
 822 03f6 24       		.byte	0x24
 823 03f7 09       		.uleb128 0x9
 824 03f8 50534300 		.ascii	"PSC\000"
 825 03fc 09       		.byte	0x9
 826 03fd 0102     		.2byte	0x201
 827 03ff 19       		.byte	0x19
 828 0400 8A000000 		.4byte	0x8a
 829 0404 28       		.byte	0x28
 830 0405 09       		.uleb128 0x9
 831 0406 41525200 		.ascii	"ARR\000"
 832 040a 09       		.byte	0x9
 833 040b 0202     		.2byte	0x202
 834 040d 19       		.byte	0x19
 835 040e 8A000000 		.4byte	0x8a
 836 0412 2C       		.byte	0x2c
 837 0413 09       		.uleb128 0x9
 838 0414 52435200 		.ascii	"RCR\000"
 839 0418 09       		.byte	0x9
 840 0419 0302     		.2byte	0x203
 841 041b 19       		.byte	0x19
 842 041c 8A000000 		.4byte	0x8a
 843 0420 30       		.byte	0x30
 844 0421 09       		.uleb128 0x9
 845 0422 43435200 		.ascii	"CCR\000"
 846 0426 09       		.byte	0x9
 847 0427 0402     		.2byte	0x204
 848 0429 19       		.byte	0x19
 849 042a 56030000 		.4byte	0x356
 850 042e 34       		.byte	0x34
 851 042f 08       		.uleb128 0x8
 852 0430 45030000 		.4byte	.LASF62
 853 0434 09       		.byte	0x9
 854 0435 0502     		.2byte	0x205
 855 0437 19       		.byte	0x19
ARM GAS  /tmp/ccxnbQVy.s 			page 16


 856 0438 8A000000 		.4byte	0x8a
 857 043c 44       		.byte	0x44
 858 043d 09       		.uleb128 0x9
 859 043e 44435200 		.ascii	"DCR\000"
 860 0442 09       		.byte	0x9
 861 0443 1302     		.2byte	0x213
 862 0445 19       		.byte	0x19
 863 0446 8A000000 		.4byte	0x8a
 864 044a 48       		.byte	0x48
 865 044b 08       		.uleb128 0x8
 866 044c 50000000 		.4byte	.LASF63
 867 0450 09       		.byte	0x9
 868 0451 1402     		.2byte	0x214
 869 0453 19       		.byte	0x19
 870 0454 8A000000 		.4byte	0x8a
 871 0458 4C       		.byte	0x4c
 872 0459 09       		.uleb128 0x9
 873 045a 4F5200   		.ascii	"OR\000"
 874 045d 09       		.byte	0x9
 875 045e 1502     		.2byte	0x215
 876 0460 19       		.byte	0x19
 877 0461 8A000000 		.4byte	0x8a
 878 0465 50       		.byte	0x50
 879 0466 08       		.uleb128 0x8
 880 0467 51010000 		.4byte	.LASF64
 881 046b 09       		.byte	0x9
 882 046c 1602     		.2byte	0x216
 883 046e 19       		.byte	0x19
 884 046f 8A000000 		.4byte	0x8a
 885 0473 54       		.byte	0x54
 886 0474 08       		.uleb128 0x8
 887 0475 61000000 		.4byte	.LASF65
 888 0479 09       		.byte	0x9
 889 047a 1702     		.2byte	0x217
 890 047c 19       		.byte	0x19
 891 047d 08010000 		.4byte	0x108
 892 0481 58       		.byte	0x58
 893 0482 00       		.byte	0
 894 0483 0A       		.uleb128 0xa
 895 0484 39030000 		.4byte	.LASF66
 896 0488 09       		.byte	0x9
 897 0489 1902     		.2byte	0x219
 898 048b 03       		.byte	0x3
 899 048c 62030000 		.4byte	0x362
 900 0490 0D       		.uleb128 0xd
 901 0491 B9000000 		.4byte	.LASF67
 902 0495 01       		.byte	0x1
 903 0496 2002     		.2byte	0x220
 904 0498 06       		.byte	0x6
 905 0499 00000000 		.4byte	.LFB401
 906 049d 2A000000 		.4byte	.LFE401-.LFB401
 907 04a1 01       		.uleb128 0x1
 908 04a2 9C       		.byte	0x9c
 909 04a3 D5050000 		.4byte	0x5d5
 910 04a7 0E       		.uleb128 0xe
 911 04a8 737200   		.ascii	"sr\000"
 912 04ab 01       		.byte	0x1
ARM GAS  /tmp/ccxnbQVy.s 			page 17


 913 04ac 2202     		.2byte	0x222
 914 04ae 0C       		.byte	0xc
 915 04af 7E000000 		.4byte	0x7e
 916 04b3 04000000 		.4byte	.LLST0
 917 04b7 00000000 		.4byte	.LVUS0
 918 04bb 0F       		.uleb128 0xf
 919 04bc 25030000 		.4byte	.LASF81
 920 04c0 01       		.byte	0x1
 921 04c1 2302     		.2byte	0x223
 922 04c3 10       		.byte	0x10
 923 04c4 D5050000 		.4byte	0x5d5
 924 04c8 00000040 		.4byte	0x40000000
 925 04cc 10       		.uleb128 0x10
 926 04cd 25060000 		.4byte	0x625
 927 04d1 18000000 		.4byte	.LBI52
 928 04d5 01       		.byte	.LVU59
 929 04d6 00000000 		.4byte	.Ldebug_ranges0+0
 930 04da 01       		.byte	0x1
 931 04db 2C02     		.2byte	0x22c
 932 04dd 05       		.byte	0x5
 933 04de 40050000 		.4byte	0x540
 934 04e2 11       		.uleb128 0x11
 935 04e3 39060000 		.4byte	0x639
 936 04e7 18000000 		.4byte	.LBI53
 937 04eb 03       		.byte	.LVU61
 938 04ec 08000000 		.4byte	.Ldebug_ranges0+0x8
 939 04f0 02       		.byte	0x2
 940 04f1 5502     		.2byte	0x255
 941 04f3 03       		.byte	0x3
 942 04f4 11       		.uleb128 0x11
 943 04f5 4D060000 		.4byte	0x64d
 944 04f9 18000000 		.4byte	.LBI54
 945 04fd 05       		.byte	.LVU63
 946 04fe 10000000 		.4byte	.Ldebug_ranges0+0x10
 947 0502 03       		.byte	0x3
 948 0503 C501     		.2byte	0x1c5
 949 0505 03       		.byte	0x3
 950 0506 11       		.uleb128 0x11
 951 0507 61060000 		.4byte	0x661
 952 050b 18000000 		.4byte	.LBI55
 953 050f 07       		.byte	.LVU65
 954 0510 18000000 		.4byte	.Ldebug_ranges0+0x18
 955 0514 04       		.byte	0x4
 956 0515 4F03     		.2byte	0x34f
 957 0517 03       		.byte	0x3
 958 0518 12       		.uleb128 0x12
 959 0519 6B060000 		.4byte	0x66b
 960 051d 18000000 		.4byte	.LBI56
 961 0521 09       		.byte	.LVU67
 962 0522 18000000 		.4byte	.LBB56
 963 0526 06000000 		.4byte	.LBE56-.LBB56
 964 052a 04       		.byte	0x4
 965 052b 2E03     		.2byte	0x32e
 966 052d 03       		.byte	0x3
 967 052e 13       		.uleb128 0x13
 968 052f 79060000 		.4byte	0x679
 969 0533 29000000 		.4byte	.LLST1
ARM GAS  /tmp/ccxnbQVy.s 			page 18


 970 0537 27000000 		.4byte	.LVUS1
 971 053b 00       		.byte	0
 972 053c 00       		.byte	0
 973 053d 00       		.byte	0
 974 053e 00       		.byte	0
 975 053f 00       		.byte	0
 976 0540 14       		.uleb128 0x14
 977 0541 11060000 		.4byte	0x611
 978 0545 1E000000 		.4byte	.LBI68
 979 0549 04       		.byte	.LVU73
 980 054a 1E000000 		.4byte	.LBB68
 981 054e 04000000 		.4byte	.LBE68-.LBB68
 982 0552 01       		.byte	0x1
 983 0553 2D02     		.2byte	0x22d
 984 0555 05       		.byte	0x5
 985 0556 64050000 		.4byte	0x564
 986 055a 15       		.uleb128 0x15
 987 055b 22000000 		.4byte	.LVL6
 988 055f 87060000 		.4byte	0x687
 989 0563 00       		.byte	0
 990 0564 11       		.uleb128 0x11
 991 0565 1B060000 		.4byte	0x61b
 992 0569 22000000 		.4byte	.LBI70
 993 056d 01       		.byte	.LVU76
 994 056e 30000000 		.4byte	.Ldebug_ranges0+0x30
 995 0572 01       		.byte	0x1
 996 0573 2E02     		.2byte	0x22e
 997 0575 05       		.byte	0x5
 998 0576 11       		.uleb128 0x11
 999 0577 2F060000 		.4byte	0x62f
 1000 057b 22000000 		.4byte	.LBI72
 1001 057f 03       		.byte	.LVU78
 1002 0580 58000000 		.4byte	.Ldebug_ranges0+0x58
 1003 0584 02       		.byte	0x2
 1004 0585 6002     		.2byte	0x260
 1005 0587 03       		.byte	0x3
 1006 0588 11       		.uleb128 0x11
 1007 0589 43060000 		.4byte	0x643
 1008 058d 22000000 		.4byte	.LBI73
 1009 0591 07       		.byte	.LVU82
 1010 0592 80000000 		.4byte	.Ldebug_ranges0+0x80
 1011 0596 03       		.byte	0x3
 1012 0597 DD01     		.2byte	0x1dd
 1013 0599 03       		.byte	0x3
 1014 059a 11       		.uleb128 0x11
 1015 059b 57060000 		.4byte	0x657
 1016 059f 22000000 		.4byte	.LBI74
 1017 05a3 09       		.byte	.LVU84
 1018 05a4 A0000000 		.4byte	.Ldebug_ranges0+0xa0
 1019 05a8 04       		.byte	0x4
 1020 05a9 5A03     		.2byte	0x35a
 1021 05ab 03       		.byte	0x3
 1022 05ac 12       		.uleb128 0x12
 1023 05ad 6B060000 		.4byte	0x66b
 1024 05b1 22000000 		.4byte	.LBI75
 1025 05b5 0B       		.byte	.LVU86
 1026 05b6 22000000 		.4byte	.LBB75
ARM GAS  /tmp/ccxnbQVy.s 			page 19


 1027 05ba 06000000 		.4byte	.LBE75-.LBB75
 1028 05be 04       		.byte	0x4
 1029 05bf 4103     		.2byte	0x341
 1030 05c1 03       		.byte	0x3
 1031 05c2 13       		.uleb128 0x13
 1032 05c3 79060000 		.4byte	0x679
 1033 05c7 40000000 		.4byte	.LLST2
 1034 05cb 3E000000 		.4byte	.LVUS2
 1035 05cf 00       		.byte	0
 1036 05d0 00       		.byte	0
 1037 05d1 00       		.byte	0
 1038 05d2 00       		.byte	0
 1039 05d3 00       		.byte	0
 1040 05d4 00       		.byte	0
 1041 05d5 16       		.uleb128 0x16
 1042 05d6 04       		.byte	0x4
 1043 05d7 83040000 		.4byte	0x483
 1044 05db 0D       		.uleb128 0xd
 1045 05dc 53040000 		.4byte	.LASF68
 1046 05e0 01       		.byte	0x1
 1047 05e1 E701     		.2byte	0x1e7
 1048 05e3 06       		.byte	0x6
 1049 05e4 00000000 		.4byte	.LFB400
 1050 05e8 4C000000 		.4byte	.LFE400-.LFB400
 1051 05ec 01       		.uleb128 0x1
 1052 05ed 9C       		.byte	0x9c
 1053 05ee FC050000 		.4byte	0x5fc
 1054 05f2 17       		.uleb128 0x17
 1055 05f3 3E020000 		.4byte	.LASF82
 1056 05f7 0C060000 		.4byte	0x60c
 1057 05fb 00       		.byte	0
 1058 05fc 0B       		.uleb128 0xb
 1059 05fd 96000000 		.4byte	0x96
 1060 0601 0C060000 		.4byte	0x60c
 1061 0605 0C       		.uleb128 0xc
 1062 0606 2C000000 		.4byte	0x2c
 1063 060a 0B       		.byte	0xb
 1064 060b 00       		.byte	0
 1065 060c 06       		.uleb128 0x6
 1066 060d FC050000 		.4byte	0x5fc
 1067 0611 18       		.uleb128 0x18
 1068 0612 18000000 		.4byte	.LASF69
 1069 0616 02       		.byte	0x2
 1070 0617 9902     		.2byte	0x299
 1071 0619 14       		.byte	0x14
 1072 061a 03       		.byte	0x3
 1073 061b 18       		.uleb128 0x18
 1074 061c 24020000 		.4byte	.LASF70
 1075 0620 02       		.byte	0x2
 1076 0621 5E02     		.2byte	0x25e
 1077 0623 14       		.byte	0x14
 1078 0624 03       		.byte	0x3
 1079 0625 18       		.uleb128 0x18
 1080 0626 4A030000 		.4byte	.LASF71
 1081 062a 02       		.byte	0x2
 1082 062b 5302     		.2byte	0x253
 1083 062d 14       		.byte	0x14
ARM GAS  /tmp/ccxnbQVy.s 			page 20


 1084 062e 03       		.byte	0x3
 1085 062f 18       		.uleb128 0x18
 1086 0630 F4000000 		.4byte	.LASF72
 1087 0634 03       		.byte	0x3
 1088 0635 D901     		.2byte	0x1d9
 1089 0637 14       		.byte	0x14
 1090 0638 03       		.byte	0x3
 1091 0639 18       		.uleb128 0x18
 1092 063a 6B000000 		.4byte	.LASF73
 1093 063e 03       		.byte	0x3
 1094 063f C301     		.2byte	0x1c3
 1095 0641 14       		.byte	0x14
 1096 0642 03       		.byte	0x3
 1097 0643 18       		.uleb128 0x18
 1098 0644 78020000 		.4byte	.LASF74
 1099 0648 04       		.byte	0x4
 1100 0649 5803     		.2byte	0x358
 1101 064b 1B       		.byte	0x1b
 1102 064c 03       		.byte	0x3
 1103 064d 18       		.uleb128 0x18
 1104 064e 00000000 		.4byte	.LASF75
 1105 0652 04       		.byte	0x4
 1106 0653 4D03     		.2byte	0x34d
 1107 0655 1B       		.byte	0x1b
 1108 0656 03       		.byte	0x3
 1109 0657 18       		.uleb128 0x18
 1110 0658 72030000 		.4byte	.LASF76
 1111 065c 04       		.byte	0x4
 1112 065d 3E03     		.2byte	0x33e
 1113 065f 1B       		.byte	0x1b
 1114 0660 03       		.byte	0x3
 1115 0661 18       		.uleb128 0x18
 1116 0662 87000000 		.4byte	.LASF77
 1117 0666 04       		.byte	0x4
 1118 0667 2603     		.2byte	0x326
 1119 0669 1B       		.byte	0x1b
 1120 066a 03       		.byte	0x3
 1121 066b 19       		.uleb128 0x19
 1122 066c EA030000 		.4byte	.LASF83
 1123 0670 05       		.byte	0x5
 1124 0671 EB01     		.2byte	0x1eb
 1125 0673 1B       		.byte	0x1b
 1126 0674 03       		.byte	0x3
 1127 0675 87060000 		.4byte	0x687
 1128 0679 1A       		.uleb128 0x1a
 1129 067a 17030000 		.4byte	.LASF84
 1130 067e 05       		.byte	0x5
 1131 067f EB01     		.2byte	0x1eb
 1132 0681 32       		.byte	0x32
 1133 0682 7E000000 		.4byte	0x7e
 1134 0686 00       		.byte	0
 1135 0687 1B       		.uleb128 0x1b
 1136 0688 40040000 		.4byte	.LASF85
 1137 068c 40040000 		.4byte	.LASF85
 1138 0690 03       		.byte	0x3
 1139 0691 5101     		.2byte	0x151
 1140 0693 08       		.byte	0x8
ARM GAS  /tmp/ccxnbQVy.s 			page 21


 1141 0694 00       		.byte	0
 1142              		.section	.debug_abbrev,"",%progbits
 1143              	.Ldebug_abbrev0:
 1144 0000 01       		.uleb128 0x1
 1145 0001 11       		.uleb128 0x11
 1146 0002 01       		.byte	0x1
 1147 0003 25       		.uleb128 0x25
 1148 0004 0E       		.uleb128 0xe
 1149 0005 13       		.uleb128 0x13
 1150 0006 0B       		.uleb128 0xb
 1151 0007 03       		.uleb128 0x3
 1152 0008 0E       		.uleb128 0xe
 1153 0009 1B       		.uleb128 0x1b
 1154 000a 0E       		.uleb128 0xe
 1155 000b 55       		.uleb128 0x55
 1156 000c 17       		.uleb128 0x17
 1157 000d 11       		.uleb128 0x11
 1158 000e 01       		.uleb128 0x1
 1159 000f 10       		.uleb128 0x10
 1160 0010 17       		.uleb128 0x17
 1161 0011 00       		.byte	0
 1162 0012 00       		.byte	0
 1163 0013 02       		.uleb128 0x2
 1164 0014 24       		.uleb128 0x24
 1165 0015 00       		.byte	0
 1166 0016 0B       		.uleb128 0xb
 1167 0017 0B       		.uleb128 0xb
 1168 0018 3E       		.uleb128 0x3e
 1169 0019 0B       		.uleb128 0xb
 1170 001a 03       		.uleb128 0x3
 1171 001b 08       		.uleb128 0x8
 1172 001c 00       		.byte	0
 1173 001d 00       		.byte	0
 1174 001e 03       		.uleb128 0x3
 1175 001f 24       		.uleb128 0x24
 1176 0020 00       		.byte	0
 1177 0021 0B       		.uleb128 0xb
 1178 0022 0B       		.uleb128 0xb
 1179 0023 3E       		.uleb128 0x3e
 1180 0024 0B       		.uleb128 0xb
 1181 0025 03       		.uleb128 0x3
 1182 0026 0E       		.uleb128 0xe
 1183 0027 00       		.byte	0
 1184 0028 00       		.byte	0
 1185 0029 04       		.uleb128 0x4
 1186 002a 16       		.uleb128 0x16
 1187 002b 00       		.byte	0
 1188 002c 03       		.uleb128 0x3
 1189 002d 0E       		.uleb128 0xe
 1190 002e 3A       		.uleb128 0x3a
 1191 002f 0B       		.uleb128 0xb
 1192 0030 3B       		.uleb128 0x3b
 1193 0031 0B       		.uleb128 0xb
 1194 0032 39       		.uleb128 0x39
 1195 0033 0B       		.uleb128 0xb
 1196 0034 49       		.uleb128 0x49
 1197 0035 13       		.uleb128 0x13
ARM GAS  /tmp/ccxnbQVy.s 			page 22


 1198 0036 00       		.byte	0
 1199 0037 00       		.byte	0
 1200 0038 05       		.uleb128 0x5
 1201 0039 35       		.uleb128 0x35
 1202 003a 00       		.byte	0
 1203 003b 49       		.uleb128 0x49
 1204 003c 13       		.uleb128 0x13
 1205 003d 00       		.byte	0
 1206 003e 00       		.byte	0
 1207 003f 06       		.uleb128 0x6
 1208 0040 26       		.uleb128 0x26
 1209 0041 00       		.byte	0
 1210 0042 49       		.uleb128 0x49
 1211 0043 13       		.uleb128 0x13
 1212 0044 00       		.byte	0
 1213 0045 00       		.byte	0
 1214 0046 07       		.uleb128 0x7
 1215 0047 13       		.uleb128 0x13
 1216 0048 01       		.byte	0x1
 1217 0049 0B       		.uleb128 0xb
 1218 004a 0B       		.uleb128 0xb
 1219 004b 3A       		.uleb128 0x3a
 1220 004c 0B       		.uleb128 0xb
 1221 004d 3B       		.uleb128 0x3b
 1222 004e 05       		.uleb128 0x5
 1223 004f 39       		.uleb128 0x39
 1224 0050 0B       		.uleb128 0xb
 1225 0051 01       		.uleb128 0x1
 1226 0052 13       		.uleb128 0x13
 1227 0053 00       		.byte	0
 1228 0054 00       		.byte	0
 1229 0055 08       		.uleb128 0x8
 1230 0056 0D       		.uleb128 0xd
 1231 0057 00       		.byte	0
 1232 0058 03       		.uleb128 0x3
 1233 0059 0E       		.uleb128 0xe
 1234 005a 3A       		.uleb128 0x3a
 1235 005b 0B       		.uleb128 0xb
 1236 005c 3B       		.uleb128 0x3b
 1237 005d 05       		.uleb128 0x5
 1238 005e 39       		.uleb128 0x39
 1239 005f 0B       		.uleb128 0xb
 1240 0060 49       		.uleb128 0x49
 1241 0061 13       		.uleb128 0x13
 1242 0062 38       		.uleb128 0x38
 1243 0063 0B       		.uleb128 0xb
 1244 0064 00       		.byte	0
 1245 0065 00       		.byte	0
 1246 0066 09       		.uleb128 0x9
 1247 0067 0D       		.uleb128 0xd
 1248 0068 00       		.byte	0
 1249 0069 03       		.uleb128 0x3
 1250 006a 08       		.uleb128 0x8
 1251 006b 3A       		.uleb128 0x3a
 1252 006c 0B       		.uleb128 0xb
 1253 006d 3B       		.uleb128 0x3b
 1254 006e 05       		.uleb128 0x5
ARM GAS  /tmp/ccxnbQVy.s 			page 23


 1255 006f 39       		.uleb128 0x39
 1256 0070 0B       		.uleb128 0xb
 1257 0071 49       		.uleb128 0x49
 1258 0072 13       		.uleb128 0x13
 1259 0073 38       		.uleb128 0x38
 1260 0074 0B       		.uleb128 0xb
 1261 0075 00       		.byte	0
 1262 0076 00       		.byte	0
 1263 0077 0A       		.uleb128 0xa
 1264 0078 16       		.uleb128 0x16
 1265 0079 00       		.byte	0
 1266 007a 03       		.uleb128 0x3
 1267 007b 0E       		.uleb128 0xe
 1268 007c 3A       		.uleb128 0x3a
 1269 007d 0B       		.uleb128 0xb
 1270 007e 3B       		.uleb128 0x3b
 1271 007f 05       		.uleb128 0x5
 1272 0080 39       		.uleb128 0x39
 1273 0081 0B       		.uleb128 0xb
 1274 0082 49       		.uleb128 0x49
 1275 0083 13       		.uleb128 0x13
 1276 0084 00       		.byte	0
 1277 0085 00       		.byte	0
 1278 0086 0B       		.uleb128 0xb
 1279 0087 01       		.uleb128 0x1
 1280 0088 01       		.byte	0x1
 1281 0089 49       		.uleb128 0x49
 1282 008a 13       		.uleb128 0x13
 1283 008b 01       		.uleb128 0x1
 1284 008c 13       		.uleb128 0x13
 1285 008d 00       		.byte	0
 1286 008e 00       		.byte	0
 1287 008f 0C       		.uleb128 0xc
 1288 0090 21       		.uleb128 0x21
 1289 0091 00       		.byte	0
 1290 0092 49       		.uleb128 0x49
 1291 0093 13       		.uleb128 0x13
 1292 0094 2F       		.uleb128 0x2f
 1293 0095 0B       		.uleb128 0xb
 1294 0096 00       		.byte	0
 1295 0097 00       		.byte	0
 1296 0098 0D       		.uleb128 0xd
 1297 0099 2E       		.uleb128 0x2e
 1298 009a 01       		.byte	0x1
 1299 009b 3F       		.uleb128 0x3f
 1300 009c 19       		.uleb128 0x19
 1301 009d 03       		.uleb128 0x3
 1302 009e 0E       		.uleb128 0xe
 1303 009f 3A       		.uleb128 0x3a
 1304 00a0 0B       		.uleb128 0xb
 1305 00a1 3B       		.uleb128 0x3b
 1306 00a2 05       		.uleb128 0x5
 1307 00a3 39       		.uleb128 0x39
 1308 00a4 0B       		.uleb128 0xb
 1309 00a5 27       		.uleb128 0x27
 1310 00a6 19       		.uleb128 0x19
 1311 00a7 11       		.uleb128 0x11
ARM GAS  /tmp/ccxnbQVy.s 			page 24


 1312 00a8 01       		.uleb128 0x1
 1313 00a9 12       		.uleb128 0x12
 1314 00aa 06       		.uleb128 0x6
 1315 00ab 40       		.uleb128 0x40
 1316 00ac 18       		.uleb128 0x18
 1317 00ad 9742     		.uleb128 0x2117
 1318 00af 19       		.uleb128 0x19
 1319 00b0 01       		.uleb128 0x1
 1320 00b1 13       		.uleb128 0x13
 1321 00b2 00       		.byte	0
 1322 00b3 00       		.byte	0
 1323 00b4 0E       		.uleb128 0xe
 1324 00b5 34       		.uleb128 0x34
 1325 00b6 00       		.byte	0
 1326 00b7 03       		.uleb128 0x3
 1327 00b8 08       		.uleb128 0x8
 1328 00b9 3A       		.uleb128 0x3a
 1329 00ba 0B       		.uleb128 0xb
 1330 00bb 3B       		.uleb128 0x3b
 1331 00bc 05       		.uleb128 0x5
 1332 00bd 39       		.uleb128 0x39
 1333 00be 0B       		.uleb128 0xb
 1334 00bf 49       		.uleb128 0x49
 1335 00c0 13       		.uleb128 0x13
 1336 00c1 02       		.uleb128 0x2
 1337 00c2 17       		.uleb128 0x17
 1338 00c3 B742     		.uleb128 0x2137
 1339 00c5 17       		.uleb128 0x17
 1340 00c6 00       		.byte	0
 1341 00c7 00       		.byte	0
 1342 00c8 0F       		.uleb128 0xf
 1343 00c9 34       		.uleb128 0x34
 1344 00ca 00       		.byte	0
 1345 00cb 03       		.uleb128 0x3
 1346 00cc 0E       		.uleb128 0xe
 1347 00cd 3A       		.uleb128 0x3a
 1348 00ce 0B       		.uleb128 0xb
 1349 00cf 3B       		.uleb128 0x3b
 1350 00d0 05       		.uleb128 0x5
 1351 00d1 39       		.uleb128 0x39
 1352 00d2 0B       		.uleb128 0xb
 1353 00d3 49       		.uleb128 0x49
 1354 00d4 13       		.uleb128 0x13
 1355 00d5 1C       		.uleb128 0x1c
 1356 00d6 06       		.uleb128 0x6
 1357 00d7 00       		.byte	0
 1358 00d8 00       		.byte	0
 1359 00d9 10       		.uleb128 0x10
 1360 00da 1D       		.uleb128 0x1d
 1361 00db 01       		.byte	0x1
 1362 00dc 31       		.uleb128 0x31
 1363 00dd 13       		.uleb128 0x13
 1364 00de 52       		.uleb128 0x52
 1365 00df 01       		.uleb128 0x1
 1366 00e0 B842     		.uleb128 0x2138
 1367 00e2 0B       		.uleb128 0xb
 1368 00e3 55       		.uleb128 0x55
ARM GAS  /tmp/ccxnbQVy.s 			page 25


 1369 00e4 17       		.uleb128 0x17
 1370 00e5 58       		.uleb128 0x58
 1371 00e6 0B       		.uleb128 0xb
 1372 00e7 59       		.uleb128 0x59
 1373 00e8 05       		.uleb128 0x5
 1374 00e9 57       		.uleb128 0x57
 1375 00ea 0B       		.uleb128 0xb
 1376 00eb 01       		.uleb128 0x1
 1377 00ec 13       		.uleb128 0x13
 1378 00ed 00       		.byte	0
 1379 00ee 00       		.byte	0
 1380 00ef 11       		.uleb128 0x11
 1381 00f0 1D       		.uleb128 0x1d
 1382 00f1 01       		.byte	0x1
 1383 00f2 31       		.uleb128 0x31
 1384 00f3 13       		.uleb128 0x13
 1385 00f4 52       		.uleb128 0x52
 1386 00f5 01       		.uleb128 0x1
 1387 00f6 B842     		.uleb128 0x2138
 1388 00f8 0B       		.uleb128 0xb
 1389 00f9 55       		.uleb128 0x55
 1390 00fa 17       		.uleb128 0x17
 1391 00fb 58       		.uleb128 0x58
 1392 00fc 0B       		.uleb128 0xb
 1393 00fd 59       		.uleb128 0x59
 1394 00fe 05       		.uleb128 0x5
 1395 00ff 57       		.uleb128 0x57
 1396 0100 0B       		.uleb128 0xb
 1397 0101 00       		.byte	0
 1398 0102 00       		.byte	0
 1399 0103 12       		.uleb128 0x12
 1400 0104 1D       		.uleb128 0x1d
 1401 0105 01       		.byte	0x1
 1402 0106 31       		.uleb128 0x31
 1403 0107 13       		.uleb128 0x13
 1404 0108 52       		.uleb128 0x52
 1405 0109 01       		.uleb128 0x1
 1406 010a B842     		.uleb128 0x2138
 1407 010c 0B       		.uleb128 0xb
 1408 010d 11       		.uleb128 0x11
 1409 010e 01       		.uleb128 0x1
 1410 010f 12       		.uleb128 0x12
 1411 0110 06       		.uleb128 0x6
 1412 0111 58       		.uleb128 0x58
 1413 0112 0B       		.uleb128 0xb
 1414 0113 59       		.uleb128 0x59
 1415 0114 05       		.uleb128 0x5
 1416 0115 57       		.uleb128 0x57
 1417 0116 0B       		.uleb128 0xb
 1418 0117 00       		.byte	0
 1419 0118 00       		.byte	0
 1420 0119 13       		.uleb128 0x13
 1421 011a 05       		.uleb128 0x5
 1422 011b 00       		.byte	0
 1423 011c 31       		.uleb128 0x31
 1424 011d 13       		.uleb128 0x13
 1425 011e 02       		.uleb128 0x2
ARM GAS  /tmp/ccxnbQVy.s 			page 26


 1426 011f 17       		.uleb128 0x17
 1427 0120 B742     		.uleb128 0x2137
 1428 0122 17       		.uleb128 0x17
 1429 0123 00       		.byte	0
 1430 0124 00       		.byte	0
 1431 0125 14       		.uleb128 0x14
 1432 0126 1D       		.uleb128 0x1d
 1433 0127 01       		.byte	0x1
 1434 0128 31       		.uleb128 0x31
 1435 0129 13       		.uleb128 0x13
 1436 012a 52       		.uleb128 0x52
 1437 012b 01       		.uleb128 0x1
 1438 012c B842     		.uleb128 0x2138
 1439 012e 0B       		.uleb128 0xb
 1440 012f 11       		.uleb128 0x11
 1441 0130 01       		.uleb128 0x1
 1442 0131 12       		.uleb128 0x12
 1443 0132 06       		.uleb128 0x6
 1444 0133 58       		.uleb128 0x58
 1445 0134 0B       		.uleb128 0xb
 1446 0135 59       		.uleb128 0x59
 1447 0136 05       		.uleb128 0x5
 1448 0137 57       		.uleb128 0x57
 1449 0138 0B       		.uleb128 0xb
 1450 0139 01       		.uleb128 0x1
 1451 013a 13       		.uleb128 0x13
 1452 013b 00       		.byte	0
 1453 013c 00       		.byte	0
 1454 013d 15       		.uleb128 0x15
 1455 013e 898201   		.uleb128 0x4109
 1456 0141 00       		.byte	0
 1457 0142 11       		.uleb128 0x11
 1458 0143 01       		.uleb128 0x1
 1459 0144 31       		.uleb128 0x31
 1460 0145 13       		.uleb128 0x13
 1461 0146 00       		.byte	0
 1462 0147 00       		.byte	0
 1463 0148 16       		.uleb128 0x16
 1464 0149 0F       		.uleb128 0xf
 1465 014a 00       		.byte	0
 1466 014b 0B       		.uleb128 0xb
 1467 014c 0B       		.uleb128 0xb
 1468 014d 49       		.uleb128 0x49
 1469 014e 13       		.uleb128 0x13
 1470 014f 00       		.byte	0
 1471 0150 00       		.byte	0
 1472 0151 17       		.uleb128 0x17
 1473 0152 34       		.uleb128 0x34
 1474 0153 00       		.byte	0
 1475 0154 03       		.uleb128 0x3
 1476 0155 0E       		.uleb128 0xe
 1477 0156 49       		.uleb128 0x49
 1478 0157 13       		.uleb128 0x13
 1479 0158 34       		.uleb128 0x34
 1480 0159 19       		.uleb128 0x19
 1481 015a 00       		.byte	0
 1482 015b 00       		.byte	0
ARM GAS  /tmp/ccxnbQVy.s 			page 27


 1483 015c 18       		.uleb128 0x18
 1484 015d 2E       		.uleb128 0x2e
 1485 015e 00       		.byte	0
 1486 015f 03       		.uleb128 0x3
 1487 0160 0E       		.uleb128 0xe
 1488 0161 3A       		.uleb128 0x3a
 1489 0162 0B       		.uleb128 0xb
 1490 0163 3B       		.uleb128 0x3b
 1491 0164 05       		.uleb128 0x5
 1492 0165 39       		.uleb128 0x39
 1493 0166 0B       		.uleb128 0xb
 1494 0167 27       		.uleb128 0x27
 1495 0168 19       		.uleb128 0x19
 1496 0169 20       		.uleb128 0x20
 1497 016a 0B       		.uleb128 0xb
 1498 016b 00       		.byte	0
 1499 016c 00       		.byte	0
 1500 016d 19       		.uleb128 0x19
 1501 016e 2E       		.uleb128 0x2e
 1502 016f 01       		.byte	0x1
 1503 0170 03       		.uleb128 0x3
 1504 0171 0E       		.uleb128 0xe
 1505 0172 3A       		.uleb128 0x3a
 1506 0173 0B       		.uleb128 0xb
 1507 0174 3B       		.uleb128 0x3b
 1508 0175 05       		.uleb128 0x5
 1509 0176 39       		.uleb128 0x39
 1510 0177 0B       		.uleb128 0xb
 1511 0178 27       		.uleb128 0x27
 1512 0179 19       		.uleb128 0x19
 1513 017a 20       		.uleb128 0x20
 1514 017b 0B       		.uleb128 0xb
 1515 017c 01       		.uleb128 0x1
 1516 017d 13       		.uleb128 0x13
 1517 017e 00       		.byte	0
 1518 017f 00       		.byte	0
 1519 0180 1A       		.uleb128 0x1a
 1520 0181 05       		.uleb128 0x5
 1521 0182 00       		.byte	0
 1522 0183 03       		.uleb128 0x3
 1523 0184 0E       		.uleb128 0xe
 1524 0185 3A       		.uleb128 0x3a
 1525 0186 0B       		.uleb128 0xb
 1526 0187 3B       		.uleb128 0x3b
 1527 0188 05       		.uleb128 0x5
 1528 0189 39       		.uleb128 0x39
 1529 018a 0B       		.uleb128 0xb
 1530 018b 49       		.uleb128 0x49
 1531 018c 13       		.uleb128 0x13
 1532 018d 00       		.byte	0
 1533 018e 00       		.byte	0
 1534 018f 1B       		.uleb128 0x1b
 1535 0190 2E       		.uleb128 0x2e
 1536 0191 00       		.byte	0
 1537 0192 3F       		.uleb128 0x3f
 1538 0193 19       		.uleb128 0x19
 1539 0194 3C       		.uleb128 0x3c
ARM GAS  /tmp/ccxnbQVy.s 			page 28


 1540 0195 19       		.uleb128 0x19
 1541 0196 6E       		.uleb128 0x6e
 1542 0197 0E       		.uleb128 0xe
 1543 0198 03       		.uleb128 0x3
 1544 0199 0E       		.uleb128 0xe
 1545 019a 3A       		.uleb128 0x3a
 1546 019b 0B       		.uleb128 0xb
 1547 019c 3B       		.uleb128 0x3b
 1548 019d 05       		.uleb128 0x5
 1549 019e 39       		.uleb128 0x39
 1550 019f 0B       		.uleb128 0xb
 1551 01a0 00       		.byte	0
 1552 01a1 00       		.byte	0
 1553 01a2 00       		.byte	0
 1554              		.section	.debug_loc,"",%progbits
 1555              	.Ldebug_loc0:
 1556              	.LVUS0:
 1557 0000 00       		.uleb128 .LVU48
 1558 0001 00       		.uleb128 .LVU50
 1559 0002 00       		.uleb128 .LVU50
 1560 0003 00       		.uleb128 .LVU54
 1561              	.LLST0:
 1562 0004 08000000 		.4byte	.LVL1
 1563 0008 0C000000 		.4byte	.LVL2
 1564 000c 0100     		.2byte	0x1
 1565 000e 51       		.byte	0x51
 1566 000f 0C000000 		.4byte	.LVL2
 1567 0013 12000000 		.4byte	.LVL3
 1568 0017 0600     		.2byte	0x6
 1569 0019 73       		.byte	0x73
 1570 001a 00       		.sleb128 0
 1571 001b 08       		.byte	0x8
 1572 001c FF       		.byte	0xff
 1573 001d 1A       		.byte	0x1a
 1574 001e 9F       		.byte	0x9f
 1575 001f 00000000 		.4byte	0
 1576 0023 00000000 		.4byte	0
 1577              	.LVUS1:
 1578 0027 09       		.uleb128 .LVU67
 1579 0028 00       		.uleb128 .LVU69
 1580              	.LLST1:
 1581 0029 18000000 		.4byte	.LVL4
 1582 002d 1E000000 		.4byte	.LVL5
 1583 0031 0300     		.2byte	0x3
 1584 0033 08       		.byte	0x8
 1585 0034 30       		.byte	0x30
 1586 0035 9F       		.byte	0x9f
 1587 0036 00000000 		.4byte	0
 1588 003a 00000000 		.4byte	0
 1589              	.LVUS2:
 1590 003e 0B       		.uleb128 .LVU86
 1591 003f 00       		.uleb128 .LVU88
 1592              	.LLST2:
 1593 0040 22000000 		.4byte	.LVL6
 1594 0044 28000000 		.4byte	.LVL7
 1595 0048 0200     		.2byte	0x2
 1596 004a 30       		.byte	0x30
ARM GAS  /tmp/ccxnbQVy.s 			page 29


 1597 004b 9F       		.byte	0x9f
 1598 004c 00000000 		.4byte	0
 1599 0050 00000000 		.4byte	0
 1600              		.section	.debug_aranges,"",%progbits
 1601 0000 24000000 		.4byte	0x24
 1602 0004 0200     		.2byte	0x2
 1603 0006 00000000 		.4byte	.Ldebug_info0
 1604 000a 04       		.byte	0x4
 1605 000b 00       		.byte	0
 1606 000c 0000     		.2byte	0
 1607 000e 0000     		.2byte	0
 1608 0010 00000000 		.4byte	.LFB400
 1609 0014 4C000000 		.4byte	.LFE400-.LFB400
 1610 0018 00000000 		.4byte	.LFB401
 1611 001c 2A000000 		.4byte	.LFE401-.LFB401
 1612 0020 00000000 		.4byte	0
 1613 0024 00000000 		.4byte	0
 1614              		.section	.debug_ranges,"",%progbits
 1615              	.Ldebug_ranges0:
 1616 0000 18000000 		.4byte	.LBB52
 1617 0004 18000000 		.4byte	.LBE52
 1618 0008 18000000 		.4byte	.LBB64
 1619 000c 18000000 		.4byte	.LBE64
 1620 0010 18000000 		.4byte	.LBB65
 1621 0014 18000000 		.4byte	.LBE65
 1622 0018 18000000 		.4byte	.LBB66
 1623 001c 18000000 		.4byte	.LBE66
 1624 0020 18000000 		.4byte	.LBB67
 1625 0024 1E000000 		.4byte	.LBE67
 1626 0028 00000000 		.4byte	0
 1627 002c 00000000 		.4byte	0
 1628 0030 22000000 		.4byte	.LBB70
 1629 0034 22000000 		.4byte	.LBE70
 1630 0038 22000000 		.4byte	.LBB86
 1631 003c 22000000 		.4byte	.LBE86
 1632 0040 22000000 		.4byte	.LBB87
 1633 0044 22000000 		.4byte	.LBE87
 1634 0048 22000000 		.4byte	.LBB88
 1635 004c 28000000 		.4byte	.LBE88
 1636 0050 00000000 		.4byte	0
 1637 0054 00000000 		.4byte	0
 1638 0058 22000000 		.4byte	.LBB72
 1639 005c 22000000 		.4byte	.LBE72
 1640 0060 22000000 		.4byte	.LBB80
 1641 0064 22000000 		.4byte	.LBE80
 1642 0068 22000000 		.4byte	.LBB81
 1643 006c 22000000 		.4byte	.LBE81
 1644 0070 22000000 		.4byte	.LBB82
 1645 0074 28000000 		.4byte	.LBE82
 1646 0078 00000000 		.4byte	0
 1647 007c 00000000 		.4byte	0
 1648 0080 22000000 		.4byte	.LBB73
 1649 0084 22000000 		.4byte	.LBE73
 1650 0088 22000000 		.4byte	.LBB78
 1651 008c 22000000 		.4byte	.LBE78
 1652 0090 22000000 		.4byte	.LBB79
 1653 0094 28000000 		.4byte	.LBE79
ARM GAS  /tmp/ccxnbQVy.s 			page 30


 1654 0098 00000000 		.4byte	0
 1655 009c 00000000 		.4byte	0
 1656 00a0 22000000 		.4byte	.LBB74
 1657 00a4 22000000 		.4byte	.LBE74
 1658 00a8 22000000 		.4byte	.LBB77
 1659 00ac 28000000 		.4byte	.LBE77
 1660 00b0 00000000 		.4byte	0
 1661 00b4 00000000 		.4byte	0
 1662 00b8 00000000 		.4byte	.LFB400
 1663 00bc 4C000000 		.4byte	.LFE400
 1664 00c0 00000000 		.4byte	.LFB401
 1665 00c4 2A000000 		.4byte	.LFE401
 1666 00c8 00000000 		.4byte	0
 1667 00cc 00000000 		.4byte	0
 1668              		.section	.debug_line,"",%progbits
 1669              	.Ldebug_line0:
 1670 0000 BA030000 		.section	.debug_str,"MS",%progbits,1
 1670      03003C02 
 1670      00000201 
 1670      FB0E0D00 
 1670      01010101 
 1671              	.LASF75:
 1672 0000 706F7274 		.ascii	"port_lock_from_isr\000"
 1672      5F6C6F63 
 1672      6B5F6672 
 1672      6F6D5F69 
 1672      737200
 1673              	.LASF61:
 1674 0013 43434552 		.ascii	"CCER\000"
 1674      00
 1675              	.LASF69:
 1676 0018 6F73616C 		.ascii	"osalOsTimerHandlerI\000"
 1676      4F735469 
 1676      6D657248 
 1676      616E646C 
 1676      65724900 
 1677              	.LASF20:
 1678 002c 504C4C43 		.ascii	"PLLCFGR\000"
 1678      46475200 
 1679              	.LASF31:
 1680 0034 41504231 		.ascii	"APB1RSTR1\000"
 1680      52535452 
 1680      3100
 1681              	.LASF32:
 1682 003e 41504231 		.ascii	"APB1RSTR2\000"
 1682      52535452 
 1682      3200
 1683              	.LASF36:
 1684 0048 41484232 		.ascii	"AHB2ENR\000"
 1684      454E5200 
 1685              	.LASF63:
 1686 0050 444D4152 		.ascii	"DMAR\000"
 1686      00
 1687              	.LASF59:
 1688 0055 43434D52 		.ascii	"CCMR1\000"
 1688      3100
 1689              	.LASF60:
ARM GAS  /tmp/ccxnbQVy.s 			page 31


 1690 005b 43434D52 		.ascii	"CCMR2\000"
 1690      3200
 1691              	.LASF65:
 1692 0061 43435852 		.ascii	"CCXR\000"
 1692      00
 1693              	.LASF53:
 1694 0066 42444352 		.ascii	"BDCR\000"
 1694      00
 1695              	.LASF73:
 1696 006b 63685379 		.ascii	"chSysLockFromISR\000"
 1696      734C6F63 
 1696      6B46726F 
 1696      6D495352 
 1696      00
 1697              	.LASF51:
 1698 007c 43434950 		.ascii	"CCIPR\000"
 1698      5200
 1699              	.LASF23:
 1700 0082 43494552 		.ascii	"CIER\000"
 1700      00
 1701              	.LASF77:
 1702 0087 706F7274 		.ascii	"port_lock\000"
 1702      5F6C6F63 
 1702      6B00
 1703              	.LASF10:
 1704 0091 5F5F7569 		.ascii	"__uint32_t\000"
 1704      6E743332 
 1704      5F7400
 1705              	.LASF25:
 1706 009c 43494352 		.ascii	"CICR\000"
 1706      00
 1707              	.LASF5:
 1708 00a1 73686F72 		.ascii	"short int\000"
 1708      7420696E 
 1708      7400
 1709              	.LASF27:
 1710 00ab 41484231 		.ascii	"AHB1RSTR\000"
 1710      52535452 
 1710      00
 1711              	.LASF19:
 1712 00b4 43464752 		.ascii	"CFGR\000"
 1712      00
 1713              	.LASF67:
 1714 00b9 73745F6C 		.ascii	"st_lld_serve_interrupt\000"
 1714      6C645F73 
 1714      65727665 
 1714      5F696E74 
 1714      65727275 
 1715              	.LASF16:
 1716 00d0 41504232 		.ascii	"APB2FZ\000"
 1716      465A00
 1717              	.LASF11:
 1718 00d7 75696E74 		.ascii	"uint32_t\000"
 1718      33325F74 
 1718      00
 1719              	.LASF2:
 1720 00e0 6C6F6E67 		.ascii	"long double\000"
ARM GAS  /tmp/ccxnbQVy.s 			page 32


 1720      20646F75 
 1720      626C6500 
 1721              	.LASF37:
 1722 00ec 41484233 		.ascii	"AHB3ENR\000"
 1722      454E5200 
 1723              	.LASF72:
 1724 00f4 63685379 		.ascii	"chSysUnlockFromISR\000"
 1724      73556E6C 
 1724      6F636B46 
 1724      726F6D49 
 1724      535200
 1725              	.LASF1:
 1726 0107 6C6F6E67 		.ascii	"long long int\000"
 1726      206C6F6E 
 1726      6720696E 
 1726      7400
 1727              	.LASF48:
 1728 0115 41504231 		.ascii	"APB1SMENR2\000"
 1728      534D454E 
 1728      523200
 1729              	.LASF7:
 1730 0120 6C6F6E67 		.ascii	"long int\000"
 1730      20696E74 
 1730      00
 1731              	.LASF55:
 1732 0129 5243435F 		.ascii	"RCC_TypeDef\000"
 1732      54797065 
 1732      44656600 
 1733              	.LASF44:
 1734 0135 41484232 		.ascii	"AHB2SMENR\000"
 1734      534D454E 
 1734      5200
 1735              	.LASF33:
 1736 013f 41504232 		.ascii	"APB2RSTR\000"
 1736      52535452 
 1736      00
 1737              	.LASF40:
 1738 0148 41504231 		.ascii	"APB1ENR2\000"
 1738      454E5232 
 1738      00
 1739              	.LASF64:
 1740 0151 43434D52 		.ascii	"CCMR3\000"
 1740      3300
 1741              	.LASF78:
 1742 0157 474E5520 		.ascii	"GNU C17 10.3.1 20210621 (release) -mcpu=cortex-m4 -"
 1742      43313720 
 1742      31302E33 
 1742      2E312032 
 1742      30323130 
 1743 018a 6D746875 		.ascii	"mthumb -mfloat-abi=soft -march=armv7e-m -ggdb -O2 -"
 1743      6D62202D 
 1743      6D666C6F 
 1743      61742D61 
 1743      62693D73 
 1744 01bd 666F6D69 		.ascii	"fomit-frame-pointer -falign-functions=16 -ffunction"
 1744      742D6672 
 1744      616D652D 
ARM GAS  /tmp/ccxnbQVy.s 			page 33


 1744      706F696E 
 1744      74657220 
 1745 01f0 2D736563 		.ascii	"-sections -fdata-sections -fno-common\000"
 1745      74696F6E 
 1745      73202D66 
 1745      64617461 
 1745      2D736563 
 1746              	.LASF4:
 1747 0216 756E7369 		.ascii	"unsigned char\000"
 1747      676E6564 
 1747      20636861 
 1747      7200
 1748              	.LASF70:
 1749 0224 6F73616C 		.ascii	"osalSysUnlockFromISR\000"
 1749      53797355 
 1749      6E6C6F63 
 1749      6B46726F 
 1749      6D495352 
 1750              	.LASF57:
 1751 0239 534D4352 		.ascii	"SMCR\000"
 1751      00
 1752              	.LASF82:
 1753 023e 5F5F6675 		.ascii	"__func__\000"
 1753      6E635F5F 
 1753      00
 1754              	.LASF41:
 1755 0247 41504232 		.ascii	"APB2ENR\000"
 1755      454E5200 
 1756              	.LASF54:
 1757 024f 43525243 		.ascii	"CRRCR\000"
 1757      5200
 1758              	.LASF3:
 1759 0255 7369676E 		.ascii	"signed char\000"
 1759      65642063 
 1759      68617200 
 1760              	.LASF9:
 1761 0261 6C6F6E67 		.ascii	"long long unsigned int\000"
 1761      206C6F6E 
 1761      6720756E 
 1761      7369676E 
 1761      65642069 
 1762              	.LASF74:
 1763 0278 706F7274 		.ascii	"port_unlock_from_isr\000"
 1763      5F756E6C 
 1763      6F636B5F 
 1763      66726F6D 
 1763      5F697372 
 1764              	.LASF14:
 1765 028d 41504231 		.ascii	"APB1FZR1\000"
 1765      465A5231 
 1765      00
 1766              	.LASF0:
 1767 0296 756E7369 		.ascii	"unsigned int\000"
 1767      676E6564 
 1767      20696E74 
 1767      00
 1768              	.LASF28:
ARM GAS  /tmp/ccxnbQVy.s 			page 34


 1769 02a3 41484232 		.ascii	"AHB2RSTR\000"
 1769      52535452 
 1769      00
 1770              	.LASF15:
 1771 02ac 41504231 		.ascii	"APB1FZR2\000"
 1771      465A5232 
 1771      00
 1772              	.LASF8:
 1773 02b5 6C6F6E67 		.ascii	"long unsigned int\000"
 1773      20756E73 
 1773      69676E65 
 1773      6420696E 
 1773      7400
 1774              	.LASF58:
 1775 02c7 44494552 		.ascii	"DIER\000"
 1775      00
 1776              	.LASF39:
 1777 02cc 41504231 		.ascii	"APB1ENR1\000"
 1777      454E5231 
 1777      00
 1778              	.LASF80:
 1779 02d5 2F686F6D 		.ascii	"/home/bhimebau/forge/analog_in_out/application\000"
 1779      652F6268 
 1779      696D6562 
 1779      61752F66 
 1779      6F726765 
 1780              	.LASF6:
 1781 0304 73686F72 		.ascii	"short unsigned int\000"
 1781      7420756E 
 1781      7369676E 
 1781      65642069 
 1781      6E7400
 1782              	.LASF84:
 1783 0317 62617365 		.ascii	"basePri\000"
 1783      50726900 
 1784              	.LASF18:
 1785 031f 49435343 		.ascii	"ICSCR\000"
 1785      5200
 1786              	.LASF81:
 1787 0325 74696D70 		.ascii	"timp\000"
 1787      00
 1788              	.LASF12:
 1789 032a 63686172 		.ascii	"char\000"
 1789      00
 1790              	.LASF49:
 1791 032f 41504232 		.ascii	"APB2SMENR\000"
 1791      534D454E 
 1791      5200
 1792              	.LASF66:
 1793 0339 73746D33 		.ascii	"stm32_tim_t\000"
 1793      325F7469 
 1793      6D5F7400 
 1794              	.LASF62:
 1795 0345 42445452 		.ascii	"BDTR\000"
 1795      00
 1796              	.LASF71:
 1797 034a 6F73616C 		.ascii	"osalSysLockFromISR\000"
ARM GAS  /tmp/ccxnbQVy.s 			page 35


 1797      5379734C 
 1797      6F636B46 
 1797      726F6D49 
 1797      535200
 1798              	.LASF17:
 1799 035d 4442474D 		.ascii	"DBGMCU_TypeDef\000"
 1799      43555F54 
 1799      79706544 
 1799      656600
 1800              	.LASF56:
 1801 036c 5F426F6F 		.ascii	"_Bool\000"
 1801      6C00
 1802              	.LASF76:
 1803 0372 706F7274 		.ascii	"port_unlock\000"
 1803      5F756E6C 
 1803      6F636B00 
 1804              	.LASF21:
 1805 037e 504C4C53 		.ascii	"PLLSAI1CFGR\000"
 1805      41493143 
 1805      46475200 
 1806              	.LASF47:
 1807 038a 41504231 		.ascii	"APB1SMENR1\000"
 1807      534D454E 
 1807      523100
 1808              	.LASF26:
 1809 0395 52455345 		.ascii	"RESERVED0\000"
 1809      52564544 
 1809      3000
 1810              	.LASF30:
 1811 039f 52455345 		.ascii	"RESERVED1\000"
 1811      52564544 
 1811      3100
 1812              	.LASF34:
 1813 03a9 52455345 		.ascii	"RESERVED2\000"
 1813      52564544 
 1813      3200
 1814              	.LASF38:
 1815 03b3 52455345 		.ascii	"RESERVED3\000"
 1815      52564544 
 1815      3300
 1816              	.LASF42:
 1817 03bd 52455345 		.ascii	"RESERVED4\000"
 1817      52564544 
 1817      3400
 1818              	.LASF46:
 1819 03c7 52455345 		.ascii	"RESERVED5\000"
 1819      52564544 
 1819      3500
 1820              	.LASF50:
 1821 03d1 52455345 		.ascii	"RESERVED6\000"
 1821      52564544 
 1821      3600
 1822              	.LASF52:
 1823 03db 52455345 		.ascii	"RESERVED7\000"
 1823      52564544 
 1823      3700
 1824              	.LASF24:
ARM GAS  /tmp/ccxnbQVy.s 			page 36


 1825 03e5 43494652 		.ascii	"CIFR\000"
 1825      00
 1826              	.LASF83:
 1827 03ea 5F5F7365 		.ascii	"__set_BASEPRI\000"
 1827      745F4241 
 1827      53455052 
 1827      4900
 1828              	.LASF35:
 1829 03f8 41484231 		.ascii	"AHB1ENR\000"
 1829      454E5200 
 1830              	.LASF13:
 1831 0400 4944434F 		.ascii	"IDCODE\000"
 1831      444500
 1832              	.LASF79:
 1833 0407 2E2E2F43 		.ascii	"../ChibiOS/os/hal/ports/STM32/LLD/SYSTICKv1/hal_st_"
 1833      68696269 
 1833      4F532F6F 
 1833      732F6861 
 1833      6C2F706F 
 1834 043a 6C6C642E 		.ascii	"lld.c\000"
 1834      6300
 1835              	.LASF85:
 1836 0440 63685379 		.ascii	"chSysTimerHandlerI\000"
 1836      7354696D 
 1836      65724861 
 1836      6E646C65 
 1836      724900
 1837              	.LASF68:
 1838 0453 73745F6C 		.ascii	"st_lld_init\000"
 1838      6C645F69 
 1838      6E697400 
 1839              	.LASF45:
 1840 045f 41484233 		.ascii	"AHB3SMENR\000"
 1840      534D454E 
 1840      5200
 1841              	.LASF43:
 1842 0469 41484231 		.ascii	"AHB1SMENR\000"
 1842      534D454E 
 1842      5200
 1843              	.LASF29:
 1844 0473 41484233 		.ascii	"AHB3RSTR\000"
 1844      52535452 
 1844      00
 1845              	.LASF22:
 1846 047c 52455345 		.ascii	"RESERVED\000"
 1846      52564544 
 1846      00
 1847              		.ident	"GCC: (GNU Arm Embedded Toolchain 10.3-2021.07) 10.3.1 20210621 (release)"
ARM GAS  /tmp/ccxnbQVy.s 			page 37


DEFINED SYMBOLS
                            *ABS*:0000000000000000 hal_st_lld.c
     /tmp/ccxnbQVy.s:16     .text.st_lld_init:0000000000000000 $t
     /tmp/ccxnbQVy.s:25     .text.st_lld_init:0000000000000000 st_lld_init
     /tmp/ccxnbQVy.s:108    .text.st_lld_init:0000000000000044 $d
     /tmp/ccxnbQVy.s:114    .text.st_lld_serve_interrupt:0000000000000000 $t
     /tmp/ccxnbQVy.s:122    .text.st_lld_serve_interrupt:0000000000000000 st_lld_serve_interrupt

UNDEFINED SYMBOLS
chSysTimerHandlerI
