ARM GAS  /tmp/ccjBV4kI.s 			page 1


   1              		.cpu cortex-m4
   2              		.eabi_attribute 20, 1
   3              		.eabi_attribute 21, 1
   4              		.eabi_attribute 23, 3
   5              		.eabi_attribute 24, 1
   6              		.eabi_attribute 25, 1
   7              		.eabi_attribute 26, 1
   8              		.eabi_attribute 30, 2
   9              		.eabi_attribute 34, 1
  10              		.eabi_attribute 18, 4
  11              		.file	"hal_flash.c"
  12              		.text
  13              	.Ltext0:
  14              		.cfi_sections	.debug_frame
  15              		.global	__aeabi_uldivmod
  16              		.global	__aeabi_ldivmod
  17              		.section	.text.flashWaitErase,"ax",%progbits
  18              		.align	1
  19              		.p2align 4,,15
  20              		.global	flashWaitErase
  21              		.arch armv7e-m
  22              		.syntax unified
  23              		.thumb
  24              		.thumb_func
  25              		.fpu softvfp
  26              		.type	flashWaitErase, %function
  27              	flashWaitErase:
  28              	.LVL0:
  29              	.LFB400:
  30              		.file 1 "../ChibiOS/os/hal/src/hal_flash.c"
  31              		.loc 1 59 47 view -0
  32              		.cfi_startproc
  33              		@ args = 0, pretend = 0, frame = 8
  34              		@ frame_needed = 0, uses_anonymous_args = 0
  35              		.loc 1 59 47 is_stmt 0 view .LVU1
  36 0000 F0B5     		push	{r4, r5, r6, r7, lr}
  37              		.cfi_def_cfa_offset 20
  38              		.cfi_offset 4, -20
  39              		.cfi_offset 5, -16
  40              		.cfi_offset 6, -12
  41              		.cfi_offset 7, -8
  42              		.cfi_offset 14, -4
  43 0002 0446     		mov	r4, r0
  44 0004 83B0     		sub	sp, sp, #12
  45              		.cfi_def_cfa_offset 32
  46              	.LBB5:
  47              		.loc 1 72 5 view .LVU2
  48 0006 42F21076 		movw	r6, #10000
  49 000a 40F2E735 		movw	r5, #999
  50 000e 0027     		movs	r7, #0
  51 0010 09E0     		b	.L3
  52              	.LVL1:
  53              	.L7:
  54              		.loc 1 72 5 view .LVU3
  55 0012 DDF804C0 		ldr	ip, [sp, #4]
  56 0016 2846     		mov	r0, r5
  57              	.LVL2:
ARM GAS  /tmp/ccjBV4kI.s 			page 2


  58              		.loc 1 72 5 view .LVU4
  59 0018 3946     		mov	r1, r7
  60 001a ECFB0601 		umlal	r0, r1, ip, r6
  61 001e FFF7FEFF 		bl	__aeabi_uldivmod
  62              	.LVL3:
  63              	.LBB6:
  64              	.LBB7:
  65              		.file 2 "../ChibiOS/os/hal/osal/rt-nil/osal.h"
  66              		.loc 2 784 3 view .LVU5
  67 0022 FFF7FEFF 		bl	chThdSleep
  68              	.LVL4:
  69              		.loc 2 784 3 view .LVU6
  70              	.LBE7:
  71              	.LBE6:
  72              	.LBE5:
  73              		.loc 1 61 9 is_stmt 1 view .LVU7
  74              	.L3:
  75              		.loc 1 61 3 view .LVU8
  76              	.LBB10:
  77              		.loc 1 62 5 view .LVU9
  78              		.loc 1 63 5 view .LVU10
  79              		.loc 1 66 5 view .LVU11
  80              		.loc 1 66 11 is_stmt 0 view .LVU12
  81 0026 2368     		ldr	r3, [r4]
  82 0028 01A9     		add	r1, sp, #4
  83 002a 9B69     		ldr	r3, [r3, #24]
  84 002c 2046     		mov	r0, r4
  85 002e 9847     		blx	r3
  86              	.LVL5:
  87              		.loc 1 72 5 is_stmt 1 view .LVU13
  88              	.LBB9:
  89              	.LBI6:
  90              		.loc 2 782 20 view .LVU14
  91              	.LBB8:
  92              		.loc 2 784 3 view .LVU15
  93              		.loc 2 784 3 is_stmt 0 view .LVU16
  94              	.LBE8:
  95              	.LBE9:
  96              		.loc 1 67 5 is_stmt 1 view .LVU17
  97              		.loc 1 67 8 is_stmt 0 view .LVU18
  98 0030 0128     		cmp	r0, #1
  99              		.loc 1 72 5 view .LVU19
 100 0032 4FF47A72 		mov	r2, #1000
 101 0036 4FF00003 		mov	r3, #0
 102              		.loc 1 67 8 view .LVU20
 103 003a EAD0     		beq	.L7
 104              	.LBE10:
 105              		.loc 1 74 1 view .LVU21
 106 003c 03B0     		add	sp, sp, #12
 107              		.cfi_def_cfa_offset 20
 108              		@ sp needed
 109 003e F0BD     		pop	{r4, r5, r6, r7, pc}
 110              		.loc 1 74 1 view .LVU22
 111              		.cfi_endproc
 112              	.LFE400:
 113              		.size	flashWaitErase, .-flashWaitErase
 114              		.section	.text.flashGetSectorOffset,"ax",%progbits
ARM GAS  /tmp/ccjBV4kI.s 			page 3


 115              		.align	1
 116              		.p2align 4,,15
 117              		.global	flashGetSectorOffset
 118              		.syntax unified
 119              		.thumb
 120              		.thumb_func
 121              		.fpu softvfp
 122              		.type	flashGetSectorOffset, %function
 123              	flashGetSectorOffset:
 124              	.LVL6:
 125              	.LFB401:
 126              		.loc 1 85 60 is_stmt 1 view -0
 127              		.cfi_startproc
 128              		@ args = 0, pretend = 0, frame = 0
 129              		@ frame_needed = 0, uses_anonymous_args = 0
 130              		.loc 1 86 3 view .LVU24
 131              		.loc 1 87 3 view .LVU25
 132              		.loc 1 87 42 is_stmt 0 view .LVU26
 133 0000 0368     		ldr	r3, [r0]
 134              		.loc 1 85 60 view .LVU27
 135 0002 10B5     		push	{r4, lr}
 136              		.cfi_def_cfa_offset 8
 137              		.cfi_offset 4, -8
 138              		.cfi_offset 14, -4
 139              		.loc 1 87 42 view .LVU28
 140 0004 5B68     		ldr	r3, [r3, #4]
 141              		.loc 1 85 60 view .LVU29
 142 0006 0C46     		mov	r4, r1
 143              		.loc 1 87 42 view .LVU30
 144 0008 9847     		blx	r3
 145              	.LVL7:
 146              		.loc 1 89 3 is_stmt 1 view .LVU31
 147              		.loc 1 89 3 view .LVU32
 148              		.loc 1 89 3 view .LVU33
 149              		.loc 1 91 3 view .LVU34
 150              		.loc 1 91 17 is_stmt 0 view .LVU35
 151 000a C368     		ldr	r3, [r0, #12]
 152              		.loc 1 91 6 view .LVU36
 153 000c 13B1     		cbz	r3, .L9
 154              		.loc 1 92 5 is_stmt 1 view .LVU37
 155              		.loc 1 92 12 is_stmt 0 view .LVU38
 156 000e 53F83400 		ldr	r0, [r3, r4, lsl #3]
 157              	.LVL8:
 158              		.loc 1 99 1 view .LVU39
 159 0012 10BD     		pop	{r4, pc}
 160              	.LVL9:
 161              	.L9:
 162              		.loc 1 95 5 is_stmt 1 view .LVU40
 163              		.loc 1 95 12 is_stmt 0 view .LVU41
 164 0014 0069     		ldr	r0, [r0, #16]
 165              	.LVL10:
 166              		.loc 1 95 12 view .LVU42
 167 0016 04FB00F0 		mul	r0, r4, r0
 168              	.LVL11:
 169              		.loc 1 98 3 is_stmt 1 view .LVU43
 170              		.loc 1 99 1 is_stmt 0 view .LVU44
 171 001a 10BD     		pop	{r4, pc}
ARM GAS  /tmp/ccjBV4kI.s 			page 4


 172              		.loc 1 99 1 view .LVU45
 173              		.cfi_endproc
 174              	.LFE401:
 175              		.size	flashGetSectorOffset, .-flashGetSectorOffset
 176              		.section	.text.flashGetSectorSize,"ax",%progbits
 177              		.align	1
 178              		.p2align 4,,15
 179              		.global	flashGetSectorSize
 180              		.syntax unified
 181              		.thumb
 182              		.thumb_func
 183              		.fpu softvfp
 184              		.type	flashGetSectorSize, %function
 185              	flashGetSectorSize:
 186              	.LVL12:
 187              	.LFB402:
 188              		.loc 1 110 52 is_stmt 1 view -0
 189              		.cfi_startproc
 190              		@ args = 0, pretend = 0, frame = 0
 191              		@ frame_needed = 0, uses_anonymous_args = 0
 192              		.loc 1 111 3 view .LVU47
 193              		.loc 1 112 3 view .LVU48
 194              		.loc 1 112 42 is_stmt 0 view .LVU49
 195 0000 0368     		ldr	r3, [r0]
 196              		.loc 1 110 52 view .LVU50
 197 0002 10B5     		push	{r4, lr}
 198              		.cfi_def_cfa_offset 8
 199              		.cfi_offset 4, -8
 200              		.cfi_offset 14, -4
 201              		.loc 1 112 42 view .LVU51
 202 0004 5B68     		ldr	r3, [r3, #4]
 203              		.loc 1 110 52 view .LVU52
 204 0006 0C46     		mov	r4, r1
 205              		.loc 1 112 42 view .LVU53
 206 0008 9847     		blx	r3
 207              	.LVL13:
 208              		.loc 1 114 3 is_stmt 1 view .LVU54
 209              		.loc 1 114 3 view .LVU55
 210              		.loc 1 114 3 view .LVU56
 211              		.loc 1 116 3 view .LVU57
 212              		.loc 1 116 17 is_stmt 0 view .LVU58
 213 000a C368     		ldr	r3, [r0, #12]
 214              		.loc 1 116 6 view .LVU59
 215 000c 1BB1     		cbz	r3, .L13
 216              		.loc 1 117 5 is_stmt 1 view .LVU60
 217              		.loc 1 117 10 is_stmt 0 view .LVU61
 218 000e 03EBC403 		add	r3, r3, r4, lsl #3
 219 0012 5868     		ldr	r0, [r3, #4]
 220              	.LVL14:
 221              		.loc 1 124 1 view .LVU62
 222 0014 10BD     		pop	{r4, pc}
 223              	.LVL15:
 224              	.L13:
 225              		.loc 1 120 5 is_stmt 1 view .LVU63
 226              		.loc 1 120 10 is_stmt 0 view .LVU64
 227 0016 0069     		ldr	r0, [r0, #16]
 228              	.LVL16:
ARM GAS  /tmp/ccjBV4kI.s 			page 5


 229              		.loc 1 123 3 is_stmt 1 view .LVU65
 230              		.loc 1 124 1 is_stmt 0 view .LVU66
 231 0018 10BD     		pop	{r4, pc}
 232              		.loc 1 124 1 view .LVU67
 233              		.cfi_endproc
 234              	.LFE402:
 235              		.size	flashGetSectorSize, .-flashGetSectorSize
 236 001a 00BF     		.text
 237              	.Letext0:
 238              		.file 3 "/opt/gcc-arm-none-eabi/gcc-arm-none-eabi-10.3-2021.07/lib/gcc/arm-none-eabi/10.3.1/includ
 239              		.file 4 "/opt/gcc-arm-none-eabi/gcc-arm-none-eabi-10.3-2021.07/arm-none-eabi/include/machine/_defa
 240              		.file 5 "/opt/gcc-arm-none-eabi/gcc-arm-none-eabi-10.3-2021.07/arm-none-eabi/include/sys/_stdint.h
 241              		.file 6 "../ChibiOS/os/rt/include/chtime.h"
 242              		.file 7 "../ChibiOS/os/hal/include/hal_flash.h"
 243              		.file 8 "../ChibiOS/os/rt/include/chthreads.h"
 244              		.section	.debug_info,"",%progbits
 245              	.Ldebug_info0:
 246 0000 BA050000 		.4byte	0x5ba
 247 0004 0400     		.2byte	0x4
 248 0006 00000000 		.4byte	.Ldebug_abbrev0
 249 000a 04       		.byte	0x4
 250 000b 01       		.uleb128 0x1
 251 000c B0010000 		.4byte	.LASF66
 252 0010 0C       		.byte	0xc
 253 0011 6A010000 		.4byte	.LASF67
 254 0015 0C030000 		.4byte	.LASF68
 255 0019 30000000 		.4byte	.Ldebug_ranges0+0x30
 256 001d 00000000 		.4byte	0
 257 0021 00000000 		.4byte	.Ldebug_line0
 258 0025 02       		.uleb128 0x2
 259 0026 08       		.byte	0x8
 260 0027 07       		.byte	0x7
 261 0028 2E010000 		.4byte	.LASF0
 262 002c 02       		.uleb128 0x2
 263 002d 04       		.byte	0x4
 264 002e 07       		.byte	0x7
 265 002f BC020000 		.4byte	.LASF1
 266 0033 03       		.uleb128 0x3
 267 0034 04       		.byte	0x4
 268 0035 05       		.byte	0x5
 269 0036 696E7400 		.ascii	"int\000"
 270 003a 04       		.uleb128 0x4
 271 003b 79000000 		.4byte	.LASF5
 272 003f 03       		.byte	0x3
 273 0040 D1       		.byte	0xd1
 274 0041 17       		.byte	0x17
 275 0042 2C000000 		.4byte	0x2c
 276 0046 02       		.uleb128 0x2
 277 0047 08       		.byte	0x8
 278 0048 05       		.byte	0x5
 279 0049 20010000 		.4byte	.LASF2
 280 004d 02       		.uleb128 0x2
 281 004e 08       		.byte	0x8
 282 004f 04       		.byte	0x4
 283 0050 F5000000 		.4byte	.LASF3
 284 0054 02       		.uleb128 0x2
 285 0055 01       		.byte	0x1
ARM GAS  /tmp/ccjBV4kI.s 			page 6


 286 0056 06       		.byte	0x6
 287 0057 93020000 		.4byte	.LASF4
 288 005b 04       		.uleb128 0x4
 289 005c 8C010000 		.4byte	.LASF6
 290 0060 04       		.byte	0x4
 291 0061 2B       		.byte	0x2b
 292 0062 18       		.byte	0x18
 293 0063 67000000 		.4byte	0x67
 294 0067 02       		.uleb128 0x2
 295 0068 01       		.byte	0x1
 296 0069 08       		.byte	0x8
 297 006a 6F020000 		.4byte	.LASF7
 298 006e 02       		.uleb128 0x2
 299 006f 02       		.byte	0x2
 300 0070 05       		.byte	0x5
 301 0071 6F000000 		.4byte	.LASF8
 302 0075 02       		.uleb128 0x2
 303 0076 02       		.byte	0x2
 304 0077 07       		.byte	0x7
 305 0078 4C030000 		.4byte	.LASF9
 306 007c 02       		.uleb128 0x2
 307 007d 04       		.byte	0x4
 308 007e 05       		.byte	0x5
 309 007f 61010000 		.4byte	.LASF10
 310 0083 04       		.uleb128 0x4
 311 0084 93000000 		.4byte	.LASF11
 312 0088 04       		.byte	0x4
 313 0089 4F       		.byte	0x4f
 314 008a 19       		.byte	0x19
 315 008b 8F000000 		.4byte	0x8f
 316 008f 02       		.uleb128 0x2
 317 0090 04       		.byte	0x4
 318 0091 07       		.byte	0x7
 319 0092 D0030000 		.4byte	.LASF12
 320 0096 04       		.uleb128 0x4
 321 0097 B8030000 		.4byte	.LASF13
 322 009b 04       		.byte	0x4
 323 009c 69       		.byte	0x69
 324 009d 19       		.byte	0x19
 325 009e 25000000 		.4byte	0x25
 326 00a2 04       		.uleb128 0x4
 327 00a3 CF000000 		.4byte	.LASF14
 328 00a7 05       		.byte	0x5
 329 00a8 18       		.byte	0x18
 330 00a9 13       		.byte	0x13
 331 00aa 5B000000 		.4byte	0x5b
 332 00ae 05       		.uleb128 0x5
 333 00af A2000000 		.4byte	0xa2
 334 00b3 04       		.uleb128 0x4
 335 00b4 00000000 		.4byte	.LASF15
 336 00b8 05       		.byte	0x5
 337 00b9 30       		.byte	0x30
 338 00ba 14       		.byte	0x14
 339 00bb 83000000 		.4byte	0x83
 340 00bf 04       		.uleb128 0x4
 341 00c0 57000000 		.4byte	.LASF16
 342 00c4 05       		.byte	0x5
ARM GAS  /tmp/ccjBV4kI.s 			page 7


 343 00c5 3C       		.byte	0x3c
 344 00c6 14       		.byte	0x14
 345 00c7 96000000 		.4byte	0x96
 346 00cb 02       		.uleb128 0x2
 347 00cc 01       		.byte	0x1
 348 00cd 08       		.byte	0x8
 349 00ce 85030000 		.4byte	.LASF17
 350 00d2 05       		.uleb128 0x5
 351 00d3 CB000000 		.4byte	0xcb
 352 00d7 04       		.uleb128 0x4
 353 00d8 AA030000 		.4byte	.LASF18
 354 00dc 06       		.byte	0x6
 355 00dd 79       		.byte	0x79
 356 00de 12       		.byte	0x12
 357 00df B3000000 		.4byte	0xb3
 358 00e3 04       		.uleb128 0x4
 359 00e4 23040000 		.4byte	.LASF19
 360 00e8 06       		.byte	0x6
 361 00e9 9B       		.byte	0x9b
 362 00ea 12       		.byte	0x12
 363 00eb BF000000 		.4byte	0xbf
 364 00ef 06       		.uleb128 0x6
 365 00f0 04       		.byte	0x4
 366 00f1 02       		.uleb128 0x2
 367 00f2 01       		.byte	0x1
 368 00f3 02       		.byte	0x2
 369 00f4 A4030000 		.4byte	.LASF20
 370 00f8 07       		.uleb128 0x7
 371 00f9 04       		.byte	0x4
 372 00fa A2000000 		.4byte	0xa2
 373 00fe 07       		.uleb128 0x7
 374 00ff 04       		.byte	0x4
 375 0100 AE000000 		.4byte	0xae
 376 0104 08       		.uleb128 0x8
 377 0105 07       		.byte	0x7
 378 0106 01       		.byte	0x1
 379 0107 67000000 		.4byte	0x67
 380 010b 07       		.byte	0x7
 381 010c 57       		.byte	0x57
 382 010d 0E       		.byte	0xe
 383 010e 37010000 		.4byte	0x137
 384 0112 09       		.uleb128 0x9
 385 0113 C3030000 		.4byte	.LASF21
 386 0117 00       		.byte	0
 387 0118 09       		.uleb128 0x9
 388 0119 8A040000 		.4byte	.LASF22
 389 011d 01       		.byte	0x1
 390 011e 09       		.uleb128 0x9
 391 011f ED020000 		.4byte	.LASF23
 392 0123 02       		.byte	0x2
 393 0124 09       		.uleb128 0x9
 394 0125 99030000 		.4byte	.LASF24
 395 0129 03       		.byte	0x3
 396 012a 09       		.uleb128 0x9
 397 012b 14040000 		.4byte	.LASF25
 398 012f 04       		.byte	0x4
 399 0130 09       		.uleb128 0x9
ARM GAS  /tmp/ccjBV4kI.s 			page 8


 400 0131 C3000000 		.4byte	.LASF26
 401 0135 05       		.byte	0x5
 402 0136 00       		.byte	0
 403 0137 04       		.uleb128 0x4
 404 0138 27000000 		.4byte	.LASF27
 405 013c 07       		.byte	0x7
 406 013d 5E       		.byte	0x5e
 407 013e 03       		.byte	0x3
 408 013f 04010000 		.4byte	0x104
 409 0143 08       		.uleb128 0x8
 410 0144 07       		.byte	0x7
 411 0145 01       		.byte	0x1
 412 0146 67000000 		.4byte	0x67
 413 014a 07       		.byte	0x7
 414 014b 63       		.byte	0x63
 415 014c 0E       		.byte	0xe
 416 014d 82010000 		.4byte	0x182
 417 0151 09       		.uleb128 0x9
 418 0152 66030000 		.4byte	.LASF28
 419 0156 00       		.byte	0
 420 0157 09       		.uleb128 0x9
 421 0158 F9020000 		.4byte	.LASF29
 422 015c 01       		.byte	0x1
 423 015d 09       		.uleb128 0x9
 424 015e 3B030000 		.4byte	.LASF30
 425 0162 02       		.byte	0x2
 426 0163 09       		.uleb128 0x9
 427 0164 2F040000 		.4byte	.LASF31
 428 0168 03       		.byte	0x3
 429 0169 09       		.uleb128 0x9
 430 016a 3F000000 		.4byte	.LASF32
 431 016e 04       		.byte	0x4
 432 016f 09       		.uleb128 0x9
 433 0170 51040000 		.4byte	.LASF33
 434 0174 05       		.byte	0x5
 435 0175 09       		.uleb128 0x9
 436 0176 6E040000 		.4byte	.LASF34
 437 017a 06       		.byte	0x6
 438 017b 09       		.uleb128 0x9
 439 017c 01010000 		.4byte	.LASF35
 440 0180 07       		.byte	0x7
 441 0181 00       		.byte	0
 442 0182 04       		.uleb128 0x4
 443 0183 43040000 		.4byte	.LASF36
 444 0187 07       		.byte	0x7
 445 0188 6C       		.byte	0x6c
 446 0189 03       		.byte	0x3
 447 018a 43010000 		.4byte	0x143
 448 018e 04       		.uleb128 0x4
 449 018f 8A030000 		.4byte	.LASF37
 450 0193 07       		.byte	0x7
 451 0194 71       		.byte	0x71
 452 0195 12       		.byte	0x12
 453 0196 B3000000 		.4byte	0xb3
 454 019a 04       		.uleb128 0x4
 455 019b B4000000 		.4byte	.LASF38
 456 019f 07       		.byte	0x7
ARM GAS  /tmp/ccjBV4kI.s 			page 9


 457 01a0 76       		.byte	0x76
 458 01a1 12       		.byte	0x12
 459 01a2 B3000000 		.4byte	0xb3
 460 01a6 0A       		.uleb128 0xa
 461 01a7 08       		.byte	0x8
 462 01a8 07       		.byte	0x7
 463 01a9 7B       		.byte	0x7b
 464 01aa 09       		.byte	0x9
 465 01ab CA010000 		.4byte	0x1ca
 466 01af 0B       		.uleb128 0xb
 467 01b0 5F030000 		.4byte	.LASF39
 468 01b4 07       		.byte	0x7
 469 01b5 7F       		.byte	0x7f
 470 01b6 19       		.byte	0x19
 471 01b7 8E010000 		.4byte	0x18e
 472 01bb 00       		.byte	0
 473 01bc 0B       		.uleb128 0xb
 474 01bd 04040000 		.4byte	.LASF40
 475 01c1 07       		.byte	0x7
 476 01c2 83       		.byte	0x83
 477 01c3 19       		.byte	0x19
 478 01c4 B3000000 		.4byte	0xb3
 479 01c8 04       		.byte	0x4
 480 01c9 00       		.byte	0
 481 01ca 04       		.uleb128 0x4
 482 01cb 96010000 		.4byte	.LASF41
 483 01cf 07       		.byte	0x7
 484 01d0 84       		.byte	0x84
 485 01d1 03       		.byte	0x3
 486 01d2 A6010000 		.4byte	0x1a6
 487 01d6 05       		.uleb128 0x5
 488 01d7 CA010000 		.4byte	0x1ca
 489 01db 0A       		.uleb128 0xa
 490 01dc 1C       		.byte	0x1c
 491 01dd 07       		.byte	0x7
 492 01de 89       		.byte	0x89
 493 01df 09       		.byte	0x9
 494 01e0 40020000 		.4byte	0x240
 495 01e4 0B       		.uleb128 0xb
 496 01e5 1C000000 		.4byte	.LASF42
 497 01e9 07       		.byte	0x7
 498 01ea 8D       		.byte	0x8d
 499 01eb 19       		.byte	0x19
 500 01ec B3000000 		.4byte	0xb3
 501 01f0 00       		.byte	0
 502 01f1 0B       		.uleb128 0xb
 503 01f2 35000000 		.4byte	.LASF43
 504 01f6 07       		.byte	0x7
 505 01f7 91       		.byte	0x91
 506 01f8 19       		.byte	0x19
 507 01f9 B3000000 		.4byte	0xb3
 508 01fd 04       		.byte	0x4
 509 01fe 0B       		.uleb128 0xb
 510 01ff 95040000 		.4byte	.LASF44
 511 0203 07       		.byte	0x7
 512 0204 95       		.byte	0x95
 513 0205 19       		.byte	0x19
ARM GAS  /tmp/ccjBV4kI.s 			page 10


 514 0206 9A010000 		.4byte	0x19a
 515 020a 08       		.byte	0x8
 516 020b 0B       		.uleb128 0xb
 517 020c B4020000 		.4byte	.LASF45
 518 0210 07       		.byte	0x7
 519 0211 9B       		.byte	0x9b
 520 0212 24       		.byte	0x24
 521 0213 40020000 		.4byte	0x240
 522 0217 0C       		.byte	0xc
 523 0218 0B       		.uleb128 0xb
 524 0219 A7020000 		.4byte	.LASF46
 525 021d 07       		.byte	0x7
 526 021e A1       		.byte	0xa1
 527 021f 19       		.byte	0x19
 528 0220 B3000000 		.4byte	0xb3
 529 0224 10       		.byte	0x10
 530 0225 0B       		.uleb128 0xb
 531 0226 9F020000 		.4byte	.LASF47
 532 022a 07       		.byte	0x7
 533 022b A6       		.byte	0xa6
 534 022c 1A       		.byte	0x1a
 535 022d F8000000 		.4byte	0xf8
 536 0231 14       		.byte	0x14
 537 0232 0B       		.uleb128 0xb
 538 0233 04040000 		.4byte	.LASF40
 539 0237 07       		.byte	0x7
 540 0238 AA       		.byte	0xaa
 541 0239 19       		.byte	0x19
 542 023a B3000000 		.4byte	0xb3
 543 023e 18       		.byte	0x18
 544 023f 00       		.byte	0
 545 0240 07       		.uleb128 0x7
 546 0241 04       		.byte	0x4
 547 0242 D6010000 		.4byte	0x1d6
 548 0246 04       		.uleb128 0x4
 549 0247 C9020000 		.4byte	.LASF48
 550 024b 07       		.byte	0x7
 551 024c AB       		.byte	0xab
 552 024d 03       		.byte	0x3
 553 024e DB010000 		.4byte	0x1db
 554 0252 05       		.uleb128 0x5
 555 0253 46020000 		.4byte	0x246
 556 0257 0C       		.uleb128 0xc
 557 0258 F7030000 		.4byte	.LASF69
 558 025c 20       		.byte	0x20
 559 025d 07       		.byte	0x7
 560 025e CC       		.byte	0xcc
 561 025f 08       		.byte	0x8
 562 0260 CD020000 		.4byte	0x2cd
 563 0264 0B       		.uleb128 0xb
 564 0265 45010000 		.4byte	.LASF49
 565 0269 07       		.byte	0x7
 566 026a CD       		.byte	0xcd
 567 026b 03       		.byte	0x3
 568 026c 3A000000 		.4byte	0x3a
 569 0270 00       		.byte	0
 570 0271 0B       		.uleb128 0xb
ARM GAS  /tmp/ccjBV4kI.s 			page 11


 571 0272 60000000 		.4byte	.LASF50
 572 0276 07       		.byte	0x7
 573 0277 CD       		.byte	0xcd
 574 0278 03       		.byte	0x3
 575 0279 E7020000 		.4byte	0x2e7
 576 027d 04       		.byte	0x4
 577 027e 0B       		.uleb128 0xb
 578 027f 1B010000 		.4byte	.LASF51
 579 0283 07       		.byte	0x7
 580 0284 CD       		.byte	0xcd
 581 0285 03       		.byte	0x3
 582 0286 0B030000 		.4byte	0x30b
 583 028a 08       		.byte	0x8
 584 028b 0B       		.uleb128 0xb
 585 028c D7000000 		.4byte	.LASF52
 586 0290 07       		.byte	0x7
 587 0291 CD       		.byte	0xcd
 588 0292 03       		.byte	0x3
 589 0293 2F030000 		.4byte	0x32f
 590 0297 0C       		.byte	0xc
 591 0298 0B       		.uleb128 0xb
 592 0299 A4000000 		.4byte	.LASF53
 593 029d 07       		.byte	0x7
 594 029e CD       		.byte	0xcd
 595 029f 03       		.byte	0x3
 596 02a0 44030000 		.4byte	0x344
 597 02a4 10       		.byte	0x10
 598 02a5 0B       		.uleb128 0xb
 599 02a6 80000000 		.4byte	.LASF54
 600 02aa 07       		.byte	0x7
 601 02ab CD       		.byte	0xcd
 602 02ac 03       		.byte	0x3
 603 02ad 5E030000 		.4byte	0x35e
 604 02b1 14       		.byte	0x14
 605 02b2 0B       		.uleb128 0xb
 606 02b3 55010000 		.4byte	.LASF55
 607 02b7 07       		.byte	0x7
 608 02b8 CD       		.byte	0xcd
 609 02b9 03       		.byte	0x3
 610 02ba 7E030000 		.4byte	0x37e
 611 02be 18       		.byte	0x18
 612 02bf 0B       		.uleb128 0xb
 613 02c0 86020000 		.4byte	.LASF56
 614 02c4 07       		.byte	0x7
 615 02c5 CD       		.byte	0xcd
 616 02c6 03       		.byte	0x3
 617 02c7 5E030000 		.4byte	0x35e
 618 02cb 1C       		.byte	0x1c
 619 02cc 00       		.byte	0
 620 02cd 05       		.uleb128 0x5
 621 02ce 57020000 		.4byte	0x257
 622 02d2 0D       		.uleb128 0xd
 623 02d3 E1020000 		.4byte	0x2e1
 624 02d7 E1020000 		.4byte	0x2e1
 625 02db 0E       		.uleb128 0xe
 626 02dc EF000000 		.4byte	0xef
 627 02e0 00       		.byte	0
ARM GAS  /tmp/ccjBV4kI.s 			page 12


 628 02e1 07       		.uleb128 0x7
 629 02e2 04       		.byte	0x4
 630 02e3 52020000 		.4byte	0x252
 631 02e7 07       		.uleb128 0x7
 632 02e8 04       		.byte	0x4
 633 02e9 D2020000 		.4byte	0x2d2
 634 02ed 0D       		.uleb128 0xd
 635 02ee 82010000 		.4byte	0x182
 636 02f2 0B030000 		.4byte	0x30b
 637 02f6 0E       		.uleb128 0xe
 638 02f7 EF000000 		.4byte	0xef
 639 02fb 0E       		.uleb128 0xe
 640 02fc 8E010000 		.4byte	0x18e
 641 0300 0E       		.uleb128 0xe
 642 0301 3A000000 		.4byte	0x3a
 643 0305 0E       		.uleb128 0xe
 644 0306 F8000000 		.4byte	0xf8
 645 030a 00       		.byte	0
 646 030b 07       		.uleb128 0x7
 647 030c 04       		.byte	0x4
 648 030d ED020000 		.4byte	0x2ed
 649 0311 0D       		.uleb128 0xd
 650 0312 82010000 		.4byte	0x182
 651 0316 2F030000 		.4byte	0x32f
 652 031a 0E       		.uleb128 0xe
 653 031b EF000000 		.4byte	0xef
 654 031f 0E       		.uleb128 0xe
 655 0320 8E010000 		.4byte	0x18e
 656 0324 0E       		.uleb128 0xe
 657 0325 3A000000 		.4byte	0x3a
 658 0329 0E       		.uleb128 0xe
 659 032a FE000000 		.4byte	0xfe
 660 032e 00       		.byte	0
 661 032f 07       		.uleb128 0x7
 662 0330 04       		.byte	0x4
 663 0331 11030000 		.4byte	0x311
 664 0335 0D       		.uleb128 0xd
 665 0336 82010000 		.4byte	0x182
 666 033a 44030000 		.4byte	0x344
 667 033e 0E       		.uleb128 0xe
 668 033f EF000000 		.4byte	0xef
 669 0343 00       		.byte	0
 670 0344 07       		.uleb128 0x7
 671 0345 04       		.byte	0x4
 672 0346 35030000 		.4byte	0x335
 673 034a 0D       		.uleb128 0xd
 674 034b 82010000 		.4byte	0x182
 675 034f 5E030000 		.4byte	0x35e
 676 0353 0E       		.uleb128 0xe
 677 0354 EF000000 		.4byte	0xef
 678 0358 0E       		.uleb128 0xe
 679 0359 9A010000 		.4byte	0x19a
 680 035d 00       		.byte	0
 681 035e 07       		.uleb128 0x7
 682 035f 04       		.byte	0x4
 683 0360 4A030000 		.4byte	0x34a
 684 0364 0D       		.uleb128 0xd
ARM GAS  /tmp/ccjBV4kI.s 			page 13


 685 0365 82010000 		.4byte	0x182
 686 0369 78030000 		.4byte	0x378
 687 036d 0E       		.uleb128 0xe
 688 036e EF000000 		.4byte	0xef
 689 0372 0E       		.uleb128 0xe
 690 0373 78030000 		.4byte	0x378
 691 0377 00       		.byte	0
 692 0378 07       		.uleb128 0x7
 693 0379 04       		.byte	0x4
 694 037a B3000000 		.4byte	0xb3
 695 037e 07       		.uleb128 0x7
 696 037f 04       		.byte	0x4
 697 0380 64030000 		.4byte	0x364
 698 0384 0A       		.uleb128 0xa
 699 0385 08       		.byte	0x8
 700 0386 07       		.byte	0x7
 701 0387 DD       		.byte	0xdd
 702 0388 09       		.byte	0x9
 703 0389 A8030000 		.4byte	0x3a8
 704 038d 0F       		.uleb128 0xf
 705 038e 766D7400 		.ascii	"vmt\000"
 706 0392 07       		.byte	0x7
 707 0393 DF       		.byte	0xdf
 708 0394 1E       		.byte	0x1e
 709 0395 A8030000 		.4byte	0x3a8
 710 0399 00       		.byte	0
 711 039a 0B       		.uleb128 0xb
 712 039b 51000000 		.4byte	.LASF57
 713 039f 07       		.byte	0x7
 714 03a0 E0       		.byte	0xe0
 715 03a1 03       		.byte	0x3
 716 03a2 37010000 		.4byte	0x137
 717 03a6 04       		.byte	0x4
 718 03a7 00       		.byte	0
 719 03a8 07       		.uleb128 0x7
 720 03a9 04       		.byte	0x4
 721 03aa CD020000 		.4byte	0x2cd
 722 03ae 04       		.uleb128 0x4
 723 03af 64040000 		.4byte	.LASF58
 724 03b3 07       		.byte	0x7
 725 03b4 E1       		.byte	0xe1
 726 03b5 03       		.byte	0x3
 727 03b6 84030000 		.4byte	0x384
 728 03ba 10       		.uleb128 0x10
 729 03bb 09000000 		.4byte	.LASF62
 730 03bf 01       		.byte	0x1
 731 03c0 6D       		.byte	0x6d
 732 03c1 0A       		.byte	0xa
 733 03c2 B3000000 		.4byte	0xb3
 734 03c6 00000000 		.4byte	.LFB402
 735 03ca 1A000000 		.4byte	.LFE402-.LFB402
 736 03ce 01       		.uleb128 0x1
 737 03cf 9C       		.byte	0x9c
 738 03d0 3B040000 		.4byte	0x43b
 739 03d4 11       		.uleb128 0x11
 740 03d5 1E040000 		.4byte	.LASF59
 741 03d9 01       		.byte	0x1
ARM GAS  /tmp/ccjBV4kI.s 			page 14


 742 03da 6D       		.byte	0x6d
 743 03db 28       		.byte	0x28
 744 03dc 3B040000 		.4byte	0x43b
 745 03e0 04000000 		.4byte	.LLST7
 746 03e4 00000000 		.4byte	.LVUS7
 747 03e8 11       		.uleb128 0x11
 748 03e9 DF000000 		.4byte	.LASF60
 749 03ed 01       		.byte	0x1
 750 03ee 6E       		.byte	0x6e
 751 03ef 2C       		.byte	0x2c
 752 03f0 9A010000 		.4byte	0x19a
 753 03f4 29000000 		.4byte	.LLST8
 754 03f8 25000000 		.4byte	.LVUS8
 755 03fc 12       		.uleb128 0x12
 756 03fd 04040000 		.4byte	.LASF40
 757 0401 01       		.byte	0x1
 758 0402 6F       		.byte	0x6f
 759 0403 0C       		.byte	0xc
 760 0404 B3000000 		.4byte	0xb3
 761 0408 4B000000 		.4byte	.LLST9
 762 040c 47000000 		.4byte	.LVUS9
 763 0410 12       		.uleb128 0x12
 764 0411 A3040000 		.4byte	.LASF61
 765 0415 01       		.byte	0x1
 766 0416 70       		.byte	0x70
 767 0417 1D       		.byte	0x1d
 768 0418 E1020000 		.4byte	0x2e1
 769 041c 6D000000 		.4byte	.LLST10
 770 0420 69000000 		.4byte	.LVUS10
 771 0424 13       		.uleb128 0x13
 772 0425 7D020000 		.4byte	.LASF64
 773 0429 51040000 		.4byte	0x451
 774 042d 14       		.uleb128 0x14
 775 042e 0A000000 		.4byte	.LVL13
 776 0432 15       		.uleb128 0x15
 777 0433 01       		.uleb128 0x1
 778 0434 50       		.byte	0x50
 779 0435 03       		.uleb128 0x3
 780 0436 F3       		.byte	0xf3
 781 0437 01       		.uleb128 0x1
 782 0438 50       		.byte	0x50
 783 0439 00       		.byte	0
 784 043a 00       		.byte	0
 785 043b 07       		.uleb128 0x7
 786 043c 04       		.byte	0x4
 787 043d AE030000 		.4byte	0x3ae
 788 0441 16       		.uleb128 0x16
 789 0442 D2000000 		.4byte	0xd2
 790 0446 51040000 		.4byte	0x451
 791 044a 17       		.uleb128 0x17
 792 044b 2C000000 		.4byte	0x2c
 793 044f 12       		.byte	0x12
 794 0450 00       		.byte	0
 795 0451 05       		.uleb128 0x5
 796 0452 41040000 		.4byte	0x441
 797 0456 10       		.uleb128 0x10
 798 0457 E2030000 		.4byte	.LASF63
ARM GAS  /tmp/ccjBV4kI.s 			page 15


 799 045b 01       		.byte	0x1
 800 045c 54       		.byte	0x54
 801 045d 10       		.byte	0x10
 802 045e 8E010000 		.4byte	0x18e
 803 0462 00000000 		.4byte	.LFB401
 804 0466 1C000000 		.4byte	.LFE401-.LFB401
 805 046a 01       		.uleb128 0x1
 806 046b 9C       		.byte	0x9c
 807 046c D7040000 		.4byte	0x4d7
 808 0470 11       		.uleb128 0x11
 809 0471 1E040000 		.4byte	.LASF59
 810 0475 01       		.byte	0x1
 811 0476 54       		.byte	0x54
 812 0477 30       		.byte	0x30
 813 0478 3B040000 		.4byte	0x43b
 814 047c 8F000000 		.4byte	.LLST3
 815 0480 8B000000 		.4byte	.LVUS3
 816 0484 11       		.uleb128 0x11
 817 0485 DF000000 		.4byte	.LASF60
 818 0489 01       		.byte	0x1
 819 048a 55       		.byte	0x55
 820 048b 34       		.byte	0x34
 821 048c 9A010000 		.4byte	0x19a
 822 0490 B4000000 		.4byte	.LLST4
 823 0494 B0000000 		.4byte	.LVUS4
 824 0498 12       		.uleb128 0x12
 825 0499 5F030000 		.4byte	.LASF39
 826 049d 01       		.byte	0x1
 827 049e 56       		.byte	0x56
 828 049f 12       		.byte	0x12
 829 04a0 8E010000 		.4byte	0x18e
 830 04a4 D6000000 		.4byte	.LLST5
 831 04a8 D2000000 		.4byte	.LVUS5
 832 04ac 12       		.uleb128 0x12
 833 04ad A3040000 		.4byte	.LASF61
 834 04b1 01       		.byte	0x1
 835 04b2 57       		.byte	0x57
 836 04b3 1D       		.byte	0x1d
 837 04b4 E1020000 		.4byte	0x2e1
 838 04b8 F8000000 		.4byte	.LLST6
 839 04bc F4000000 		.4byte	.LVUS6
 840 04c0 13       		.uleb128 0x13
 841 04c1 7D020000 		.4byte	.LASF64
 842 04c5 E7040000 		.4byte	0x4e7
 843 04c9 14       		.uleb128 0x14
 844 04ca 0A000000 		.4byte	.LVL7
 845 04ce 15       		.uleb128 0x15
 846 04cf 01       		.uleb128 0x1
 847 04d0 50       		.byte	0x50
 848 04d1 03       		.uleb128 0x3
 849 04d2 F3       		.byte	0xf3
 850 04d3 01       		.uleb128 0x1
 851 04d4 50       		.byte	0x50
 852 04d5 00       		.byte	0
 853 04d6 00       		.byte	0
 854 04d7 16       		.uleb128 0x16
 855 04d8 D2000000 		.4byte	0xd2
ARM GAS  /tmp/ccjBV4kI.s 			page 16


 856 04dc E7040000 		.4byte	0x4e7
 857 04e0 17       		.uleb128 0x17
 858 04e1 2C000000 		.4byte	0x2c
 859 04e5 14       		.byte	0x14
 860 04e6 00       		.byte	0
 861 04e7 05       		.uleb128 0x5
 862 04e8 D7040000 		.4byte	0x4d7
 863 04ec 10       		.uleb128 0x10
 864 04ed E6000000 		.4byte	.LASF65
 865 04f1 01       		.byte	0x1
 866 04f2 3B       		.byte	0x3b
 867 04f3 0F       		.byte	0xf
 868 04f4 82010000 		.4byte	0x182
 869 04f8 00000000 		.4byte	.LFB400
 870 04fc 40000000 		.4byte	.LFE400-.LFB400
 871 0500 01       		.uleb128 0x1
 872 0501 9C       		.byte	0x9c
 873 0502 8B050000 		.4byte	0x58b
 874 0506 11       		.uleb128 0x11
 875 0507 1E040000 		.4byte	.LASF59
 876 050b 01       		.byte	0x1
 877 050c 3B       		.byte	0x3b
 878 050d 29       		.byte	0x29
 879 050e 3B040000 		.4byte	0x43b
 880 0512 1A010000 		.4byte	.LLST0
 881 0516 16010000 		.4byte	.LVUS0
 882 051a 18       		.uleb128 0x18
 883 051b 00000000 		.4byte	.Ldebug_ranges0+0
 884 051f 19       		.uleb128 0x19
 885 0520 65727200 		.ascii	"err\000"
 886 0524 01       		.byte	0x1
 887 0525 3E       		.byte	0x3e
 888 0526 13       		.byte	0x13
 889 0527 82010000 		.4byte	0x182
 890 052b 3C010000 		.4byte	.LLST1
 891 052f 38010000 		.4byte	.LVUS1
 892 0533 1A       		.uleb128 0x1a
 893 0534 85040000 		.4byte	.LASF70
 894 0538 01       		.byte	0x1
 895 0539 3F       		.byte	0x3f
 896 053a 0E       		.byte	0xe
 897 053b B3000000 		.4byte	0xb3
 898 053f 02       		.uleb128 0x2
 899 0540 91       		.byte	0x91
 900 0541 64       		.sleb128 -28
 901 0542 1B       		.uleb128 0x1b
 902 0543 8B050000 		.4byte	0x58b
 903 0547 30000000 		.4byte	.LBI6
 904 054b 01       		.byte	.LVU14
 905 054c 18000000 		.4byte	.Ldebug_ranges0+0x18
 906 0550 01       		.byte	0x1
 907 0551 48       		.byte	0x48
 908 0552 05       		.byte	0x5
 909 0553 6E050000 		.4byte	0x56e
 910 0557 1C       		.uleb128 0x1c
 911 0558 99050000 		.4byte	0x599
 912 055c 5E010000 		.4byte	.LLST2
ARM GAS  /tmp/ccjBV4kI.s 			page 17


 913 0560 5A010000 		.4byte	.LVUS2
 914 0564 1D       		.uleb128 0x1d
 915 0565 26000000 		.4byte	.LVL4
 916 0569 A7050000 		.4byte	0x5a7
 917 056d 00       		.byte	0
 918 056e 1D       		.uleb128 0x1d
 919 056f 22000000 		.4byte	.LVL3
 920 0573 B4050000 		.4byte	0x5b4
 921 0577 14       		.uleb128 0x14
 922 0578 30000000 		.4byte	.LVL5
 923 057c 15       		.uleb128 0x15
 924 057d 01       		.uleb128 0x1
 925 057e 50       		.byte	0x50
 926 057f 02       		.uleb128 0x2
 927 0580 74       		.byte	0x74
 928 0581 00       		.sleb128 0
 929 0582 15       		.uleb128 0x15
 930 0583 01       		.uleb128 0x1
 931 0584 51       		.byte	0x51
 932 0585 02       		.uleb128 0x2
 933 0586 91       		.byte	0x91
 934 0587 64       		.sleb128 -28
 935 0588 00       		.byte	0
 936 0589 00       		.byte	0
 937 058a 00       		.byte	0
 938 058b 1E       		.uleb128 0x1e
 939 058c 75030000 		.4byte	.LASF71
 940 0590 02       		.byte	0x2
 941 0591 0E03     		.2byte	0x30e
 942 0593 14       		.byte	0x14
 943 0594 03       		.byte	0x3
 944 0595 A7050000 		.4byte	0x5a7
 945 0599 1F       		.uleb128 0x1f
 946 059a 9E000000 		.4byte	.LASF72
 947 059e 02       		.byte	0x2
 948 059f 0E03     		.2byte	0x30e
 949 05a1 32       		.byte	0x32
 950 05a2 D7000000 		.4byte	0xd7
 951 05a6 00       		.byte	0
 952 05a7 20       		.uleb128 0x20
 953 05a8 09040000 		.4byte	.LASF73
 954 05ac 09040000 		.4byte	.LASF73
 955 05b0 08       		.byte	0x8
 956 05b1 4201     		.2byte	0x142
 957 05b3 08       		.byte	0x8
 958 05b4 21       		.uleb128 0x21
 959 05b5 DC020000 		.4byte	.LASF74
 960 05b9 DC020000 		.4byte	.LASF74
 961 05bd 00       		.byte	0
 962              		.section	.debug_abbrev,"",%progbits
 963              	.Ldebug_abbrev0:
 964 0000 01       		.uleb128 0x1
 965 0001 11       		.uleb128 0x11
 966 0002 01       		.byte	0x1
 967 0003 25       		.uleb128 0x25
 968 0004 0E       		.uleb128 0xe
 969 0005 13       		.uleb128 0x13
ARM GAS  /tmp/ccjBV4kI.s 			page 18


 970 0006 0B       		.uleb128 0xb
 971 0007 03       		.uleb128 0x3
 972 0008 0E       		.uleb128 0xe
 973 0009 1B       		.uleb128 0x1b
 974 000a 0E       		.uleb128 0xe
 975 000b 55       		.uleb128 0x55
 976 000c 17       		.uleb128 0x17
 977 000d 11       		.uleb128 0x11
 978 000e 01       		.uleb128 0x1
 979 000f 10       		.uleb128 0x10
 980 0010 17       		.uleb128 0x17
 981 0011 00       		.byte	0
 982 0012 00       		.byte	0
 983 0013 02       		.uleb128 0x2
 984 0014 24       		.uleb128 0x24
 985 0015 00       		.byte	0
 986 0016 0B       		.uleb128 0xb
 987 0017 0B       		.uleb128 0xb
 988 0018 3E       		.uleb128 0x3e
 989 0019 0B       		.uleb128 0xb
 990 001a 03       		.uleb128 0x3
 991 001b 0E       		.uleb128 0xe
 992 001c 00       		.byte	0
 993 001d 00       		.byte	0
 994 001e 03       		.uleb128 0x3
 995 001f 24       		.uleb128 0x24
 996 0020 00       		.byte	0
 997 0021 0B       		.uleb128 0xb
 998 0022 0B       		.uleb128 0xb
 999 0023 3E       		.uleb128 0x3e
 1000 0024 0B       		.uleb128 0xb
 1001 0025 03       		.uleb128 0x3
 1002 0026 08       		.uleb128 0x8
 1003 0027 00       		.byte	0
 1004 0028 00       		.byte	0
 1005 0029 04       		.uleb128 0x4
 1006 002a 16       		.uleb128 0x16
 1007 002b 00       		.byte	0
 1008 002c 03       		.uleb128 0x3
 1009 002d 0E       		.uleb128 0xe
 1010 002e 3A       		.uleb128 0x3a
 1011 002f 0B       		.uleb128 0xb
 1012 0030 3B       		.uleb128 0x3b
 1013 0031 0B       		.uleb128 0xb
 1014 0032 39       		.uleb128 0x39
 1015 0033 0B       		.uleb128 0xb
 1016 0034 49       		.uleb128 0x49
 1017 0035 13       		.uleb128 0x13
 1018 0036 00       		.byte	0
 1019 0037 00       		.byte	0
 1020 0038 05       		.uleb128 0x5
 1021 0039 26       		.uleb128 0x26
 1022 003a 00       		.byte	0
 1023 003b 49       		.uleb128 0x49
 1024 003c 13       		.uleb128 0x13
 1025 003d 00       		.byte	0
 1026 003e 00       		.byte	0
ARM GAS  /tmp/ccjBV4kI.s 			page 19


 1027 003f 06       		.uleb128 0x6
 1028 0040 0F       		.uleb128 0xf
 1029 0041 00       		.byte	0
 1030 0042 0B       		.uleb128 0xb
 1031 0043 0B       		.uleb128 0xb
 1032 0044 00       		.byte	0
 1033 0045 00       		.byte	0
 1034 0046 07       		.uleb128 0x7
 1035 0047 0F       		.uleb128 0xf
 1036 0048 00       		.byte	0
 1037 0049 0B       		.uleb128 0xb
 1038 004a 0B       		.uleb128 0xb
 1039 004b 49       		.uleb128 0x49
 1040 004c 13       		.uleb128 0x13
 1041 004d 00       		.byte	0
 1042 004e 00       		.byte	0
 1043 004f 08       		.uleb128 0x8
 1044 0050 04       		.uleb128 0x4
 1045 0051 01       		.byte	0x1
 1046 0052 3E       		.uleb128 0x3e
 1047 0053 0B       		.uleb128 0xb
 1048 0054 0B       		.uleb128 0xb
 1049 0055 0B       		.uleb128 0xb
 1050 0056 49       		.uleb128 0x49
 1051 0057 13       		.uleb128 0x13
 1052 0058 3A       		.uleb128 0x3a
 1053 0059 0B       		.uleb128 0xb
 1054 005a 3B       		.uleb128 0x3b
 1055 005b 0B       		.uleb128 0xb
 1056 005c 39       		.uleb128 0x39
 1057 005d 0B       		.uleb128 0xb
 1058 005e 01       		.uleb128 0x1
 1059 005f 13       		.uleb128 0x13
 1060 0060 00       		.byte	0
 1061 0061 00       		.byte	0
 1062 0062 09       		.uleb128 0x9
 1063 0063 28       		.uleb128 0x28
 1064 0064 00       		.byte	0
 1065 0065 03       		.uleb128 0x3
 1066 0066 0E       		.uleb128 0xe
 1067 0067 1C       		.uleb128 0x1c
 1068 0068 0B       		.uleb128 0xb
 1069 0069 00       		.byte	0
 1070 006a 00       		.byte	0
 1071 006b 0A       		.uleb128 0xa
 1072 006c 13       		.uleb128 0x13
 1073 006d 01       		.byte	0x1
 1074 006e 0B       		.uleb128 0xb
 1075 006f 0B       		.uleb128 0xb
 1076 0070 3A       		.uleb128 0x3a
 1077 0071 0B       		.uleb128 0xb
 1078 0072 3B       		.uleb128 0x3b
 1079 0073 0B       		.uleb128 0xb
 1080 0074 39       		.uleb128 0x39
 1081 0075 0B       		.uleb128 0xb
 1082 0076 01       		.uleb128 0x1
 1083 0077 13       		.uleb128 0x13
ARM GAS  /tmp/ccjBV4kI.s 			page 20


 1084 0078 00       		.byte	0
 1085 0079 00       		.byte	0
 1086 007a 0B       		.uleb128 0xb
 1087 007b 0D       		.uleb128 0xd
 1088 007c 00       		.byte	0
 1089 007d 03       		.uleb128 0x3
 1090 007e 0E       		.uleb128 0xe
 1091 007f 3A       		.uleb128 0x3a
 1092 0080 0B       		.uleb128 0xb
 1093 0081 3B       		.uleb128 0x3b
 1094 0082 0B       		.uleb128 0xb
 1095 0083 39       		.uleb128 0x39
 1096 0084 0B       		.uleb128 0xb
 1097 0085 49       		.uleb128 0x49
 1098 0086 13       		.uleb128 0x13
 1099 0087 38       		.uleb128 0x38
 1100 0088 0B       		.uleb128 0xb
 1101 0089 00       		.byte	0
 1102 008a 00       		.byte	0
 1103 008b 0C       		.uleb128 0xc
 1104 008c 13       		.uleb128 0x13
 1105 008d 01       		.byte	0x1
 1106 008e 03       		.uleb128 0x3
 1107 008f 0E       		.uleb128 0xe
 1108 0090 0B       		.uleb128 0xb
 1109 0091 0B       		.uleb128 0xb
 1110 0092 3A       		.uleb128 0x3a
 1111 0093 0B       		.uleb128 0xb
 1112 0094 3B       		.uleb128 0x3b
 1113 0095 0B       		.uleb128 0xb
 1114 0096 39       		.uleb128 0x39
 1115 0097 0B       		.uleb128 0xb
 1116 0098 01       		.uleb128 0x1
 1117 0099 13       		.uleb128 0x13
 1118 009a 00       		.byte	0
 1119 009b 00       		.byte	0
 1120 009c 0D       		.uleb128 0xd
 1121 009d 15       		.uleb128 0x15
 1122 009e 01       		.byte	0x1
 1123 009f 27       		.uleb128 0x27
 1124 00a0 19       		.uleb128 0x19
 1125 00a1 49       		.uleb128 0x49
 1126 00a2 13       		.uleb128 0x13
 1127 00a3 01       		.uleb128 0x1
 1128 00a4 13       		.uleb128 0x13
 1129 00a5 00       		.byte	0
 1130 00a6 00       		.byte	0
 1131 00a7 0E       		.uleb128 0xe
 1132 00a8 05       		.uleb128 0x5
 1133 00a9 00       		.byte	0
 1134 00aa 49       		.uleb128 0x49
 1135 00ab 13       		.uleb128 0x13
 1136 00ac 00       		.byte	0
 1137 00ad 00       		.byte	0
 1138 00ae 0F       		.uleb128 0xf
 1139 00af 0D       		.uleb128 0xd
 1140 00b0 00       		.byte	0
ARM GAS  /tmp/ccjBV4kI.s 			page 21


 1141 00b1 03       		.uleb128 0x3
 1142 00b2 08       		.uleb128 0x8
 1143 00b3 3A       		.uleb128 0x3a
 1144 00b4 0B       		.uleb128 0xb
 1145 00b5 3B       		.uleb128 0x3b
 1146 00b6 0B       		.uleb128 0xb
 1147 00b7 39       		.uleb128 0x39
 1148 00b8 0B       		.uleb128 0xb
 1149 00b9 49       		.uleb128 0x49
 1150 00ba 13       		.uleb128 0x13
 1151 00bb 38       		.uleb128 0x38
 1152 00bc 0B       		.uleb128 0xb
 1153 00bd 00       		.byte	0
 1154 00be 00       		.byte	0
 1155 00bf 10       		.uleb128 0x10
 1156 00c0 2E       		.uleb128 0x2e
 1157 00c1 01       		.byte	0x1
 1158 00c2 3F       		.uleb128 0x3f
 1159 00c3 19       		.uleb128 0x19
 1160 00c4 03       		.uleb128 0x3
 1161 00c5 0E       		.uleb128 0xe
 1162 00c6 3A       		.uleb128 0x3a
 1163 00c7 0B       		.uleb128 0xb
 1164 00c8 3B       		.uleb128 0x3b
 1165 00c9 0B       		.uleb128 0xb
 1166 00ca 39       		.uleb128 0x39
 1167 00cb 0B       		.uleb128 0xb
 1168 00cc 27       		.uleb128 0x27
 1169 00cd 19       		.uleb128 0x19
 1170 00ce 49       		.uleb128 0x49
 1171 00cf 13       		.uleb128 0x13
 1172 00d0 11       		.uleb128 0x11
 1173 00d1 01       		.uleb128 0x1
 1174 00d2 12       		.uleb128 0x12
 1175 00d3 06       		.uleb128 0x6
 1176 00d4 40       		.uleb128 0x40
 1177 00d5 18       		.uleb128 0x18
 1178 00d6 9742     		.uleb128 0x2117
 1179 00d8 19       		.uleb128 0x19
 1180 00d9 01       		.uleb128 0x1
 1181 00da 13       		.uleb128 0x13
 1182 00db 00       		.byte	0
 1183 00dc 00       		.byte	0
 1184 00dd 11       		.uleb128 0x11
 1185 00de 05       		.uleb128 0x5
 1186 00df 00       		.byte	0
 1187 00e0 03       		.uleb128 0x3
 1188 00e1 0E       		.uleb128 0xe
 1189 00e2 3A       		.uleb128 0x3a
 1190 00e3 0B       		.uleb128 0xb
 1191 00e4 3B       		.uleb128 0x3b
 1192 00e5 0B       		.uleb128 0xb
 1193 00e6 39       		.uleb128 0x39
 1194 00e7 0B       		.uleb128 0xb
 1195 00e8 49       		.uleb128 0x49
 1196 00e9 13       		.uleb128 0x13
 1197 00ea 02       		.uleb128 0x2
ARM GAS  /tmp/ccjBV4kI.s 			page 22


 1198 00eb 17       		.uleb128 0x17
 1199 00ec B742     		.uleb128 0x2137
 1200 00ee 17       		.uleb128 0x17
 1201 00ef 00       		.byte	0
 1202 00f0 00       		.byte	0
 1203 00f1 12       		.uleb128 0x12
 1204 00f2 34       		.uleb128 0x34
 1205 00f3 00       		.byte	0
 1206 00f4 03       		.uleb128 0x3
 1207 00f5 0E       		.uleb128 0xe
 1208 00f6 3A       		.uleb128 0x3a
 1209 00f7 0B       		.uleb128 0xb
 1210 00f8 3B       		.uleb128 0x3b
 1211 00f9 0B       		.uleb128 0xb
 1212 00fa 39       		.uleb128 0x39
 1213 00fb 0B       		.uleb128 0xb
 1214 00fc 49       		.uleb128 0x49
 1215 00fd 13       		.uleb128 0x13
 1216 00fe 02       		.uleb128 0x2
 1217 00ff 17       		.uleb128 0x17
 1218 0100 B742     		.uleb128 0x2137
 1219 0102 17       		.uleb128 0x17
 1220 0103 00       		.byte	0
 1221 0104 00       		.byte	0
 1222 0105 13       		.uleb128 0x13
 1223 0106 34       		.uleb128 0x34
 1224 0107 00       		.byte	0
 1225 0108 03       		.uleb128 0x3
 1226 0109 0E       		.uleb128 0xe
 1227 010a 49       		.uleb128 0x49
 1228 010b 13       		.uleb128 0x13
 1229 010c 34       		.uleb128 0x34
 1230 010d 19       		.uleb128 0x19
 1231 010e 00       		.byte	0
 1232 010f 00       		.byte	0
 1233 0110 14       		.uleb128 0x14
 1234 0111 898201   		.uleb128 0x4109
 1235 0114 01       		.byte	0x1
 1236 0115 11       		.uleb128 0x11
 1237 0116 01       		.uleb128 0x1
 1238 0117 00       		.byte	0
 1239 0118 00       		.byte	0
 1240 0119 15       		.uleb128 0x15
 1241 011a 8A8201   		.uleb128 0x410a
 1242 011d 00       		.byte	0
 1243 011e 02       		.uleb128 0x2
 1244 011f 18       		.uleb128 0x18
 1245 0120 9142     		.uleb128 0x2111
 1246 0122 18       		.uleb128 0x18
 1247 0123 00       		.byte	0
 1248 0124 00       		.byte	0
 1249 0125 16       		.uleb128 0x16
 1250 0126 01       		.uleb128 0x1
 1251 0127 01       		.byte	0x1
 1252 0128 49       		.uleb128 0x49
 1253 0129 13       		.uleb128 0x13
 1254 012a 01       		.uleb128 0x1
ARM GAS  /tmp/ccjBV4kI.s 			page 23


 1255 012b 13       		.uleb128 0x13
 1256 012c 00       		.byte	0
 1257 012d 00       		.byte	0
 1258 012e 17       		.uleb128 0x17
 1259 012f 21       		.uleb128 0x21
 1260 0130 00       		.byte	0
 1261 0131 49       		.uleb128 0x49
 1262 0132 13       		.uleb128 0x13
 1263 0133 2F       		.uleb128 0x2f
 1264 0134 0B       		.uleb128 0xb
 1265 0135 00       		.byte	0
 1266 0136 00       		.byte	0
 1267 0137 18       		.uleb128 0x18
 1268 0138 0B       		.uleb128 0xb
 1269 0139 01       		.byte	0x1
 1270 013a 55       		.uleb128 0x55
 1271 013b 17       		.uleb128 0x17
 1272 013c 00       		.byte	0
 1273 013d 00       		.byte	0
 1274 013e 19       		.uleb128 0x19
 1275 013f 34       		.uleb128 0x34
 1276 0140 00       		.byte	0
 1277 0141 03       		.uleb128 0x3
 1278 0142 08       		.uleb128 0x8
 1279 0143 3A       		.uleb128 0x3a
 1280 0144 0B       		.uleb128 0xb
 1281 0145 3B       		.uleb128 0x3b
 1282 0146 0B       		.uleb128 0xb
 1283 0147 39       		.uleb128 0x39
 1284 0148 0B       		.uleb128 0xb
 1285 0149 49       		.uleb128 0x49
 1286 014a 13       		.uleb128 0x13
 1287 014b 02       		.uleb128 0x2
 1288 014c 17       		.uleb128 0x17
 1289 014d B742     		.uleb128 0x2137
 1290 014f 17       		.uleb128 0x17
 1291 0150 00       		.byte	0
 1292 0151 00       		.byte	0
 1293 0152 1A       		.uleb128 0x1a
 1294 0153 34       		.uleb128 0x34
 1295 0154 00       		.byte	0
 1296 0155 03       		.uleb128 0x3
 1297 0156 0E       		.uleb128 0xe
 1298 0157 3A       		.uleb128 0x3a
 1299 0158 0B       		.uleb128 0xb
 1300 0159 3B       		.uleb128 0x3b
 1301 015a 0B       		.uleb128 0xb
 1302 015b 39       		.uleb128 0x39
 1303 015c 0B       		.uleb128 0xb
 1304 015d 49       		.uleb128 0x49
 1305 015e 13       		.uleb128 0x13
 1306 015f 02       		.uleb128 0x2
 1307 0160 18       		.uleb128 0x18
 1308 0161 00       		.byte	0
 1309 0162 00       		.byte	0
 1310 0163 1B       		.uleb128 0x1b
 1311 0164 1D       		.uleb128 0x1d
ARM GAS  /tmp/ccjBV4kI.s 			page 24


 1312 0165 01       		.byte	0x1
 1313 0166 31       		.uleb128 0x31
 1314 0167 13       		.uleb128 0x13
 1315 0168 52       		.uleb128 0x52
 1316 0169 01       		.uleb128 0x1
 1317 016a B842     		.uleb128 0x2138
 1318 016c 0B       		.uleb128 0xb
 1319 016d 55       		.uleb128 0x55
 1320 016e 17       		.uleb128 0x17
 1321 016f 58       		.uleb128 0x58
 1322 0170 0B       		.uleb128 0xb
 1323 0171 59       		.uleb128 0x59
 1324 0172 0B       		.uleb128 0xb
 1325 0173 57       		.uleb128 0x57
 1326 0174 0B       		.uleb128 0xb
 1327 0175 01       		.uleb128 0x1
 1328 0176 13       		.uleb128 0x13
 1329 0177 00       		.byte	0
 1330 0178 00       		.byte	0
 1331 0179 1C       		.uleb128 0x1c
 1332 017a 05       		.uleb128 0x5
 1333 017b 00       		.byte	0
 1334 017c 31       		.uleb128 0x31
 1335 017d 13       		.uleb128 0x13
 1336 017e 02       		.uleb128 0x2
 1337 017f 17       		.uleb128 0x17
 1338 0180 B742     		.uleb128 0x2137
 1339 0182 17       		.uleb128 0x17
 1340 0183 00       		.byte	0
 1341 0184 00       		.byte	0
 1342 0185 1D       		.uleb128 0x1d
 1343 0186 898201   		.uleb128 0x4109
 1344 0189 00       		.byte	0
 1345 018a 11       		.uleb128 0x11
 1346 018b 01       		.uleb128 0x1
 1347 018c 31       		.uleb128 0x31
 1348 018d 13       		.uleb128 0x13
 1349 018e 00       		.byte	0
 1350 018f 00       		.byte	0
 1351 0190 1E       		.uleb128 0x1e
 1352 0191 2E       		.uleb128 0x2e
 1353 0192 01       		.byte	0x1
 1354 0193 03       		.uleb128 0x3
 1355 0194 0E       		.uleb128 0xe
 1356 0195 3A       		.uleb128 0x3a
 1357 0196 0B       		.uleb128 0xb
 1358 0197 3B       		.uleb128 0x3b
 1359 0198 05       		.uleb128 0x5
 1360 0199 39       		.uleb128 0x39
 1361 019a 0B       		.uleb128 0xb
 1362 019b 27       		.uleb128 0x27
 1363 019c 19       		.uleb128 0x19
 1364 019d 20       		.uleb128 0x20
 1365 019e 0B       		.uleb128 0xb
 1366 019f 01       		.uleb128 0x1
 1367 01a0 13       		.uleb128 0x13
 1368 01a1 00       		.byte	0
ARM GAS  /tmp/ccjBV4kI.s 			page 25


 1369 01a2 00       		.byte	0
 1370 01a3 1F       		.uleb128 0x1f
 1371 01a4 05       		.uleb128 0x5
 1372 01a5 00       		.byte	0
 1373 01a6 03       		.uleb128 0x3
 1374 01a7 0E       		.uleb128 0xe
 1375 01a8 3A       		.uleb128 0x3a
 1376 01a9 0B       		.uleb128 0xb
 1377 01aa 3B       		.uleb128 0x3b
 1378 01ab 05       		.uleb128 0x5
 1379 01ac 39       		.uleb128 0x39
 1380 01ad 0B       		.uleb128 0xb
 1381 01ae 49       		.uleb128 0x49
 1382 01af 13       		.uleb128 0x13
 1383 01b0 00       		.byte	0
 1384 01b1 00       		.byte	0
 1385 01b2 20       		.uleb128 0x20
 1386 01b3 2E       		.uleb128 0x2e
 1387 01b4 00       		.byte	0
 1388 01b5 3F       		.uleb128 0x3f
 1389 01b6 19       		.uleb128 0x19
 1390 01b7 3C       		.uleb128 0x3c
 1391 01b8 19       		.uleb128 0x19
 1392 01b9 6E       		.uleb128 0x6e
 1393 01ba 0E       		.uleb128 0xe
 1394 01bb 03       		.uleb128 0x3
 1395 01bc 0E       		.uleb128 0xe
 1396 01bd 3A       		.uleb128 0x3a
 1397 01be 0B       		.uleb128 0xb
 1398 01bf 3B       		.uleb128 0x3b
 1399 01c0 05       		.uleb128 0x5
 1400 01c1 39       		.uleb128 0x39
 1401 01c2 0B       		.uleb128 0xb
 1402 01c3 00       		.byte	0
 1403 01c4 00       		.byte	0
 1404 01c5 21       		.uleb128 0x21
 1405 01c6 2E       		.uleb128 0x2e
 1406 01c7 00       		.byte	0
 1407 01c8 3F       		.uleb128 0x3f
 1408 01c9 19       		.uleb128 0x19
 1409 01ca 3C       		.uleb128 0x3c
 1410 01cb 19       		.uleb128 0x19
 1411 01cc 6E       		.uleb128 0x6e
 1412 01cd 0E       		.uleb128 0xe
 1413 01ce 03       		.uleb128 0x3
 1414 01cf 0E       		.uleb128 0xe
 1415 01d0 00       		.byte	0
 1416 01d1 00       		.byte	0
 1417 01d2 00       		.byte	0
 1418              		.section	.debug_loc,"",%progbits
 1419              	.Ldebug_loc0:
 1420              	.LVUS7:
 1421 0000 00       		.uleb128 0
 1422 0001 00       		.uleb128 .LVU54
 1423 0002 00       		.uleb128 .LVU54
 1424 0003 00       		.uleb128 0
 1425              	.LLST7:
ARM GAS  /tmp/ccjBV4kI.s 			page 26


 1426 0004 00000000 		.4byte	.LVL12
 1427 0008 09000000 		.4byte	.LVL13-1
 1428 000c 0100     		.2byte	0x1
 1429 000e 50       		.byte	0x50
 1430 000f 09000000 		.4byte	.LVL13-1
 1431 0013 1A000000 		.4byte	.LFE402
 1432 0017 0400     		.2byte	0x4
 1433 0019 F3       		.byte	0xf3
 1434 001a 01       		.uleb128 0x1
 1435 001b 50       		.byte	0x50
 1436 001c 9F       		.byte	0x9f
 1437 001d 00000000 		.4byte	0
 1438 0021 00000000 		.4byte	0
 1439              	.LVUS8:
 1440 0025 00       		.uleb128 0
 1441 0026 00       		.uleb128 .LVU54
 1442 0027 00       		.uleb128 .LVU54
 1443 0028 00       		.uleb128 0
 1444              	.LLST8:
 1445 0029 00000000 		.4byte	.LVL12
 1446 002d 09000000 		.4byte	.LVL13-1
 1447 0031 0100     		.2byte	0x1
 1448 0033 51       		.byte	0x51
 1449 0034 09000000 		.4byte	.LVL13-1
 1450 0038 1A000000 		.4byte	.LFE402
 1451 003c 0100     		.2byte	0x1
 1452 003e 54       		.byte	0x54
 1453 003f 00000000 		.4byte	0
 1454 0043 00000000 		.4byte	0
 1455              	.LVUS9:
 1456 0047 00       		.uleb128 .LVU62
 1457 0048 00       		.uleb128 .LVU63
 1458 0049 00       		.uleb128 .LVU65
 1459 004a 00       		.uleb128 0
 1460              	.LLST9:
 1461 004b 14000000 		.4byte	.LVL14
 1462 004f 16000000 		.4byte	.LVL15
 1463 0053 0100     		.2byte	0x1
 1464 0055 50       		.byte	0x50
 1465 0056 18000000 		.4byte	.LVL16
 1466 005a 1A000000 		.4byte	.LFE402
 1467 005e 0100     		.2byte	0x1
 1468 0060 50       		.byte	0x50
 1469 0061 00000000 		.4byte	0
 1470 0065 00000000 		.4byte	0
 1471              	.LVUS10:
 1472 0069 00       		.uleb128 .LVU54
 1473 006a 00       		.uleb128 .LVU62
 1474 006b 00       		.uleb128 .LVU63
 1475 006c 00       		.uleb128 .LVU65
 1476              	.LLST10:
 1477 006d 0A000000 		.4byte	.LVL13
 1478 0071 14000000 		.4byte	.LVL14
 1479 0075 0100     		.2byte	0x1
 1480 0077 50       		.byte	0x50
 1481 0078 16000000 		.4byte	.LVL15
 1482 007c 18000000 		.4byte	.LVL16
ARM GAS  /tmp/ccjBV4kI.s 			page 27


 1483 0080 0100     		.2byte	0x1
 1484 0082 50       		.byte	0x50
 1485 0083 00000000 		.4byte	0
 1486 0087 00000000 		.4byte	0
 1487              	.LVUS3:
 1488 008b 00       		.uleb128 0
 1489 008c 00       		.uleb128 .LVU31
 1490 008d 00       		.uleb128 .LVU31
 1491 008e 00       		.uleb128 0
 1492              	.LLST3:
 1493 008f 00000000 		.4byte	.LVL6
 1494 0093 09000000 		.4byte	.LVL7-1
 1495 0097 0100     		.2byte	0x1
 1496 0099 50       		.byte	0x50
 1497 009a 09000000 		.4byte	.LVL7-1
 1498 009e 1C000000 		.4byte	.LFE401
 1499 00a2 0400     		.2byte	0x4
 1500 00a4 F3       		.byte	0xf3
 1501 00a5 01       		.uleb128 0x1
 1502 00a6 50       		.byte	0x50
 1503 00a7 9F       		.byte	0x9f
 1504 00a8 00000000 		.4byte	0
 1505 00ac 00000000 		.4byte	0
 1506              	.LVUS4:
 1507 00b0 00       		.uleb128 0
 1508 00b1 00       		.uleb128 .LVU31
 1509 00b2 00       		.uleb128 .LVU31
 1510 00b3 00       		.uleb128 0
 1511              	.LLST4:
 1512 00b4 00000000 		.4byte	.LVL6
 1513 00b8 09000000 		.4byte	.LVL7-1
 1514 00bc 0100     		.2byte	0x1
 1515 00be 51       		.byte	0x51
 1516 00bf 09000000 		.4byte	.LVL7-1
 1517 00c3 1C000000 		.4byte	.LFE401
 1518 00c7 0100     		.2byte	0x1
 1519 00c9 54       		.byte	0x54
 1520 00ca 00000000 		.4byte	0
 1521 00ce 00000000 		.4byte	0
 1522              	.LVUS5:
 1523 00d2 00       		.uleb128 .LVU39
 1524 00d3 00       		.uleb128 .LVU40
 1525 00d4 00       		.uleb128 .LVU43
 1526 00d5 00       		.uleb128 0
 1527              	.LLST5:
 1528 00d6 12000000 		.4byte	.LVL8
 1529 00da 14000000 		.4byte	.LVL9
 1530 00de 0100     		.2byte	0x1
 1531 00e0 50       		.byte	0x50
 1532 00e1 1A000000 		.4byte	.LVL11
 1533 00e5 1C000000 		.4byte	.LFE401
 1534 00e9 0100     		.2byte	0x1
 1535 00eb 50       		.byte	0x50
 1536 00ec 00000000 		.4byte	0
 1537 00f0 00000000 		.4byte	0
 1538              	.LVUS6:
 1539 00f4 00       		.uleb128 .LVU31
ARM GAS  /tmp/ccjBV4kI.s 			page 28


 1540 00f5 00       		.uleb128 .LVU39
 1541 00f6 00       		.uleb128 .LVU40
 1542 00f7 00       		.uleb128 .LVU42
 1543              	.LLST6:
 1544 00f8 0A000000 		.4byte	.LVL7
 1545 00fc 12000000 		.4byte	.LVL8
 1546 0100 0100     		.2byte	0x1
 1547 0102 50       		.byte	0x50
 1548 0103 14000000 		.4byte	.LVL9
 1549 0107 16000000 		.4byte	.LVL10
 1550 010b 0100     		.2byte	0x1
 1551 010d 50       		.byte	0x50
 1552 010e 00000000 		.4byte	0
 1553 0112 00000000 		.4byte	0
 1554              	.LVUS0:
 1555 0116 00       		.uleb128 0
 1556 0117 00       		.uleb128 .LVU3
 1557 0118 00       		.uleb128 .LVU3
 1558 0119 00       		.uleb128 0
 1559              	.LLST0:
 1560 011a 00000000 		.4byte	.LVL0
 1561 011e 12000000 		.4byte	.LVL1
 1562 0122 0100     		.2byte	0x1
 1563 0124 50       		.byte	0x50
 1564 0125 12000000 		.4byte	.LVL1
 1565 0129 40000000 		.4byte	.LFE400
 1566 012d 0100     		.2byte	0x1
 1567 012f 54       		.byte	0x54
 1568 0130 00000000 		.4byte	0
 1569 0134 00000000 		.4byte	0
 1570              	.LVUS1:
 1571 0138 00       		.uleb128 .LVU3
 1572 0139 00       		.uleb128 .LVU4
 1573 013a 03       		.uleb128 .LVU16
 1574 013b 00       		.uleb128 0
 1575              	.LLST1:
 1576 013c 12000000 		.4byte	.LVL1
 1577 0140 18000000 		.4byte	.LVL2
 1578 0144 0100     		.2byte	0x1
 1579 0146 50       		.byte	0x50
 1580 0147 30000000 		.4byte	.LVL5
 1581 014b 40000000 		.4byte	.LFE400
 1582 014f 0100     		.2byte	0x1
 1583 0151 50       		.byte	0x50
 1584 0152 00000000 		.4byte	0
 1585 0156 00000000 		.4byte	0
 1586              	.LVUS2:
 1587 015a 00       		.uleb128 .LVU3
 1588 015b 00       		.uleb128 .LVU5
 1589 015c 01       		.uleb128 .LVU14
 1590 015d 00       		.uleb128 0
 1591              	.LLST2:
 1592 015e 12000000 		.4byte	.LVL1
 1593 0162 21000000 		.4byte	.LVL3-1
 1594 0166 1E00     		.2byte	0x1e
 1595 0168 91       		.byte	0x91
 1596 0169 64       		.sleb128 -28
ARM GAS  /tmp/ccjBV4kI.s 			page 29


 1597 016a 06       		.byte	0x6
 1598 016b F7       		.byte	0xf7
 1599 016c 2C       		.uleb128 0x2c
 1600 016d F7       		.byte	0xf7
 1601 016e 25       		.uleb128 0x25
 1602 016f 0A       		.byte	0xa
 1603 0170 1027     		.2byte	0x2710
 1604 0172 F7       		.byte	0xf7
 1605 0173 25       		.uleb128 0x25
 1606 0174 1E       		.byte	0x1e
 1607 0175 0A       		.byte	0xa
 1608 0176 E703     		.2byte	0x3e7
 1609 0178 F7       		.byte	0xf7
 1610 0179 25       		.uleb128 0x25
 1611 017a 22       		.byte	0x22
 1612 017b 0A       		.byte	0xa
 1613 017c E803     		.2byte	0x3e8
 1614 017e F7       		.byte	0xf7
 1615 017f 25       		.uleb128 0x25
 1616 0180 1B       		.byte	0x1b
 1617 0181 F7       		.byte	0xf7
 1618 0182 2C       		.uleb128 0x2c
 1619 0183 F7       		.byte	0xf7
 1620 0184 00       		.uleb128 0
 1621 0185 9F       		.byte	0x9f
 1622 0186 30000000 		.4byte	.LVL5
 1623 018a 40000000 		.4byte	.LFE400
 1624 018e 1E00     		.2byte	0x1e
 1625 0190 91       		.byte	0x91
 1626 0191 64       		.sleb128 -28
 1627 0192 06       		.byte	0x6
 1628 0193 F7       		.byte	0xf7
 1629 0194 2C       		.uleb128 0x2c
 1630 0195 F7       		.byte	0xf7
 1631 0196 25       		.uleb128 0x25
 1632 0197 0A       		.byte	0xa
 1633 0198 1027     		.2byte	0x2710
 1634 019a F7       		.byte	0xf7
 1635 019b 25       		.uleb128 0x25
 1636 019c 1E       		.byte	0x1e
 1637 019d 0A       		.byte	0xa
 1638 019e E703     		.2byte	0x3e7
 1639 01a0 F7       		.byte	0xf7
 1640 01a1 25       		.uleb128 0x25
 1641 01a2 22       		.byte	0x22
 1642 01a3 0A       		.byte	0xa
 1643 01a4 E803     		.2byte	0x3e8
 1644 01a6 F7       		.byte	0xf7
 1645 01a7 25       		.uleb128 0x25
 1646 01a8 1B       		.byte	0x1b
 1647 01a9 F7       		.byte	0xf7
 1648 01aa 2C       		.uleb128 0x2c
 1649 01ab F7       		.byte	0xf7
 1650 01ac 00       		.uleb128 0
 1651 01ad 9F       		.byte	0x9f
 1652 01ae 00000000 		.4byte	0
 1653 01b2 00000000 		.4byte	0
ARM GAS  /tmp/ccjBV4kI.s 			page 30


 1654              		.section	.debug_aranges,"",%progbits
 1655 0000 2C000000 		.4byte	0x2c
 1656 0004 0200     		.2byte	0x2
 1657 0006 00000000 		.4byte	.Ldebug_info0
 1658 000a 04       		.byte	0x4
 1659 000b 00       		.byte	0
 1660 000c 0000     		.2byte	0
 1661 000e 0000     		.2byte	0
 1662 0010 00000000 		.4byte	.LFB400
 1663 0014 40000000 		.4byte	.LFE400-.LFB400
 1664 0018 00000000 		.4byte	.LFB401
 1665 001c 1C000000 		.4byte	.LFE401-.LFB401
 1666 0020 00000000 		.4byte	.LFB402
 1667 0024 1A000000 		.4byte	.LFE402-.LFB402
 1668 0028 00000000 		.4byte	0
 1669 002c 00000000 		.4byte	0
 1670              		.section	.debug_ranges,"",%progbits
 1671              	.Ldebug_ranges0:
 1672 0000 06000000 		.4byte	.LBB5
 1673 0004 26000000 		.4byte	.LBE5
 1674 0008 26000000 		.4byte	.LBB10
 1675 000c 3C000000 		.4byte	.LBE10
 1676 0010 00000000 		.4byte	0
 1677 0014 00000000 		.4byte	0
 1678 0018 22000000 		.4byte	.LBB6
 1679 001c 26000000 		.4byte	.LBE6
 1680 0020 30000000 		.4byte	.LBB9
 1681 0024 30000000 		.4byte	.LBE9
 1682 0028 00000000 		.4byte	0
 1683 002c 00000000 		.4byte	0
 1684 0030 00000000 		.4byte	.LFB400
 1685 0034 40000000 		.4byte	.LFE400
 1686 0038 00000000 		.4byte	.LFB401
 1687 003c 1C000000 		.4byte	.LFE401
 1688 0040 00000000 		.4byte	.LFB402
 1689 0044 1A000000 		.4byte	.LFE402
 1690 0048 00000000 		.4byte	0
 1691 004c 00000000 		.4byte	0
 1692              		.section	.debug_line,"",%progbits
 1693              	.Ldebug_line0:
 1694 0000 EA020000 		.section	.debug_str,"MS",%progbits,1
 1694      0300E901 
 1694      00000201 
 1694      FB0E0D00 
 1694      01010101 
 1695              	.LASF15:
 1696 0000 75696E74 		.ascii	"uint32_t\000"
 1696      33325F74 
 1696      00
 1697              	.LASF62:
 1698 0009 666C6173 		.ascii	"flashGetSectorSize\000"
 1698      68476574 
 1698      53656374 
 1698      6F725369 
 1698      7A6500
 1699              	.LASF42:
 1700 001c 61747472 		.ascii	"attributes\000"
ARM GAS  /tmp/ccjBV4kI.s 			page 31


 1700      69627574 
 1700      657300
 1701              	.LASF27:
 1702 0027 666C6173 		.ascii	"flash_state_t\000"
 1702      685F7374 
 1702      6174655F 
 1702      7400
 1703              	.LASF43:
 1704 0035 70616765 		.ascii	"page_size\000"
 1704      5F73697A 
 1704      6500
 1705              	.LASF32:
 1706 003f 464C4153 		.ascii	"FLASH_ERROR_ERASE\000"
 1706      485F4552 
 1706      524F525F 
 1706      45524153 
 1706      4500
 1707              	.LASF57:
 1708 0051 73746174 		.ascii	"state\000"
 1708      6500
 1709              	.LASF16:
 1710 0057 75696E74 		.ascii	"uint64_t\000"
 1710      36345F74 
 1710      00
 1711              	.LASF50:
 1712 0060 6765745F 		.ascii	"get_descriptor\000"
 1712      64657363 
 1712      72697074 
 1712      6F7200
 1713              	.LASF8:
 1714 006f 73686F72 		.ascii	"short int\000"
 1714      7420696E 
 1714      7400
 1715              	.LASF5:
 1716 0079 73697A65 		.ascii	"size_t\000"
 1716      5F7400
 1717              	.LASF54:
 1718 0080 73746172 		.ascii	"start_erase_sector\000"
 1718      745F6572 
 1718      6173655F 
 1718      73656374 
 1718      6F7200
 1719              	.LASF11:
 1720 0093 5F5F7569 		.ascii	"__uint32_t\000"
 1720      6E743332 
 1720      5F7400
 1721              	.LASF72:
 1722 009e 64656C61 		.ascii	"delay\000"
 1722      7900
 1723              	.LASF53:
 1724 00a4 73746172 		.ascii	"start_erase_all\000"
 1724      745F6572 
 1724      6173655F 
 1724      616C6C00 
 1725              	.LASF38:
 1726 00b4 666C6173 		.ascii	"flash_sector_t\000"
 1726      685F7365 
ARM GAS  /tmp/ccjBV4kI.s 			page 32


 1726      63746F72 
 1726      5F7400
 1727              	.LASF26:
 1728 00c3 464C4153 		.ascii	"FLASH_ERASE\000"
 1728      485F4552 
 1728      41534500 
 1729              	.LASF14:
 1730 00cf 75696E74 		.ascii	"uint8_t\000"
 1730      385F7400 
 1731              	.LASF52:
 1732 00d7 70726F67 		.ascii	"program\000"
 1732      72616D00 
 1733              	.LASF60:
 1734 00df 73656374 		.ascii	"sector\000"
 1734      6F7200
 1735              	.LASF65:
 1736 00e6 666C6173 		.ascii	"flashWaitErase\000"
 1736      68576169 
 1736      74457261 
 1736      736500
 1737              	.LASF3:
 1738 00f5 6C6F6E67 		.ascii	"long double\000"
 1738      20646F75 
 1738      626C6500 
 1739              	.LASF35:
 1740 0101 464C4153 		.ascii	"FLASH_ERROR_UNIMPLEMENTED\000"
 1740      485F4552 
 1740      524F525F 
 1740      554E494D 
 1740      504C454D 
 1741              	.LASF51:
 1742 011b 72656164 		.ascii	"read\000"
 1742      00
 1743              	.LASF2:
 1744 0120 6C6F6E67 		.ascii	"long long int\000"
 1744      206C6F6E 
 1744      6720696E 
 1744      7400
 1745              	.LASF0:
 1746 012e 6C6F6E67 		.ascii	"long long unsigned int\000"
 1746      206C6F6E 
 1746      6720756E 
 1746      7369676E 
 1746      65642069 
 1747              	.LASF49:
 1748 0145 696E7374 		.ascii	"instance_offset\000"
 1748      616E6365 
 1748      5F6F6666 
 1748      73657400 
 1749              	.LASF55:
 1750 0155 71756572 		.ascii	"query_erase\000"
 1750      795F6572 
 1750      61736500 
 1751              	.LASF10:
 1752 0161 6C6F6E67 		.ascii	"long int\000"
 1752      20696E74 
 1752      00
ARM GAS  /tmp/ccjBV4kI.s 			page 33


 1753              	.LASF67:
 1754 016a 2E2E2F43 		.ascii	"../ChibiOS/os/hal/src/hal_flash.c\000"
 1754      68696269 
 1754      4F532F6F 
 1754      732F6861 
 1754      6C2F7372 
 1755              	.LASF6:
 1756 018c 5F5F7569 		.ascii	"__uint8_t\000"
 1756      6E74385F 
 1756      7400
 1757              	.LASF41:
 1758 0196 666C6173 		.ascii	"flash_sector_descriptor_t\000"
 1758      685F7365 
 1758      63746F72 
 1758      5F646573 
 1758      63726970 
 1759              	.LASF66:
 1760 01b0 474E5520 		.ascii	"GNU C17 10.3.1 20210621 (release) -mcpu=cortex-m4 -"
 1760      43313720 
 1760      31302E33 
 1760      2E312032 
 1760      30323130 
 1761 01e3 6D746875 		.ascii	"mthumb -mfloat-abi=soft -march=armv7e-m -ggdb -O2 -"
 1761      6D62202D 
 1761      6D666C6F 
 1761      61742D61 
 1761      62693D73 
 1762 0216 666F6D69 		.ascii	"fomit-frame-pointer -falign-functions=16 -ffunction"
 1762      742D6672 
 1762      616D652D 
 1762      706F696E 
 1762      74657220 
 1763 0249 2D736563 		.ascii	"-sections -fdata-sections -fno-common\000"
 1763      74696F6E 
 1763      73202D66 
 1763      64617461 
 1763      2D736563 
 1764              	.LASF7:
 1765 026f 756E7369 		.ascii	"unsigned char\000"
 1765      676E6564 
 1765      20636861 
 1765      7200
 1766              	.LASF64:
 1767 027d 5F5F6675 		.ascii	"__func__\000"
 1767      6E635F5F 
 1767      00
 1768              	.LASF56:
 1769 0286 76657269 		.ascii	"verify_erase\000"
 1769      66795F65 
 1769      72617365 
 1769      00
 1770              	.LASF4:
 1771 0293 7369676E 		.ascii	"signed char\000"
 1771      65642063 
 1771      68617200 
 1772              	.LASF47:
 1773 029f 61646472 		.ascii	"address\000"
ARM GAS  /tmp/ccjBV4kI.s 			page 34


 1773      65737300 
 1774              	.LASF46:
 1775 02a7 73656374 		.ascii	"sectors_size\000"
 1775      6F72735F 
 1775      73697A65 
 1775      00
 1776              	.LASF45:
 1777 02b4 73656374 		.ascii	"sectors\000"
 1777      6F727300 
 1778              	.LASF1:
 1779 02bc 756E7369 		.ascii	"unsigned int\000"
 1779      676E6564 
 1779      20696E74 
 1779      00
 1780              	.LASF48:
 1781 02c9 666C6173 		.ascii	"flash_descriptor_t\000"
 1781      685F6465 
 1781      73637269 
 1781      70746F72 
 1781      5F7400
 1782              	.LASF74:
 1783 02dc 5F5F6165 		.ascii	"__aeabi_uldivmod\000"
 1783      6162695F 
 1783      756C6469 
 1783      766D6F64 
 1783      00
 1784              	.LASF23:
 1785 02ed 464C4153 		.ascii	"FLASH_READY\000"
 1785      485F5245 
 1785      41445900 
 1786              	.LASF29:
 1787 02f9 464C4153 		.ascii	"FLASH_BUSY_ERASING\000"
 1787      485F4255 
 1787      53595F45 
 1787      52415349 
 1787      4E4700
 1788              	.LASF68:
 1789 030c 2F686F6D 		.ascii	"/home/bhimebau/forge/analog_in_out/application\000"
 1789      652F6268 
 1789      696D6562 
 1789      61752F66 
 1789      6F726765 
 1790              	.LASF30:
 1791 033b 464C4153 		.ascii	"FLASH_ERROR_READ\000"
 1791      485F4552 
 1791      524F525F 
 1791      52454144 
 1791      00
 1792              	.LASF9:
 1793 034c 73686F72 		.ascii	"short unsigned int\000"
 1793      7420756E 
 1793      7369676E 
 1793      65642069 
 1793      6E7400
 1794              	.LASF39:
 1795 035f 6F666673 		.ascii	"offset\000"
 1795      657400
ARM GAS  /tmp/ccjBV4kI.s 			page 35


 1796              	.LASF28:
 1797 0366 464C4153 		.ascii	"FLASH_NO_ERROR\000"
 1797      485F4E4F 
 1797      5F455252 
 1797      4F5200
 1798              	.LASF71:
 1799 0375 6F73616C 		.ascii	"osalThreadSleep\000"
 1799      54687265 
 1799      6164536C 
 1799      65657000 
 1800              	.LASF17:
 1801 0385 63686172 		.ascii	"char\000"
 1801      00
 1802              	.LASF37:
 1803 038a 666C6173 		.ascii	"flash_offset_t\000"
 1803      685F6F66 
 1803      66736574 
 1803      5F7400
 1804              	.LASF24:
 1805 0399 464C4153 		.ascii	"FLASH_READ\000"
 1805      485F5245 
 1805      414400
 1806              	.LASF20:
 1807 03a4 5F426F6F 		.ascii	"_Bool\000"
 1807      6C00
 1808              	.LASF18:
 1809 03aa 73797369 		.ascii	"sysinterval_t\000"
 1809      6E746572 
 1809      76616C5F 
 1809      7400
 1810              	.LASF13:
 1811 03b8 5F5F7569 		.ascii	"__uint64_t\000"
 1811      6E743634 
 1811      5F7400
 1812              	.LASF21:
 1813 03c3 464C4153 		.ascii	"FLASH_UNINIT\000"
 1813      485F554E 
 1813      494E4954 
 1813      00
 1814              	.LASF12:
 1815 03d0 6C6F6E67 		.ascii	"long unsigned int\000"
 1815      20756E73 
 1815      69676E65 
 1815      6420696E 
 1815      7400
 1816              	.LASF63:
 1817 03e2 666C6173 		.ascii	"flashGetSectorOffset\000"
 1817      68476574 
 1817      53656374 
 1817      6F724F66 
 1817      66736574 
 1818              	.LASF69:
 1819 03f7 42617365 		.ascii	"BaseFlashVMT\000"
 1819      466C6173 
 1819      68564D54 
 1819      00
 1820              	.LASF40:
ARM GAS  /tmp/ccjBV4kI.s 			page 36


 1821 0404 73697A65 		.ascii	"size\000"
 1821      00
 1822              	.LASF73:
 1823 0409 63685468 		.ascii	"chThdSleep\000"
 1823      64536C65 
 1823      657000
 1824              	.LASF25:
 1825 0414 464C4153 		.ascii	"FLASH_PGM\000"
 1825      485F5047 
 1825      4D00
 1826              	.LASF59:
 1827 041e 64657670 		.ascii	"devp\000"
 1827      00
 1828              	.LASF19:
 1829 0423 74696D65 		.ascii	"time_conv_t\000"
 1829      5F636F6E 
 1829      765F7400 
 1830              	.LASF31:
 1831 042f 464C4153 		.ascii	"FLASH_ERROR_PROGRAM\000"
 1831      485F4552 
 1831      524F525F 
 1831      50524F47 
 1831      52414D00 
 1832              	.LASF36:
 1833 0443 666C6173 		.ascii	"flash_error_t\000"
 1833      685F6572 
 1833      726F725F 
 1833      7400
 1834              	.LASF33:
 1835 0451 464C4153 		.ascii	"FLASH_ERROR_VERIFY\000"
 1835      485F4552 
 1835      524F525F 
 1835      56455249 
 1835      465900
 1836              	.LASF58:
 1837 0464 42617365 		.ascii	"BaseFlash\000"
 1837      466C6173 
 1837      6800
 1838              	.LASF34:
 1839 046e 464C4153 		.ascii	"FLASH_ERROR_HW_FAILURE\000"
 1839      485F4552 
 1839      524F525F 
 1839      48575F46 
 1839      41494C55 
 1840              	.LASF70:
 1841 0485 6D736563 		.ascii	"msec\000"
 1841      00
 1842              	.LASF22:
 1843 048a 464C4153 		.ascii	"FLASH_STOP\000"
 1843      485F5354 
 1843      4F5000
 1844              	.LASF44:
 1845 0495 73656374 		.ascii	"sectors_count\000"
 1845      6F72735F 
 1845      636F756E 
 1845      7400
 1846              	.LASF61:
ARM GAS  /tmp/ccjBV4kI.s 			page 37


 1847 04a3 64657363 		.ascii	"descriptor\000"
 1847      72697074 
 1847      6F7200
 1848              		.ident	"GCC: (GNU Arm Embedded Toolchain 10.3-2021.07) 10.3.1 20210621 (release)"
ARM GAS  /tmp/ccjBV4kI.s 			page 38


DEFINED SYMBOLS
                            *ABS*:0000000000000000 hal_flash.c
     /tmp/ccjBV4kI.s:18     .text.flashWaitErase:0000000000000000 $t
     /tmp/ccjBV4kI.s:27     .text.flashWaitErase:0000000000000000 flashWaitErase
     /tmp/ccjBV4kI.s:115    .text.flashGetSectorOffset:0000000000000000 $t
     /tmp/ccjBV4kI.s:123    .text.flashGetSectorOffset:0000000000000000 flashGetSectorOffset
     /tmp/ccjBV4kI.s:177    .text.flashGetSectorSize:0000000000000000 $t
     /tmp/ccjBV4kI.s:185    .text.flashGetSectorSize:0000000000000000 flashGetSectorSize

UNDEFINED SYMBOLS
__aeabi_uldivmod
__aeabi_ldivmod
chThdSleep
