ARM GAS  /tmp/ccueWDGh.s 			page 1


   1              		.cpu cortex-m4
   2              		.eabi_attribute 20, 1
   3              		.eabi_attribute 21, 1
   4              		.eabi_attribute 23, 3
   5              		.eabi_attribute 24, 1
   6              		.eabi_attribute 25, 1
   7              		.eabi_attribute 26, 1
   8              		.eabi_attribute 30, 2
   9              		.eabi_attribute 34, 1
  10              		.eabi_attribute 18, 4
  11              		.file	"hal_pal.c"
  12              		.text
  13              	.Ltext0:
  14              		.cfi_sections	.debug_frame
  15              		.section	.text.palReadBus,"ax",%progbits
  16              		.align	1
  17              		.p2align 4,,15
  18              		.global	palReadBus
  19              		.arch armv7e-m
  20              		.syntax unified
  21              		.thumb
  22              		.thumb_func
  23              		.fpu softvfp
  24              		.type	palReadBus, %function
  25              	palReadBus:
  26              	.LVL0:
  27              	.LFB400:
  28              		.file 1 "../ChibiOS/os/hal/src/hal_pal.c"
  29              		.loc 1 65 43 view -0
  30              		.cfi_startproc
  31              		@ args = 0, pretend = 0, frame = 0
  32              		@ frame_needed = 0, uses_anonymous_args = 0
  33              		@ link register save eliminated.
  34              		.loc 1 67 3 view .LVU1
  35              		.loc 1 67 3 view .LVU2
  36              		.loc 1 67 3 view .LVU3
  37              		.loc 1 69 3 view .LVU4
  38              		.loc 1 69 10 is_stmt 0 view .LVU5
  39 0000 0368     		ldr	r3, [r0]
  40 0002 8268     		ldr	r2, [r0, #8]
  41 0004 1B69     		ldr	r3, [r3, #16]
  42 0006 4068     		ldr	r0, [r0, #4]
  43              	.LVL1:
  44              		.loc 1 69 10 view .LVU6
  45 0008 D340     		lsrs	r3, r3, r2
  46              		.loc 1 70 1 view .LVU7
  47 000a 1840     		ands	r0, r0, r3
  48 000c 7047     		bx	lr
  49              		.cfi_endproc
  50              	.LFE400:
  51              		.size	palReadBus, .-palReadBus
  52 000e 00BF     		.section	.text.palWriteBus,"ax",%progbits
  53              		.align	1
  54              		.p2align 4,,15
  55              		.global	palWriteBus
  56              		.syntax unified
  57              		.thumb
ARM GAS  /tmp/ccueWDGh.s 			page 2


  58              		.thumb_func
  59              		.fpu softvfp
  60              		.type	palWriteBus, %function
  61              	palWriteBus:
  62              	.LVL2:
  63              	.LFB401:
  64              		.loc 1 90 55 is_stmt 1 view -0
  65              		.cfi_startproc
  66              		@ args = 0, pretend = 0, frame = 0
  67              		@ frame_needed = 0, uses_anonymous_args = 0
  68              		@ link register save eliminated.
  69              		.loc 1 92 3 view .LVU9
  70              		.loc 1 92 3 view .LVU10
  71              		.loc 1 92 3 view .LVU11
  72              	.LBB2:
  73              		.loc 1 94 3 view .LVU12
  74              	.LBE2:
  75              		.loc 1 90 55 is_stmt 0 view .LVU13
  76 0000 10B4     		push	{r4}
  77              		.cfi_def_cfa_offset 4
  78              		.cfi_offset 4, -4
  79              	.LBB3:
  80              		.loc 1 94 3 view .LVU14
  81 0002 D0E90142 		ldrd	r4, r2, [r0, #4]
  82 0006 24EA0103 		bic	r3, r4, r1
  83 000a 2140     		ands	r1, r1, r4
  84              	.LVL3:
  85              		.loc 1 94 3 view .LVU15
  86 000c 9140     		lsls	r1, r1, r2
  87 000e 1032     		adds	r2, r2, #16
  88 0010 0068     		ldr	r0, [r0]
  89              	.LVL4:
  90              		.loc 1 94 3 view .LVU16
  91              	.LBE3:
  92              		.loc 1 95 1 view .LVU17
  93 0012 10BC     		pop	{r4}
  94              		.cfi_restore 4
  95              		.cfi_def_cfa_offset 0
  96              	.LBB4:
  97              		.loc 1 94 3 view .LVU18
  98 0014 9340     		lsls	r3, r3, r2
  99 0016 1943     		orrs	r1, r1, r3
 100              	.LVL5:
 101              		.loc 1 94 3 is_stmt 1 view .LVU19
 102 0018 8161     		str	r1, [r0, #24]
 103              	.LBE4:
 104              		.loc 1 94 59 view .LVU20
 105              		.loc 1 95 1 is_stmt 0 view .LVU21
 106 001a 7047     		bx	lr
 107              		.cfi_endproc
 108              	.LFE401:
 109              		.size	palWriteBus, .-palWriteBus
 110              		.section	.text.palSetBusMode,"ax",%progbits
 111              		.align	1
 112              		.p2align 4,,15
 113              		.global	palSetBusMode
 114              		.syntax unified
ARM GAS  /tmp/ccueWDGh.s 			page 3


 115              		.thumb
 116              		.thumb_func
 117              		.fpu softvfp
 118              		.type	palSetBusMode, %function
 119              	palSetBusMode:
 120              	.LVL6:
 121              	.LFB402:
 122              		.loc 1 113 53 is_stmt 1 view -0
 123              		.cfi_startproc
 124              		@ args = 0, pretend = 0, frame = 0
 125              		@ frame_needed = 0, uses_anonymous_args = 0
 126              		@ link register save eliminated.
 127              		.loc 1 115 3 view .LVU23
 128              		.loc 1 115 3 view .LVU24
 129              		.loc 1 115 3 view .LVU25
 130              		.loc 1 117 3 view .LVU26
 131              		.loc 1 113 53 is_stmt 0 view .LVU27
 132 0000 10B4     		push	{r4}
 133              		.cfi_def_cfa_offset 4
 134              		.cfi_offset 4, -4
 135              		.loc 1 113 53 view .LVU28
 136 0002 0A46     		mov	r2, r1
 137              		.loc 1 117 3 view .LVU29
 138 0004 D0E90141 		ldrd	r4, r1, [r0, #4]
 139              	.LVL7:
 140              		.loc 1 117 3 view .LVU30
 141 0008 0068     		ldr	r0, [r0]
 142              	.LVL8:
 143              		.loc 1 117 3 view .LVU31
 144 000a 04FA01F1 		lsl	r1, r4, r1
 145              		.loc 1 118 1 view .LVU32
 146 000e 10BC     		pop	{r4}
 147              		.cfi_restore 4
 148              		.cfi_def_cfa_offset 0
 149              		.loc 1 117 3 view .LVU33
 150 0010 FFF7FEBF 		b	_pal_lld_setgroupmode
 151              	.LVL9:
 152              		.loc 1 117 3 view .LVU34
 153              		.cfi_endproc
 154              	.LFE402:
 155              		.size	palSetBusMode, .-palSetBusMode
 156              		.text
 157              	.Letext0:
 158              		.file 2 "/opt/gcc-arm-none-eabi/gcc-arm-none-eabi-10.3-2021.07/arm-none-eabi/include/machine/_defa
 159              		.file 3 "/opt/gcc-arm-none-eabi/gcc-arm-none-eabi-10.3-2021.07/arm-none-eabi/include/sys/_stdint.h
 160              		.file 4 "/opt/gcc-arm-none-eabi/gcc-arm-none-eabi-10.3-2021.07/arm-none-eabi/include/stdint.h"
 161              		.file 5 "../ChibiOS/os/hal/ports/STM32/LLD/GPIOv3/stm32_gpio.h"
 162              		.file 6 "../ChibiOS/os/hal/ports/STM32/LLD/GPIOv3/hal_pal_lld.h"
 163              		.file 7 "../ChibiOS/os/hal/include/hal_pal.h"
 164              		.section	.debug_info,"",%progbits
 165              	.Ldebug_info0:
 166 0000 6C030000 		.4byte	0x36c
 167 0004 0400     		.2byte	0x4
 168 0006 00000000 		.4byte	.Ldebug_abbrev0
 169 000a 04       		.byte	0x4
 170 000b 01       		.uleb128 0x1
 171 000c FE000000 		.4byte	.LASF40
ARM GAS  /tmp/ccueWDGh.s 			page 4


 172 0010 0C       		.byte	0xc
 173 0011 BD010000 		.4byte	.LASF41
 174 0015 24000000 		.4byte	.LASF42
 175 0019 20000000 		.4byte	.Ldebug_ranges0+0x20
 176 001d 00000000 		.4byte	0
 177 0021 00000000 		.4byte	.Ldebug_line0
 178 0025 02       		.uleb128 0x2
 179 0026 04       		.byte	0x4
 180 0027 05       		.byte	0x5
 181 0028 696E7400 		.ascii	"int\000"
 182 002c 03       		.uleb128 0x3
 183 002d 04       		.byte	0x4
 184 002e 07       		.byte	0x7
 185 002f FE010000 		.4byte	.LASF0
 186 0033 03       		.uleb128 0x3
 187 0034 08       		.byte	0x8
 188 0035 05       		.byte	0x5
 189 0036 2E020000 		.4byte	.LASF1
 190 003a 03       		.uleb128 0x3
 191 003b 08       		.byte	0x8
 192 003c 04       		.byte	0x4
 193 003d 73020000 		.4byte	.LASF2
 194 0041 03       		.uleb128 0x3
 195 0042 01       		.byte	0x1
 196 0043 06       		.byte	0x6
 197 0044 7F020000 		.4byte	.LASF3
 198 0048 03       		.uleb128 0x3
 199 0049 01       		.byte	0x1
 200 004a 08       		.byte	0x8
 201 004b A9000000 		.4byte	.LASF4
 202 004f 03       		.uleb128 0x3
 203 0050 02       		.byte	0x2
 204 0051 05       		.byte	0x5
 205 0052 64000000 		.4byte	.LASF5
 206 0056 04       		.uleb128 0x4
 207 0057 F3000000 		.4byte	.LASF8
 208 005b 02       		.byte	0x2
 209 005c 39       		.byte	0x39
 210 005d 19       		.byte	0x19
 211 005e 62000000 		.4byte	0x62
 212 0062 03       		.uleb128 0x3
 213 0063 02       		.byte	0x2
 214 0064 07       		.byte	0x7
 215 0065 CE000000 		.4byte	.LASF6
 216 0069 03       		.uleb128 0x3
 217 006a 04       		.byte	0x4
 218 006b 05       		.byte	0x5
 219 006c 6A020000 		.4byte	.LASF7
 220 0070 04       		.uleb128 0x4
 221 0071 DD010000 		.4byte	.LASF9
 222 0075 02       		.byte	0x2
 223 0076 4F       		.byte	0x4f
 224 0077 19       		.byte	0x19
 225 0078 7C000000 		.4byte	0x7c
 226 007c 03       		.uleb128 0x3
 227 007d 04       		.byte	0x4
 228 007e 07       		.byte	0x7
ARM GAS  /tmp/ccueWDGh.s 			page 5


 229 007f BC000000 		.4byte	.LASF10
 230 0083 03       		.uleb128 0x3
 231 0084 08       		.byte	0x8
 232 0085 07       		.byte	0x7
 233 0086 91020000 		.4byte	.LASF11
 234 008a 04       		.uleb128 0x4
 235 008b 58020000 		.4byte	.LASF12
 236 008f 03       		.byte	0x3
 237 0090 24       		.byte	0x24
 238 0091 14       		.byte	0x14
 239 0092 56000000 		.4byte	0x56
 240 0096 04       		.uleb128 0x4
 241 0097 61020000 		.4byte	.LASF13
 242 009b 03       		.byte	0x3
 243 009c 30       		.byte	0x30
 244 009d 14       		.byte	0x14
 245 009e 70000000 		.4byte	0x70
 246 00a2 05       		.uleb128 0x5
 247 00a3 96000000 		.4byte	0x96
 248 00a7 04       		.uleb128 0x4
 249 00a8 E6000000 		.4byte	.LASF14
 250 00ac 04       		.byte	0x4
 251 00ad 34       		.byte	0x34
 252 00ae 1F       		.byte	0x1f
 253 00af 2C000000 		.4byte	0x2c
 254 00b3 03       		.uleb128 0x3
 255 00b4 01       		.byte	0x1
 256 00b5 08       		.byte	0x8
 257 00b6 0B020000 		.4byte	.LASF15
 258 00ba 06       		.uleb128 0x6
 259 00bb B3000000 		.4byte	0xb3
 260 00bf 03       		.uleb128 0x3
 261 00c0 01       		.byte	0x1
 262 00c1 02       		.byte	0x2
 263 00c2 8B020000 		.4byte	.LASF16
 264 00c6 07       		.uleb128 0x7
 265 00c7 04       		.byte	0x4
 266 00c8 05       		.byte	0x5
 267 00c9 5B       		.byte	0x5b
 268 00ca 05       		.byte	0x5
 269 00cb EA000000 		.4byte	0xea
 270 00cf 08       		.uleb128 0x8
 271 00d0 73657400 		.ascii	"set\000"
 272 00d4 05       		.byte	0x5
 273 00d5 5C       		.byte	0x5c
 274 00d6 19       		.byte	0x19
 275 00d7 8A000000 		.4byte	0x8a
 276 00db 00       		.byte	0
 277 00dc 09       		.uleb128 0x9
 278 00dd 0D000000 		.4byte	.LASF17
 279 00e1 05       		.byte	0x5
 280 00e2 5D       		.byte	0x5d
 281 00e3 19       		.byte	0x19
 282 00e4 8A000000 		.4byte	0x8a
 283 00e8 02       		.byte	0x2
 284 00e9 00       		.byte	0
 285 00ea 0A       		.uleb128 0xa
ARM GAS  /tmp/ccueWDGh.s 			page 6


 286 00eb 04       		.byte	0x4
 287 00ec 05       		.byte	0x5
 288 00ed 59       		.byte	0x59
 289 00ee 0C       		.byte	0xc
 290 00ef 08010000 		.4byte	0x108
 291 00f3 0B       		.uleb128 0xb
 292 00f4 5700     		.ascii	"W\000"
 293 00f6 05       		.byte	0x5
 294 00f7 5A       		.byte	0x5a
 295 00f8 19       		.byte	0x19
 296 00f9 96000000 		.4byte	0x96
 297 00fd 0B       		.uleb128 0xb
 298 00fe 4800     		.ascii	"H\000"
 299 0100 05       		.byte	0x5
 300 0101 5E       		.byte	0x5e
 301 0102 07       		.byte	0x7
 302 0103 C6000000 		.4byte	0xc6
 303 0107 00       		.byte	0
 304 0108 05       		.uleb128 0x5
 305 0109 EA000000 		.4byte	0xea
 306 010d 07       		.uleb128 0x7
 307 010e 30       		.byte	0x30
 308 010f 05       		.byte	0x5
 309 0110 51       		.byte	0x51
 310 0111 09       		.byte	0x9
 311 0112 B3010000 		.4byte	0x1b3
 312 0116 09       		.uleb128 0x9
 313 0117 13000000 		.4byte	.LASF18
 314 011b 05       		.byte	0x5
 315 011c 53       		.byte	0x53
 316 011d 19       		.byte	0x19
 317 011e A2000000 		.4byte	0xa2
 318 0122 00       		.byte	0
 319 0123 09       		.uleb128 0x9
 320 0124 99000000 		.4byte	.LASF19
 321 0128 05       		.byte	0x5
 322 0129 54       		.byte	0x54
 323 012a 19       		.byte	0x19
 324 012b A2000000 		.4byte	0xa2
 325 012f 04       		.byte	0x4
 326 0130 09       		.uleb128 0x9
 327 0131 05000000 		.4byte	.LASF20
 328 0135 05       		.byte	0x5
 329 0136 55       		.byte	0x55
 330 0137 19       		.byte	0x19
 331 0138 A2000000 		.4byte	0xa2
 332 013c 08       		.byte	0x8
 333 013d 09       		.uleb128 0x9
 334 013e 28020000 		.4byte	.LASF21
 335 0142 05       		.byte	0x5
 336 0143 56       		.byte	0x56
 337 0144 19       		.byte	0x19
 338 0145 A2000000 		.4byte	0xa2
 339 0149 0C       		.byte	0xc
 340 014a 08       		.uleb128 0x8
 341 014b 49445200 		.ascii	"IDR\000"
 342 014f 05       		.byte	0x5
ARM GAS  /tmp/ccueWDGh.s 			page 7


 343 0150 57       		.byte	0x57
 344 0151 19       		.byte	0x19
 345 0152 A2000000 		.4byte	0xa2
 346 0156 10       		.byte	0x10
 347 0157 08       		.uleb128 0x8
 348 0158 4F445200 		.ascii	"ODR\000"
 349 015c 05       		.byte	0x5
 350 015d 58       		.byte	0x58
 351 015e 19       		.byte	0x19
 352 015f A2000000 		.4byte	0xa2
 353 0163 14       		.byte	0x14
 354 0164 09       		.uleb128 0x9
 355 0165 53000000 		.4byte	.LASF22
 356 0169 05       		.byte	0x5
 357 016a 5F       		.byte	0x5f
 358 016b 05       		.byte	0x5
 359 016c 08010000 		.4byte	0x108
 360 0170 18       		.byte	0x18
 361 0171 09       		.uleb128 0x9
 362 0172 15020000 		.4byte	.LASF23
 363 0176 05       		.byte	0x5
 364 0177 60       		.byte	0x60
 365 0178 19       		.byte	0x19
 366 0179 A2000000 		.4byte	0xa2
 367 017d 1C       		.byte	0x1c
 368 017e 09       		.uleb128 0x9
 369 017f E1000000 		.4byte	.LASF24
 370 0183 05       		.byte	0x5
 371 0184 61       		.byte	0x61
 372 0185 19       		.byte	0x19
 373 0186 A2000000 		.4byte	0xa2
 374 018a 20       		.byte	0x20
 375 018b 09       		.uleb128 0x9
 376 018c B7000000 		.4byte	.LASF25
 377 0190 05       		.byte	0x5
 378 0191 62       		.byte	0x62
 379 0192 19       		.byte	0x19
 380 0193 A2000000 		.4byte	0xa2
 381 0197 24       		.byte	0x24
 382 0198 08       		.uleb128 0x8
 383 0199 42525200 		.ascii	"BRR\000"
 384 019d 05       		.byte	0x5
 385 019e 63       		.byte	0x63
 386 019f 19       		.byte	0x19
 387 01a0 A2000000 		.4byte	0xa2
 388 01a4 28       		.byte	0x28
 389 01a5 09       		.uleb128 0x9
 390 01a6 00000000 		.4byte	.LASF26
 391 01aa 05       		.byte	0x5
 392 01ab 64       		.byte	0x64
 393 01ac 19       		.byte	0x19
 394 01ad A2000000 		.4byte	0xa2
 395 01b1 2C       		.byte	0x2c
 396 01b2 00       		.byte	0
 397 01b3 04       		.uleb128 0x4
 398 01b4 1B020000 		.4byte	.LASF27
 399 01b8 05       		.byte	0x5
ARM GAS  /tmp/ccueWDGh.s 			page 8


 400 01b9 65       		.byte	0x65
 401 01ba 03       		.byte	0x3
 402 01bb 0D010000 		.4byte	0x10d
 403 01bf 04       		.uleb128 0x4
 404 01c0 83000000 		.4byte	.LASF28
 405 01c4 06       		.byte	0x6
 406 01c5 EA       		.byte	0xea
 407 01c6 12       		.byte	0x12
 408 01c7 96000000 		.4byte	0x96
 409 01cb 04       		.uleb128 0x4
 410 01cc A0000000 		.4byte	.LASF29
 411 01d0 06       		.byte	0x6
 412 01d1 EF       		.byte	0xef
 413 01d2 12       		.byte	0x12
 414 01d3 96000000 		.4byte	0x96
 415 01d7 0C       		.uleb128 0xc
 416 01d8 4D020000 		.4byte	.LASF30
 417 01dc 06       		.byte	0x6
 418 01dd 0101     		.2byte	0x101
 419 01df 18       		.byte	0x18
 420 01e0 E4010000 		.4byte	0x1e4
 421 01e4 0D       		.uleb128 0xd
 422 01e5 04       		.byte	0x4
 423 01e6 B3010000 		.4byte	0x1b3
 424 01ea 07       		.uleb128 0x7
 425 01eb 0C       		.byte	0xc
 426 01ec 07       		.byte	0x7
 427 01ed B7       		.byte	0xb7
 428 01ee 09       		.byte	0x9
 429 01ef 1B020000 		.4byte	0x21b
 430 01f3 09       		.uleb128 0x9
 431 01f4 7C000000 		.4byte	.LASF31
 432 01f8 07       		.byte	0x7
 433 01f9 BB       		.byte	0xbb
 434 01fa 19       		.byte	0x19
 435 01fb D7010000 		.4byte	0x1d7
 436 01ff 00       		.byte	0
 437 0200 09       		.uleb128 0x9
 438 0201 3C020000 		.4byte	.LASF32
 439 0205 07       		.byte	0x7
 440 0206 C1       		.byte	0xc1
 441 0207 19       		.byte	0x19
 442 0208 BF010000 		.4byte	0x1bf
 443 020c 04       		.byte	0x4
 444 020d 09       		.uleb128 0x9
 445 020e 46020000 		.4byte	.LASF33
 446 0212 07       		.byte	0x7
 447 0213 C5       		.byte	0xc5
 448 0214 19       		.byte	0x19
 449 0215 A7000000 		.4byte	0xa7
 450 0219 08       		.byte	0x8
 451 021a 00       		.byte	0
 452 021b 04       		.uleb128 0x4
 453 021c A8020000 		.4byte	.LASF34
 454 0220 07       		.byte	0x7
 455 0221 C6       		.byte	0xc6
 456 0222 03       		.byte	0x3
ARM GAS  /tmp/ccueWDGh.s 			page 9


 457 0223 EA010000 		.4byte	0x1ea
 458 0227 06       		.uleb128 0x6
 459 0228 1B020000 		.4byte	0x21b
 460 022c 0E       		.uleb128 0xe
 461 022d 6E000000 		.4byte	.LASF36
 462 0231 01       		.byte	0x1
 463 0232 71       		.byte	0x71
 464 0233 06       		.byte	0x6
 465 0234 00000000 		.4byte	.LFB402
 466 0238 14000000 		.4byte	.LFE402-.LFB402
 467 023c 01       		.uleb128 0x1
 468 023d 9C       		.byte	0x9c
 469 023e 85020000 		.4byte	0x285
 470 0242 0F       		.uleb128 0xf
 471 0243 62757300 		.ascii	"bus\000"
 472 0247 01       		.byte	0x1
 473 0248 71       		.byte	0x71
 474 0249 21       		.byte	0x21
 475 024a 85020000 		.4byte	0x285
 476 024e 04000000 		.4byte	.LLST4
 477 0252 00000000 		.4byte	.LVUS4
 478 0256 10       		.uleb128 0x10
 479 0257 10020000 		.4byte	.LASF35
 480 025b 01       		.byte	0x1
 481 025c 71       		.byte	0x71
 482 025d 2F       		.byte	0x2f
 483 025e CB010000 		.4byte	0x1cb
 484 0262 2B000000 		.4byte	.LLST5
 485 0266 25000000 		.4byte	.LVUS5
 486 026a 11       		.uleb128 0x11
 487 026b 90000000 		.4byte	.LASF39
 488 026f 9B020000 		.4byte	0x29b
 489 0273 12       		.uleb128 0x12
 490 0274 14000000 		.4byte	.LVL9
 491 0278 62030000 		.4byte	0x362
 492 027c 13       		.uleb128 0x13
 493 027d 01       		.uleb128 0x1
 494 027e 52       		.byte	0x52
 495 027f 03       		.uleb128 0x3
 496 0280 F3       		.byte	0xf3
 497 0281 01       		.uleb128 0x1
 498 0282 51       		.byte	0x51
 499 0283 00       		.byte	0
 500 0284 00       		.byte	0
 501 0285 0D       		.uleb128 0xd
 502 0286 04       		.byte	0x4
 503 0287 27020000 		.4byte	0x227
 504 028b 14       		.uleb128 0x14
 505 028c BA000000 		.4byte	0xba
 506 0290 9B020000 		.4byte	0x29b
 507 0294 15       		.uleb128 0x15
 508 0295 2C000000 		.4byte	0x2c
 509 0299 0D       		.byte	0xd
 510 029a 00       		.byte	0
 511 029b 06       		.uleb128 0x6
 512 029c 8B020000 		.4byte	0x28b
 513 02a0 0E       		.uleb128 0xe
ARM GAS  /tmp/ccueWDGh.s 			page 10


 514 02a1 58000000 		.4byte	.LASF37
 515 02a5 01       		.byte	0x1
 516 02a6 5A       		.byte	0x5a
 517 02a7 06       		.byte	0x6
 518 02a8 00000000 		.4byte	.LFB401
 519 02ac 1C000000 		.4byte	.LFE401-.LFB401
 520 02b0 01       		.uleb128 0x1
 521 02b1 9C       		.byte	0x9c
 522 02b2 00030000 		.4byte	0x300
 523 02b6 0F       		.uleb128 0xf
 524 02b7 62757300 		.ascii	"bus\000"
 525 02bb 01       		.byte	0x1
 526 02bc 5A       		.byte	0x5a
 527 02bd 1F       		.byte	0x1f
 528 02be 85020000 		.4byte	0x285
 529 02c2 5B000000 		.4byte	.LLST1
 530 02c6 57000000 		.4byte	.LVUS1
 531 02ca 10       		.uleb128 0x10
 532 02cb 41020000 		.4byte	.LASF38
 533 02cf 01       		.byte	0x1
 534 02d0 5A       		.byte	0x5a
 535 02d1 31       		.byte	0x31
 536 02d2 BF010000 		.4byte	0x1bf
 537 02d6 80000000 		.4byte	.LLST2
 538 02da 7C000000 		.4byte	.LVUS2
 539 02de 11       		.uleb128 0x11
 540 02df 90000000 		.4byte	.LASF39
 541 02e3 10030000 		.4byte	0x310
 542 02e7 16       		.uleb128 0x16
 543 02e8 00000000 		.4byte	.Ldebug_ranges0+0
 544 02ec 17       		.uleb128 0x17
 545 02ed 7700     		.ascii	"w\000"
 546 02ef 01       		.byte	0x1
 547 02f0 5E       		.byte	0x5e
 548 02f1 03       		.byte	0x3
 549 02f2 96000000 		.4byte	0x96
 550 02f6 A3000000 		.4byte	.LLST3
 551 02fa A1000000 		.4byte	.LVUS3
 552 02fe 00       		.byte	0
 553 02ff 00       		.byte	0
 554 0300 14       		.uleb128 0x14
 555 0301 BA000000 		.4byte	0xba
 556 0305 10030000 		.4byte	0x310
 557 0309 15       		.uleb128 0x15
 558 030a 2C000000 		.4byte	0x2c
 559 030e 0B       		.byte	0xb
 560 030f 00       		.byte	0
 561 0310 06       		.uleb128 0x6
 562 0311 00030000 		.4byte	0x300
 563 0315 18       		.uleb128 0x18
 564 0316 19000000 		.4byte	.LASF43
 565 031a 01       		.byte	0x1
 566 031b 41       		.byte	0x41
 567 031c 0E       		.byte	0xe
 568 031d BF010000 		.4byte	0x1bf
 569 0321 00000000 		.4byte	.LFB400
 570 0325 0E000000 		.4byte	.LFE400-.LFB400
ARM GAS  /tmp/ccueWDGh.s 			page 11


 571 0329 01       		.uleb128 0x1
 572 032a 9C       		.byte	0x9c
 573 032b 4D030000 		.4byte	0x34d
 574 032f 0F       		.uleb128 0xf
 575 0330 62757300 		.ascii	"bus\000"
 576 0334 01       		.byte	0x1
 577 0335 41       		.byte	0x41
 578 0336 26       		.byte	0x26
 579 0337 85020000 		.4byte	0x285
 580 033b BA000000 		.4byte	.LLST0
 581 033f B6000000 		.4byte	.LVUS0
 582 0343 11       		.uleb128 0x11
 583 0344 90000000 		.4byte	.LASF39
 584 0348 5D030000 		.4byte	0x35d
 585 034c 00       		.byte	0
 586 034d 14       		.uleb128 0x14
 587 034e BA000000 		.4byte	0xba
 588 0352 5D030000 		.4byte	0x35d
 589 0356 15       		.uleb128 0x15
 590 0357 2C000000 		.4byte	0x2c
 591 035b 0A       		.byte	0xa
 592 035c 00       		.byte	0
 593 035d 06       		.uleb128 0x6
 594 035e 4D030000 		.4byte	0x34d
 595 0362 19       		.uleb128 0x19
 596 0363 E8010000 		.4byte	.LASF44
 597 0367 E8010000 		.4byte	.LASF44
 598 036b 06       		.byte	0x6
 599 036c 1B02     		.2byte	0x21b
 600 036e 08       		.byte	0x8
 601 036f 00       		.byte	0
 602              		.section	.debug_abbrev,"",%progbits
 603              	.Ldebug_abbrev0:
 604 0000 01       		.uleb128 0x1
 605 0001 11       		.uleb128 0x11
 606 0002 01       		.byte	0x1
 607 0003 25       		.uleb128 0x25
 608 0004 0E       		.uleb128 0xe
 609 0005 13       		.uleb128 0x13
 610 0006 0B       		.uleb128 0xb
 611 0007 03       		.uleb128 0x3
 612 0008 0E       		.uleb128 0xe
 613 0009 1B       		.uleb128 0x1b
 614 000a 0E       		.uleb128 0xe
 615 000b 55       		.uleb128 0x55
 616 000c 17       		.uleb128 0x17
 617 000d 11       		.uleb128 0x11
 618 000e 01       		.uleb128 0x1
 619 000f 10       		.uleb128 0x10
 620 0010 17       		.uleb128 0x17
 621 0011 00       		.byte	0
 622 0012 00       		.byte	0
 623 0013 02       		.uleb128 0x2
 624 0014 24       		.uleb128 0x24
 625 0015 00       		.byte	0
 626 0016 0B       		.uleb128 0xb
 627 0017 0B       		.uleb128 0xb
ARM GAS  /tmp/ccueWDGh.s 			page 12


 628 0018 3E       		.uleb128 0x3e
 629 0019 0B       		.uleb128 0xb
 630 001a 03       		.uleb128 0x3
 631 001b 08       		.uleb128 0x8
 632 001c 00       		.byte	0
 633 001d 00       		.byte	0
 634 001e 03       		.uleb128 0x3
 635 001f 24       		.uleb128 0x24
 636 0020 00       		.byte	0
 637 0021 0B       		.uleb128 0xb
 638 0022 0B       		.uleb128 0xb
 639 0023 3E       		.uleb128 0x3e
 640 0024 0B       		.uleb128 0xb
 641 0025 03       		.uleb128 0x3
 642 0026 0E       		.uleb128 0xe
 643 0027 00       		.byte	0
 644 0028 00       		.byte	0
 645 0029 04       		.uleb128 0x4
 646 002a 16       		.uleb128 0x16
 647 002b 00       		.byte	0
 648 002c 03       		.uleb128 0x3
 649 002d 0E       		.uleb128 0xe
 650 002e 3A       		.uleb128 0x3a
 651 002f 0B       		.uleb128 0xb
 652 0030 3B       		.uleb128 0x3b
 653 0031 0B       		.uleb128 0xb
 654 0032 39       		.uleb128 0x39
 655 0033 0B       		.uleb128 0xb
 656 0034 49       		.uleb128 0x49
 657 0035 13       		.uleb128 0x13
 658 0036 00       		.byte	0
 659 0037 00       		.byte	0
 660 0038 05       		.uleb128 0x5
 661 0039 35       		.uleb128 0x35
 662 003a 00       		.byte	0
 663 003b 49       		.uleb128 0x49
 664 003c 13       		.uleb128 0x13
 665 003d 00       		.byte	0
 666 003e 00       		.byte	0
 667 003f 06       		.uleb128 0x6
 668 0040 26       		.uleb128 0x26
 669 0041 00       		.byte	0
 670 0042 49       		.uleb128 0x49
 671 0043 13       		.uleb128 0x13
 672 0044 00       		.byte	0
 673 0045 00       		.byte	0
 674 0046 07       		.uleb128 0x7
 675 0047 13       		.uleb128 0x13
 676 0048 01       		.byte	0x1
 677 0049 0B       		.uleb128 0xb
 678 004a 0B       		.uleb128 0xb
 679 004b 3A       		.uleb128 0x3a
 680 004c 0B       		.uleb128 0xb
 681 004d 3B       		.uleb128 0x3b
 682 004e 0B       		.uleb128 0xb
 683 004f 39       		.uleb128 0x39
 684 0050 0B       		.uleb128 0xb
ARM GAS  /tmp/ccueWDGh.s 			page 13


 685 0051 01       		.uleb128 0x1
 686 0052 13       		.uleb128 0x13
 687 0053 00       		.byte	0
 688 0054 00       		.byte	0
 689 0055 08       		.uleb128 0x8
 690 0056 0D       		.uleb128 0xd
 691 0057 00       		.byte	0
 692 0058 03       		.uleb128 0x3
 693 0059 08       		.uleb128 0x8
 694 005a 3A       		.uleb128 0x3a
 695 005b 0B       		.uleb128 0xb
 696 005c 3B       		.uleb128 0x3b
 697 005d 0B       		.uleb128 0xb
 698 005e 39       		.uleb128 0x39
 699 005f 0B       		.uleb128 0xb
 700 0060 49       		.uleb128 0x49
 701 0061 13       		.uleb128 0x13
 702 0062 38       		.uleb128 0x38
 703 0063 0B       		.uleb128 0xb
 704 0064 00       		.byte	0
 705 0065 00       		.byte	0
 706 0066 09       		.uleb128 0x9
 707 0067 0D       		.uleb128 0xd
 708 0068 00       		.byte	0
 709 0069 03       		.uleb128 0x3
 710 006a 0E       		.uleb128 0xe
 711 006b 3A       		.uleb128 0x3a
 712 006c 0B       		.uleb128 0xb
 713 006d 3B       		.uleb128 0x3b
 714 006e 0B       		.uleb128 0xb
 715 006f 39       		.uleb128 0x39
 716 0070 0B       		.uleb128 0xb
 717 0071 49       		.uleb128 0x49
 718 0072 13       		.uleb128 0x13
 719 0073 38       		.uleb128 0x38
 720 0074 0B       		.uleb128 0xb
 721 0075 00       		.byte	0
 722 0076 00       		.byte	0
 723 0077 0A       		.uleb128 0xa
 724 0078 17       		.uleb128 0x17
 725 0079 01       		.byte	0x1
 726 007a 0B       		.uleb128 0xb
 727 007b 0B       		.uleb128 0xb
 728 007c 3A       		.uleb128 0x3a
 729 007d 0B       		.uleb128 0xb
 730 007e 3B       		.uleb128 0x3b
 731 007f 0B       		.uleb128 0xb
 732 0080 39       		.uleb128 0x39
 733 0081 0B       		.uleb128 0xb
 734 0082 01       		.uleb128 0x1
 735 0083 13       		.uleb128 0x13
 736 0084 00       		.byte	0
 737 0085 00       		.byte	0
 738 0086 0B       		.uleb128 0xb
 739 0087 0D       		.uleb128 0xd
 740 0088 00       		.byte	0
 741 0089 03       		.uleb128 0x3
ARM GAS  /tmp/ccueWDGh.s 			page 14


 742 008a 08       		.uleb128 0x8
 743 008b 3A       		.uleb128 0x3a
 744 008c 0B       		.uleb128 0xb
 745 008d 3B       		.uleb128 0x3b
 746 008e 0B       		.uleb128 0xb
 747 008f 39       		.uleb128 0x39
 748 0090 0B       		.uleb128 0xb
 749 0091 49       		.uleb128 0x49
 750 0092 13       		.uleb128 0x13
 751 0093 00       		.byte	0
 752 0094 00       		.byte	0
 753 0095 0C       		.uleb128 0xc
 754 0096 16       		.uleb128 0x16
 755 0097 00       		.byte	0
 756 0098 03       		.uleb128 0x3
 757 0099 0E       		.uleb128 0xe
 758 009a 3A       		.uleb128 0x3a
 759 009b 0B       		.uleb128 0xb
 760 009c 3B       		.uleb128 0x3b
 761 009d 05       		.uleb128 0x5
 762 009e 39       		.uleb128 0x39
 763 009f 0B       		.uleb128 0xb
 764 00a0 49       		.uleb128 0x49
 765 00a1 13       		.uleb128 0x13
 766 00a2 00       		.byte	0
 767 00a3 00       		.byte	0
 768 00a4 0D       		.uleb128 0xd
 769 00a5 0F       		.uleb128 0xf
 770 00a6 00       		.byte	0
 771 00a7 0B       		.uleb128 0xb
 772 00a8 0B       		.uleb128 0xb
 773 00a9 49       		.uleb128 0x49
 774 00aa 13       		.uleb128 0x13
 775 00ab 00       		.byte	0
 776 00ac 00       		.byte	0
 777 00ad 0E       		.uleb128 0xe
 778 00ae 2E       		.uleb128 0x2e
 779 00af 01       		.byte	0x1
 780 00b0 3F       		.uleb128 0x3f
 781 00b1 19       		.uleb128 0x19
 782 00b2 03       		.uleb128 0x3
 783 00b3 0E       		.uleb128 0xe
 784 00b4 3A       		.uleb128 0x3a
 785 00b5 0B       		.uleb128 0xb
 786 00b6 3B       		.uleb128 0x3b
 787 00b7 0B       		.uleb128 0xb
 788 00b8 39       		.uleb128 0x39
 789 00b9 0B       		.uleb128 0xb
 790 00ba 27       		.uleb128 0x27
 791 00bb 19       		.uleb128 0x19
 792 00bc 11       		.uleb128 0x11
 793 00bd 01       		.uleb128 0x1
 794 00be 12       		.uleb128 0x12
 795 00bf 06       		.uleb128 0x6
 796 00c0 40       		.uleb128 0x40
 797 00c1 18       		.uleb128 0x18
 798 00c2 9742     		.uleb128 0x2117
ARM GAS  /tmp/ccueWDGh.s 			page 15


 799 00c4 19       		.uleb128 0x19
 800 00c5 01       		.uleb128 0x1
 801 00c6 13       		.uleb128 0x13
 802 00c7 00       		.byte	0
 803 00c8 00       		.byte	0
 804 00c9 0F       		.uleb128 0xf
 805 00ca 05       		.uleb128 0x5
 806 00cb 00       		.byte	0
 807 00cc 03       		.uleb128 0x3
 808 00cd 08       		.uleb128 0x8
 809 00ce 3A       		.uleb128 0x3a
 810 00cf 0B       		.uleb128 0xb
 811 00d0 3B       		.uleb128 0x3b
 812 00d1 0B       		.uleb128 0xb
 813 00d2 39       		.uleb128 0x39
 814 00d3 0B       		.uleb128 0xb
 815 00d4 49       		.uleb128 0x49
 816 00d5 13       		.uleb128 0x13
 817 00d6 02       		.uleb128 0x2
 818 00d7 17       		.uleb128 0x17
 819 00d8 B742     		.uleb128 0x2137
 820 00da 17       		.uleb128 0x17
 821 00db 00       		.byte	0
 822 00dc 00       		.byte	0
 823 00dd 10       		.uleb128 0x10
 824 00de 05       		.uleb128 0x5
 825 00df 00       		.byte	0
 826 00e0 03       		.uleb128 0x3
 827 00e1 0E       		.uleb128 0xe
 828 00e2 3A       		.uleb128 0x3a
 829 00e3 0B       		.uleb128 0xb
 830 00e4 3B       		.uleb128 0x3b
 831 00e5 0B       		.uleb128 0xb
 832 00e6 39       		.uleb128 0x39
 833 00e7 0B       		.uleb128 0xb
 834 00e8 49       		.uleb128 0x49
 835 00e9 13       		.uleb128 0x13
 836 00ea 02       		.uleb128 0x2
 837 00eb 17       		.uleb128 0x17
 838 00ec B742     		.uleb128 0x2137
 839 00ee 17       		.uleb128 0x17
 840 00ef 00       		.byte	0
 841 00f0 00       		.byte	0
 842 00f1 11       		.uleb128 0x11
 843 00f2 34       		.uleb128 0x34
 844 00f3 00       		.byte	0
 845 00f4 03       		.uleb128 0x3
 846 00f5 0E       		.uleb128 0xe
 847 00f6 49       		.uleb128 0x49
 848 00f7 13       		.uleb128 0x13
 849 00f8 34       		.uleb128 0x34
 850 00f9 19       		.uleb128 0x19
 851 00fa 00       		.byte	0
 852 00fb 00       		.byte	0
 853 00fc 12       		.uleb128 0x12
 854 00fd 898201   		.uleb128 0x4109
 855 0100 01       		.byte	0x1
ARM GAS  /tmp/ccueWDGh.s 			page 16


 856 0101 11       		.uleb128 0x11
 857 0102 01       		.uleb128 0x1
 858 0103 9542     		.uleb128 0x2115
 859 0105 19       		.uleb128 0x19
 860 0106 31       		.uleb128 0x31
 861 0107 13       		.uleb128 0x13
 862 0108 00       		.byte	0
 863 0109 00       		.byte	0
 864 010a 13       		.uleb128 0x13
 865 010b 8A8201   		.uleb128 0x410a
 866 010e 00       		.byte	0
 867 010f 02       		.uleb128 0x2
 868 0110 18       		.uleb128 0x18
 869 0111 9142     		.uleb128 0x2111
 870 0113 18       		.uleb128 0x18
 871 0114 00       		.byte	0
 872 0115 00       		.byte	0
 873 0116 14       		.uleb128 0x14
 874 0117 01       		.uleb128 0x1
 875 0118 01       		.byte	0x1
 876 0119 49       		.uleb128 0x49
 877 011a 13       		.uleb128 0x13
 878 011b 01       		.uleb128 0x1
 879 011c 13       		.uleb128 0x13
 880 011d 00       		.byte	0
 881 011e 00       		.byte	0
 882 011f 15       		.uleb128 0x15
 883 0120 21       		.uleb128 0x21
 884 0121 00       		.byte	0
 885 0122 49       		.uleb128 0x49
 886 0123 13       		.uleb128 0x13
 887 0124 2F       		.uleb128 0x2f
 888 0125 0B       		.uleb128 0xb
 889 0126 00       		.byte	0
 890 0127 00       		.byte	0
 891 0128 16       		.uleb128 0x16
 892 0129 0B       		.uleb128 0xb
 893 012a 01       		.byte	0x1
 894 012b 55       		.uleb128 0x55
 895 012c 17       		.uleb128 0x17
 896 012d 00       		.byte	0
 897 012e 00       		.byte	0
 898 012f 17       		.uleb128 0x17
 899 0130 34       		.uleb128 0x34
 900 0131 00       		.byte	0
 901 0132 03       		.uleb128 0x3
 902 0133 08       		.uleb128 0x8
 903 0134 3A       		.uleb128 0x3a
 904 0135 0B       		.uleb128 0xb
 905 0136 3B       		.uleb128 0x3b
 906 0137 0B       		.uleb128 0xb
 907 0138 39       		.uleb128 0x39
 908 0139 0B       		.uleb128 0xb
 909 013a 49       		.uleb128 0x49
 910 013b 13       		.uleb128 0x13
 911 013c 02       		.uleb128 0x2
 912 013d 17       		.uleb128 0x17
ARM GAS  /tmp/ccueWDGh.s 			page 17


 913 013e B742     		.uleb128 0x2137
 914 0140 17       		.uleb128 0x17
 915 0141 00       		.byte	0
 916 0142 00       		.byte	0
 917 0143 18       		.uleb128 0x18
 918 0144 2E       		.uleb128 0x2e
 919 0145 01       		.byte	0x1
 920 0146 3F       		.uleb128 0x3f
 921 0147 19       		.uleb128 0x19
 922 0148 03       		.uleb128 0x3
 923 0149 0E       		.uleb128 0xe
 924 014a 3A       		.uleb128 0x3a
 925 014b 0B       		.uleb128 0xb
 926 014c 3B       		.uleb128 0x3b
 927 014d 0B       		.uleb128 0xb
 928 014e 39       		.uleb128 0x39
 929 014f 0B       		.uleb128 0xb
 930 0150 27       		.uleb128 0x27
 931 0151 19       		.uleb128 0x19
 932 0152 49       		.uleb128 0x49
 933 0153 13       		.uleb128 0x13
 934 0154 11       		.uleb128 0x11
 935 0155 01       		.uleb128 0x1
 936 0156 12       		.uleb128 0x12
 937 0157 06       		.uleb128 0x6
 938 0158 40       		.uleb128 0x40
 939 0159 18       		.uleb128 0x18
 940 015a 9742     		.uleb128 0x2117
 941 015c 19       		.uleb128 0x19
 942 015d 01       		.uleb128 0x1
 943 015e 13       		.uleb128 0x13
 944 015f 00       		.byte	0
 945 0160 00       		.byte	0
 946 0161 19       		.uleb128 0x19
 947 0162 2E       		.uleb128 0x2e
 948 0163 00       		.byte	0
 949 0164 3F       		.uleb128 0x3f
 950 0165 19       		.uleb128 0x19
 951 0166 3C       		.uleb128 0x3c
 952 0167 19       		.uleb128 0x19
 953 0168 6E       		.uleb128 0x6e
 954 0169 0E       		.uleb128 0xe
 955 016a 03       		.uleb128 0x3
 956 016b 0E       		.uleb128 0xe
 957 016c 3A       		.uleb128 0x3a
 958 016d 0B       		.uleb128 0xb
 959 016e 3B       		.uleb128 0x3b
 960 016f 05       		.uleb128 0x5
 961 0170 39       		.uleb128 0x39
 962 0171 0B       		.uleb128 0xb
 963 0172 00       		.byte	0
 964 0173 00       		.byte	0
 965 0174 00       		.byte	0
 966              		.section	.debug_loc,"",%progbits
 967              	.Ldebug_loc0:
 968              	.LVUS4:
 969 0000 00       		.uleb128 0
ARM GAS  /tmp/ccueWDGh.s 			page 18


 970 0001 00       		.uleb128 .LVU31
 971 0002 00       		.uleb128 .LVU31
 972 0003 00       		.uleb128 0
 973              	.LLST4:
 974 0004 00000000 		.4byte	.LVL6
 975 0008 0A000000 		.4byte	.LVL8
 976 000c 0100     		.2byte	0x1
 977 000e 50       		.byte	0x50
 978 000f 0A000000 		.4byte	.LVL8
 979 0013 14000000 		.4byte	.LFE402
 980 0017 0400     		.2byte	0x4
 981 0019 F3       		.byte	0xf3
 982 001a 01       		.uleb128 0x1
 983 001b 50       		.byte	0x50
 984 001c 9F       		.byte	0x9f
 985 001d 00000000 		.4byte	0
 986 0021 00000000 		.4byte	0
 987              	.LVUS5:
 988 0025 00       		.uleb128 0
 989 0026 00       		.uleb128 .LVU30
 990 0027 00       		.uleb128 .LVU30
 991 0028 00       		.uleb128 .LVU34
 992 0029 00       		.uleb128 .LVU34
 993 002a 00       		.uleb128 0
 994              	.LLST5:
 995 002b 00000000 		.4byte	.LVL6
 996 002f 08000000 		.4byte	.LVL7
 997 0033 0100     		.2byte	0x1
 998 0035 51       		.byte	0x51
 999 0036 08000000 		.4byte	.LVL7
 1000 003a 13000000 		.4byte	.LVL9-1
 1001 003e 0100     		.2byte	0x1
 1002 0040 52       		.byte	0x52
 1003 0041 13000000 		.4byte	.LVL9-1
 1004 0045 14000000 		.4byte	.LFE402
 1005 0049 0400     		.2byte	0x4
 1006 004b F3       		.byte	0xf3
 1007 004c 01       		.uleb128 0x1
 1008 004d 51       		.byte	0x51
 1009 004e 9F       		.byte	0x9f
 1010 004f 00000000 		.4byte	0
 1011 0053 00000000 		.4byte	0
 1012              	.LVUS1:
 1013 0057 00       		.uleb128 0
 1014 0058 00       		.uleb128 .LVU16
 1015 0059 00       		.uleb128 .LVU16
 1016 005a 00       		.uleb128 0
 1017              	.LLST1:
 1018 005b 00000000 		.4byte	.LVL2
 1019 005f 12000000 		.4byte	.LVL4
 1020 0063 0100     		.2byte	0x1
 1021 0065 50       		.byte	0x50
 1022 0066 12000000 		.4byte	.LVL4
 1023 006a 1C000000 		.4byte	.LFE401
 1024 006e 0400     		.2byte	0x4
 1025 0070 F3       		.byte	0xf3
 1026 0071 01       		.uleb128 0x1
ARM GAS  /tmp/ccueWDGh.s 			page 19


 1027 0072 50       		.byte	0x50
 1028 0073 9F       		.byte	0x9f
 1029 0074 00000000 		.4byte	0
 1030 0078 00000000 		.4byte	0
 1031              	.LVUS2:
 1032 007c 00       		.uleb128 0
 1033 007d 00       		.uleb128 .LVU15
 1034 007e 00       		.uleb128 .LVU15
 1035 007f 00       		.uleb128 0
 1036              	.LLST2:
 1037 0080 00000000 		.4byte	.LVL2
 1038 0084 0C000000 		.4byte	.LVL3
 1039 0088 0100     		.2byte	0x1
 1040 008a 51       		.byte	0x51
 1041 008b 0C000000 		.4byte	.LVL3
 1042 008f 1C000000 		.4byte	.LFE401
 1043 0093 0400     		.2byte	0x4
 1044 0095 F3       		.byte	0xf3
 1045 0096 01       		.uleb128 0x1
 1046 0097 51       		.byte	0x51
 1047 0098 9F       		.byte	0x9f
 1048 0099 00000000 		.4byte	0
 1049 009d 00000000 		.4byte	0
 1050              	.LVUS3:
 1051 00a1 00       		.uleb128 .LVU19
 1052 00a2 00       		.uleb128 0
 1053              	.LLST3:
 1054 00a3 18000000 		.4byte	.LVL5
 1055 00a7 1C000000 		.4byte	.LFE401
 1056 00ab 0100     		.2byte	0x1
 1057 00ad 51       		.byte	0x51
 1058 00ae 00000000 		.4byte	0
 1059 00b2 00000000 		.4byte	0
 1060              	.LVUS0:
 1061 00b6 00       		.uleb128 0
 1062 00b7 00       		.uleb128 .LVU6
 1063 00b8 00       		.uleb128 .LVU6
 1064 00b9 00       		.uleb128 0
 1065              	.LLST0:
 1066 00ba 00000000 		.4byte	.LVL0
 1067 00be 08000000 		.4byte	.LVL1
 1068 00c2 0100     		.2byte	0x1
 1069 00c4 50       		.byte	0x50
 1070 00c5 08000000 		.4byte	.LVL1
 1071 00c9 0E000000 		.4byte	.LFE400
 1072 00cd 0400     		.2byte	0x4
 1073 00cf F3       		.byte	0xf3
 1074 00d0 01       		.uleb128 0x1
 1075 00d1 50       		.byte	0x50
 1076 00d2 9F       		.byte	0x9f
 1077 00d3 00000000 		.4byte	0
 1078 00d7 00000000 		.4byte	0
 1079              		.section	.debug_aranges,"",%progbits
 1080 0000 2C000000 		.4byte	0x2c
 1081 0004 0200     		.2byte	0x2
 1082 0006 00000000 		.4byte	.Ldebug_info0
 1083 000a 04       		.byte	0x4
ARM GAS  /tmp/ccueWDGh.s 			page 20


 1084 000b 00       		.byte	0
 1085 000c 0000     		.2byte	0
 1086 000e 0000     		.2byte	0
 1087 0010 00000000 		.4byte	.LFB400
 1088 0014 0E000000 		.4byte	.LFE400-.LFB400
 1089 0018 00000000 		.4byte	.LFB401
 1090 001c 1C000000 		.4byte	.LFE401-.LFB401
 1091 0020 00000000 		.4byte	.LFB402
 1092 0024 14000000 		.4byte	.LFE402-.LFB402
 1093 0028 00000000 		.4byte	0
 1094 002c 00000000 		.4byte	0
 1095              		.section	.debug_ranges,"",%progbits
 1096              	.Ldebug_ranges0:
 1097 0000 00000000 		.4byte	.LBB2
 1098 0004 00000000 		.4byte	.LBE2
 1099 0008 02000000 		.4byte	.LBB3
 1100 000c 12000000 		.4byte	.LBE3
 1101 0010 14000000 		.4byte	.LBB4
 1102 0014 1A000000 		.4byte	.LBE4
 1103 0018 00000000 		.4byte	0
 1104 001c 00000000 		.4byte	0
 1105 0020 00000000 		.4byte	.LFB400
 1106 0024 0E000000 		.4byte	.LFE400
 1107 0028 00000000 		.4byte	.LFB401
 1108 002c 1C000000 		.4byte	.LFE401
 1109 0030 00000000 		.4byte	.LFB402
 1110 0034 14000000 		.4byte	.LFE402
 1111 0038 00000000 		.4byte	0
 1112 003c 00000000 		.4byte	0
 1113              		.section	.debug_line,"",%progbits
 1114              	.Ldebug_line0:
 1115 0000 41020000 		.section	.debug_str,"MS",%progbits,1
 1115      0300C401 
 1115      00000201 
 1115      FB0E0D00 
 1115      01010101 
 1116              	.LASF26:
 1117 0000 41534352 		.ascii	"ASCR\000"
 1117      00
 1118              	.LASF20:
 1119 0005 4F535045 		.ascii	"OSPEEDR\000"
 1119      45445200 
 1120              	.LASF17:
 1121 000d 636C6561 		.ascii	"clear\000"
 1121      7200
 1122              	.LASF18:
 1123 0013 4D4F4445 		.ascii	"MODER\000"
 1123      5200
 1124              	.LASF43:
 1125 0019 70616C52 		.ascii	"palReadBus\000"
 1125      65616442 
 1125      757300
 1126              	.LASF42:
 1127 0024 2F686F6D 		.ascii	"/home/bhimebau/forge/analog_in_out/application\000"
 1127      652F6268 
 1127      696D6562 
 1127      61752F66 
ARM GAS  /tmp/ccueWDGh.s 			page 21


 1127      6F726765 
 1128              	.LASF22:
 1129 0053 42535252 		.ascii	"BSRR\000"
 1129      00
 1130              	.LASF37:
 1131 0058 70616C57 		.ascii	"palWriteBus\000"
 1131      72697465 
 1131      42757300 
 1132              	.LASF5:
 1133 0064 73686F72 		.ascii	"short int\000"
 1133      7420696E 
 1133      7400
 1134              	.LASF36:
 1135 006e 70616C53 		.ascii	"palSetBusMode\000"
 1135      65744275 
 1135      734D6F64 
 1135      6500
 1136              	.LASF31:
 1137 007c 706F7274 		.ascii	"portid\000"
 1137      696400
 1138              	.LASF28:
 1139 0083 696F706F 		.ascii	"ioportmask_t\000"
 1139      72746D61 
 1139      736B5F74 
 1139      00
 1140              	.LASF39:
 1141 0090 5F5F6675 		.ascii	"__func__\000"
 1141      6E635F5F 
 1141      00
 1142              	.LASF19:
 1143 0099 4F545950 		.ascii	"OTYPER\000"
 1143      455200
 1144              	.LASF29:
 1145 00a0 696F6D6F 		.ascii	"iomode_t\000"
 1145      64655F74 
 1145      00
 1146              	.LASF4:
 1147 00a9 756E7369 		.ascii	"unsigned char\000"
 1147      676E6564 
 1147      20636861 
 1147      7200
 1148              	.LASF25:
 1149 00b7 41465248 		.ascii	"AFRH\000"
 1149      00
 1150              	.LASF10:
 1151 00bc 6C6F6E67 		.ascii	"long unsigned int\000"
 1151      20756E73 
 1151      69676E65 
 1151      6420696E 
 1151      7400
 1152              	.LASF6:
 1153 00ce 73686F72 		.ascii	"short unsigned int\000"
 1153      7420756E 
 1153      7369676E 
 1153      65642069 
 1153      6E7400
 1154              	.LASF24:
ARM GAS  /tmp/ccueWDGh.s 			page 22


 1155 00e1 4146524C 		.ascii	"AFRL\000"
 1155      00
 1156              	.LASF14:
 1157 00e6 75696E74 		.ascii	"uint_fast8_t\000"
 1157      5F666173 
 1157      74385F74 
 1157      00
 1158              	.LASF8:
 1159 00f3 5F5F7569 		.ascii	"__uint16_t\000"
 1159      6E743136 
 1159      5F7400
 1160              	.LASF40:
 1161 00fe 474E5520 		.ascii	"GNU C17 10.3.1 20210621 (release) -mcpu=cortex-m4 -"
 1161      43313720 
 1161      31302E33 
 1161      2E312032 
 1161      30323130 
 1162 0131 6D746875 		.ascii	"mthumb -mfloat-abi=soft -march=armv7e-m -ggdb -O2 -"
 1162      6D62202D 
 1162      6D666C6F 
 1162      61742D61 
 1162      62693D73 
 1163 0164 666F6D69 		.ascii	"fomit-frame-pointer -falign-functions=16 -ffunction"
 1163      742D6672 
 1163      616D652D 
 1163      706F696E 
 1163      74657220 
 1164 0197 2D736563 		.ascii	"-sections -fdata-sections -fno-common\000"
 1164      74696F6E 
 1164      73202D66 
 1164      64617461 
 1164      2D736563 
 1165              	.LASF41:
 1166 01bd 2E2E2F43 		.ascii	"../ChibiOS/os/hal/src/hal_pal.c\000"
 1166      68696269 
 1166      4F532F6F 
 1166      732F6861 
 1166      6C2F7372 
 1167              	.LASF9:
 1168 01dd 5F5F7569 		.ascii	"__uint32_t\000"
 1168      6E743332 
 1168      5F7400
 1169              	.LASF44:
 1170 01e8 5F70616C 		.ascii	"_pal_lld_setgroupmode\000"
 1170      5F6C6C64 
 1170      5F736574 
 1170      67726F75 
 1170      706D6F64 
 1171              	.LASF0:
 1172 01fe 756E7369 		.ascii	"unsigned int\000"
 1172      676E6564 
 1172      20696E74 
 1172      00
 1173              	.LASF15:
 1174 020b 63686172 		.ascii	"char\000"
 1174      00
 1175              	.LASF35:
ARM GAS  /tmp/ccueWDGh.s 			page 23


 1176 0210 6D6F6465 		.ascii	"mode\000"
 1176      00
 1177              	.LASF23:
 1178 0215 4C4F434B 		.ascii	"LOCKR\000"
 1178      5200
 1179              	.LASF27:
 1180 021b 73746D33 		.ascii	"stm32_gpio_t\000"
 1180      325F6770 
 1180      696F5F74 
 1180      00
 1181              	.LASF21:
 1182 0228 50555044 		.ascii	"PUPDR\000"
 1182      5200
 1183              	.LASF1:
 1184 022e 6C6F6E67 		.ascii	"long long int\000"
 1184      206C6F6E 
 1184      6720696E 
 1184      7400
 1185              	.LASF32:
 1186 023c 6D61736B 		.ascii	"mask\000"
 1186      00
 1187              	.LASF38:
 1188 0241 62697473 		.ascii	"bits\000"
 1188      00
 1189              	.LASF33:
 1190 0246 6F666673 		.ascii	"offset\000"
 1190      657400
 1191              	.LASF30:
 1192 024d 696F706F 		.ascii	"ioportid_t\000"
 1192      72746964 
 1192      5F7400
 1193              	.LASF12:
 1194 0258 75696E74 		.ascii	"uint16_t\000"
 1194      31365F74 
 1194      00
 1195              	.LASF13:
 1196 0261 75696E74 		.ascii	"uint32_t\000"
 1196      33325F74 
 1196      00
 1197              	.LASF7:
 1198 026a 6C6F6E67 		.ascii	"long int\000"
 1198      20696E74 
 1198      00
 1199              	.LASF2:
 1200 0273 6C6F6E67 		.ascii	"long double\000"
 1200      20646F75 
 1200      626C6500 
 1201              	.LASF3:
 1202 027f 7369676E 		.ascii	"signed char\000"
 1202      65642063 
 1202      68617200 
 1203              	.LASF16:
 1204 028b 5F426F6F 		.ascii	"_Bool\000"
 1204      6C00
 1205              	.LASF11:
 1206 0291 6C6F6E67 		.ascii	"long long unsigned int\000"
 1206      206C6F6E 
ARM GAS  /tmp/ccueWDGh.s 			page 24


 1206      6720756E 
 1206      7369676E 
 1206      65642069 
 1207              	.LASF34:
 1208 02a8 494F4275 		.ascii	"IOBus\000"
 1208      7300
 1209              		.ident	"GCC: (GNU Arm Embedded Toolchain 10.3-2021.07) 10.3.1 20210621 (release)"
ARM GAS  /tmp/ccueWDGh.s 			page 25


DEFINED SYMBOLS
                            *ABS*:0000000000000000 hal_pal.c
     /tmp/ccueWDGh.s:16     .text.palReadBus:0000000000000000 $t
     /tmp/ccueWDGh.s:25     .text.palReadBus:0000000000000000 palReadBus
     /tmp/ccueWDGh.s:53     .text.palWriteBus:0000000000000000 $t
     /tmp/ccueWDGh.s:61     .text.palWriteBus:0000000000000000 palWriteBus
     /tmp/ccueWDGh.s:111    .text.palSetBusMode:0000000000000000 $t
     /tmp/ccueWDGh.s:119    .text.palSetBusMode:0000000000000000 palSetBusMode

UNDEFINED SYMBOLS
_pal_lld_setgroupmode
