ARM GAS  /tmp/ccOuZd7n.s 			page 1


   1              		.cpu cortex-m4
   2              		.eabi_attribute 20, 1
   3              		.eabi_attribute 21, 1
   4              		.eabi_attribute 23, 3
   5              		.eabi_attribute 24, 1
   6              		.eabi_attribute 25, 1
   7              		.eabi_attribute 26, 1
   8              		.eabi_attribute 30, 2
   9              		.eabi_attribute 34, 1
  10              		.eabi_attribute 18, 4
  11              		.file	"nvic.c"
  12              		.text
  13              	.Ltext0:
  14              		.cfi_sections	.debug_frame
  15              		.section	.text.nvicInit,"ax",%progbits
  16              		.align	1
  17              		.p2align 4,,15
  18              		.global	nvicInit
  19              		.arch armv7e-m
  20              		.syntax unified
  21              		.thumb
  22              		.thumb_func
  23              		.fpu softvfp
  24              		.type	nvicInit, %function
  25              	nvicInit:
  26              	.LFB400:
  27              		.file 1 "../ChibiOS/os/hal/ports/common/ARMCMx/nvic.c"
  28              		.loc 1 79 21 view -0
  29              		.cfi_startproc
  30              		@ args = 0, pretend = 0, frame = 0
  31              		@ frame_needed = 0, uses_anonymous_args = 0
  32              		@ link register save eliminated.
  33              		.loc 1 84 3 view .LVU1
  34              		.loc 1 84 12 is_stmt 0 view .LVU2
  35 0000 4FF0E023 		mov	r3, #-536813568
  36              		.loc 1 79 21 view .LVU3
  37 0004 10B4     		push	{r4}
  38              		.cfi_def_cfa_offset 4
  39              		.cfi_offset 4, -4
  40              		.loc 1 84 12 view .LVU4
  41 0006 5C68     		ldr	r4, [r3, #4]
  42              	.LVL0:
  43              		.loc 1 87 3 is_stmt 1 view .LVU5
  44              	.LBB2:
  45              		.loc 1 87 8 view .LVU6
  46              		.loc 1 87 25 view .LVU7
  47              		.loc 1 87 17 is_stmt 0 view .LVU8
  48 0008 0022     		movs	r2, #0
  49              		.loc 1 88 21 view .LVU9
  50 000a 4FF0FF30 		mov	r0, #-1
  51              	.LVL1:
  52              	.L2:
  53              		.loc 1 88 5 is_stmt 1 discriminator 3 view .LVU10
  54 000e 9300     		lsls	r3, r2, #2
  55 0010 03F16043 		add	r3, r3, #-536870912
  56 0014 03F56143 		add	r3, r3, #57600
  57              		.loc 1 87 3 is_stmt 0 discriminator 3 view .LVU11
ARM GAS  /tmp/ccOuZd7n.s 			page 2


  58 0018 9442     		cmp	r4, r2
  59              		.loc 1 88 21 discriminator 3 view .LVU12
  60 001a C3F88000 		str	r0, [r3, #128]
  61              		.loc 1 89 5 is_stmt 1 discriminator 3 view .LVU13
  62              		.loc 1 87 3 is_stmt 0 discriminator 3 view .LVU14
  63 001e 02F10102 		add	r2, r2, #1
  64              	.LVL2:
  65              		.loc 1 89 21 discriminator 3 view .LVU15
  66 0022 C3F88001 		str	r0, [r3, #384]
  67              		.loc 1 87 33 is_stmt 1 discriminator 3 view .LVU16
  68              	.LVL3:
  69              		.loc 1 87 25 discriminator 3 view .LVU17
  70              		.loc 1 87 3 is_stmt 0 discriminator 3 view .LVU18
  71 0026 F2D1     		bne	.L2
  72              	.LBE2:
  73              		.loc 1 94 1 view .LVU19
  74 0028 10BC     		pop	{r4}
  75              		.cfi_restore 4
  76              		.cfi_def_cfa_offset 0
  77              	.LVL4:
  78              		.loc 1 94 1 view .LVU20
  79 002a 7047     		bx	lr
  80              		.cfi_endproc
  81              	.LFE400:
  82              		.size	nvicInit, .-nvicInit
  83              		.section	.text.nvicEnableVector,"ax",%progbits
  84              		.align	1
  85              		.p2align 4,,15
  86              		.global	nvicEnableVector
  87              		.syntax unified
  88              		.thumb
  89              		.thumb_func
  90              		.fpu softvfp
  91              		.type	nvicEnableVector, %function
  92              	nvicEnableVector:
  93              	.LVL5:
  94              	.LFB401:
  95              		.loc 1 102 50 is_stmt 1 view -0
  96              		.cfi_startproc
  97              		@ args = 0, pretend = 0, frame = 0
  98              		@ frame_needed = 0, uses_anonymous_args = 0
  99              		@ link register save eliminated.
 100              		.loc 1 109 3 view .LVU22
 101              		.loc 1 111 18 is_stmt 0 view .LVU23
 102 0000 4309     		lsrs	r3, r0, #5
 103 0002 9B00     		lsls	r3, r3, #2
 104              		.loc 1 109 18 view .LVU24
 105 0004 00F1604C 		add	ip, r0, #-536870912
 106 0008 03F16043 		add	r3, r3, #-536870912
 107 000c 03F56143 		add	r3, r3, #57600
 108              		.loc 1 109 20 view .LVU25
 109 0010 0901     		lsls	r1, r1, #4
 110              	.LVL6:
 111              		.loc 1 109 18 view .LVU26
 112 0012 0CF5614C 		add	ip, ip, #57600
 113              		.loc 1 111 36 view .LVU27
 114 0016 00F01F00 		and	r0, r0, #31
ARM GAS  /tmp/ccOuZd7n.s 			page 3


 115              	.LVL7:
 116              		.loc 1 111 30 view .LVU28
 117 001a 0122     		movs	r2, #1
 118 001c 02FA00F0 		lsl	r0, r2, r0
 119              		.loc 1 109 20 view .LVU29
 120 0020 C9B2     		uxtb	r1, r1
 121              		.loc 1 109 18 view .LVU30
 122 0022 8CF80013 		strb	r1, [ip, #768]
 123              		.loc 1 111 3 is_stmt 1 view .LVU31
 124              		.loc 1 111 25 is_stmt 0 view .LVU32
 125 0026 C3F88001 		str	r0, [r3, #384]
 126              		.loc 1 112 3 is_stmt 1 view .LVU33
 127              		.loc 1 112 25 is_stmt 0 view .LVU34
 128 002a 1860     		str	r0, [r3]
 129              		.loc 1 118 1 view .LVU35
 130 002c 7047     		bx	lr
 131              		.cfi_endproc
 132              	.LFE401:
 133              		.size	nvicEnableVector, .-nvicEnableVector
 134 002e 00BF     		.section	.text.nvicDisableVector,"ax",%progbits
 135              		.align	1
 136              		.p2align 4,,15
 137              		.global	nvicDisableVector
 138              		.syntax unified
 139              		.thumb
 140              		.thumb_func
 141              		.fpu softvfp
 142              		.type	nvicDisableVector, %function
 143              	nvicDisableVector:
 144              	.LVL8:
 145              	.LFB402:
 146              		.loc 1 125 36 is_stmt 1 view -0
 147              		.cfi_startproc
 148              		@ args = 0, pretend = 0, frame = 0
 149              		@ frame_needed = 0, uses_anonymous_args = 0
 150              		@ link register save eliminated.
 151              		.loc 1 127 3 view .LVU37
 152              		.loc 1 127 18 is_stmt 0 view .LVU38
 153 0000 4309     		lsrs	r3, r0, #5
 154 0002 9B00     		lsls	r3, r3, #2
 155              		.loc 1 133 18 view .LVU39
 156 0004 00F16041 		add	r1, r0, #-536870912
 157 0008 03F16043 		add	r3, r3, #-536870912
 158 000c 03F56143 		add	r3, r3, #57600
 159              		.loc 1 127 30 view .LVU40
 160 0010 0122     		movs	r2, #1
 161              		.loc 1 127 36 view .LVU41
 162 0012 00F01F00 		and	r0, r0, #31
 163              	.LVL9:
 164              		.loc 1 133 18 view .LVU42
 165 0016 01F56141 		add	r1, r1, #57600
 166              	.LVL10:
 167              		.loc 1 127 30 view .LVU43
 168 001a 02FA00F0 		lsl	r0, r2, r0
 169              		.loc 1 133 18 view .LVU44
 170 001e 0022     		movs	r2, #0
 171              		.loc 1 127 25 view .LVU45
ARM GAS  /tmp/ccOuZd7n.s 			page 4


 172 0020 C3F88000 		str	r0, [r3, #128]
 173              		.loc 1 128 3 is_stmt 1 view .LVU46
 174              		.loc 1 128 25 is_stmt 0 view .LVU47
 175 0024 C3F88001 		str	r0, [r3, #384]
 176              		.loc 1 133 3 is_stmt 1 view .LVU48
 177              		.loc 1 133 18 is_stmt 0 view .LVU49
 178 0028 81F80023 		strb	r2, [r1, #768]
 179              		.loc 1 139 1 view .LVU50
 180 002c 7047     		bx	lr
 181              		.cfi_endproc
 182              	.LFE402:
 183              		.size	nvicDisableVector, .-nvicDisableVector
 184 002e 00BF     		.section	.text.nvicSetSystemHandlerPriority,"ax",%progbits
 185              		.align	1
 186              		.p2align 4,,15
 187              		.global	nvicSetSystemHandlerPriority
 188              		.syntax unified
 189              		.thumb
 190              		.thumb_func
 191              		.fpu softvfp
 192              		.type	nvicSetSystemHandlerPriority, %function
 193              	nvicSetSystemHandlerPriority:
 194              	.LVL11:
 195              	.LFB403:
 196              		.loc 1 147 68 is_stmt 1 view -0
 197              		.cfi_startproc
 198              		@ args = 0, pretend = 0, frame = 0
 199              		@ frame_needed = 0, uses_anonymous_args = 0
 200              		@ link register save eliminated.
 201              		.loc 1 149 3 view .LVU52
 202              		.loc 1 149 3 view .LVU53
 203              		.loc 1 149 3 view .LVU54
 204              		.loc 1 156 3 view .LVU55
 205              		.loc 1 156 24 is_stmt 0 view .LVU56
 206 0000 00F16040 		add	r0, r0, #-536870912
 207              	.LVL12:
 208              		.loc 1 156 26 view .LVU57
 209 0004 0901     		lsls	r1, r1, #4
 210              	.LVL13:
 211              		.loc 1 156 24 view .LVU58
 212 0006 00F56D40 		add	r0, r0, #60672
 213              	.LVL14:
 214              		.loc 1 156 26 view .LVU59
 215 000a C9B2     		uxtb	r1, r1
 216              		.loc 1 156 24 view .LVU60
 217 000c 0176     		strb	r1, [r0, #24]
 218              		.loc 1 158 1 view .LVU61
 219 000e 7047     		bx	lr
 220              		.cfi_endproc
 221              	.LFE403:
 222              		.size	nvicSetSystemHandlerPriority, .-nvicSetSystemHandlerPriority
 223              		.section	.text.nvicClearPending,"ax",%progbits
 224              		.align	1
 225              		.p2align 4,,15
 226              		.global	nvicClearPending
 227              		.syntax unified
 228              		.thumb
ARM GAS  /tmp/ccOuZd7n.s 			page 5


 229              		.thumb_func
 230              		.fpu softvfp
 231              		.type	nvicClearPending, %function
 232              	nvicClearPending:
 233              	.LVL15:
 234              	.LFB404:
 235              		.loc 1 165 35 is_stmt 1 view -0
 236              		.cfi_startproc
 237              		@ args = 0, pretend = 0, frame = 0
 238              		@ frame_needed = 0, uses_anonymous_args = 0
 239              		@ link register save eliminated.
 240              		.loc 1 167 3 view .LVU63
 241              		.loc 1 167 18 is_stmt 0 view .LVU64
 242 0000 4309     		lsrs	r3, r0, #5
 243              		.loc 1 167 24 view .LVU65
 244 0002 0549     		ldr	r1, .L10
 245              		.loc 1 167 34 view .LVU66
 246 0004 00F01F00 		and	r0, r0, #31
 247              	.LVL16:
 248              		.loc 1 167 28 view .LVU67
 249 0008 0122     		movs	r2, #1
 250              		.loc 1 167 24 view .LVU68
 251 000a 6033     		adds	r3, r3, #96
 252              		.loc 1 167 28 view .LVU69
 253 000c 02FA00F0 		lsl	r0, r2, r0
 254              		.loc 1 167 24 view .LVU70
 255 0010 41F82300 		str	r0, [r1, r3, lsl #2]
 256              		.loc 1 168 1 view .LVU71
 257 0014 7047     		bx	lr
 258              	.L11:
 259 0016 00BF     		.align	2
 260              	.L10:
 261 0018 00E100E0 		.word	-536813312
 262              		.cfi_endproc
 263              	.LFE404:
 264              		.size	nvicClearPending, .-nvicClearPending
 265              		.section	.text.nvicSetPending,"ax",%progbits
 266              		.align	1
 267              		.p2align 4,,15
 268              		.global	nvicSetPending
 269              		.syntax unified
 270              		.thumb
 271              		.thumb_func
 272              		.fpu softvfp
 273              		.type	nvicSetPending, %function
 274              	nvicSetPending:
 275              	.LVL17:
 276              	.LFB405:
 277              		.loc 1 175 33 is_stmt 1 view -0
 278              		.cfi_startproc
 279              		@ args = 0, pretend = 0, frame = 0
 280              		@ frame_needed = 0, uses_anonymous_args = 0
 281              		@ link register save eliminated.
 282              		.loc 1 177 3 view .LVU73
 283              		.loc 1 177 18 is_stmt 0 view .LVU74
 284 0000 4309     		lsrs	r3, r0, #5
 285              		.loc 1 177 24 view .LVU75
ARM GAS  /tmp/ccOuZd7n.s 			page 6


 286 0002 0549     		ldr	r1, .L13
 287              		.loc 1 177 34 view .LVU76
 288 0004 00F01F00 		and	r0, r0, #31
 289              	.LVL18:
 290              		.loc 1 177 28 view .LVU77
 291 0008 0122     		movs	r2, #1
 292              		.loc 1 177 24 view .LVU78
 293 000a 4033     		adds	r3, r3, #64
 294              		.loc 1 177 28 view .LVU79
 295 000c 02FA00F0 		lsl	r0, r2, r0
 296              		.loc 1 177 24 view .LVU80
 297 0010 41F82300 		str	r0, [r1, r3, lsl #2]
 298              		.loc 1 178 1 view .LVU81
 299 0014 7047     		bx	lr
 300              	.L14:
 301 0016 00BF     		.align	2
 302              	.L13:
 303 0018 00E100E0 		.word	-536813312
 304              		.cfi_endproc
 305              	.LFE405:
 306              		.size	nvicSetPending, .-nvicSetPending
 307              		.text
 308              	.Letext0:
 309              		.file 2 "/opt/gcc-arm-none-eabi/gcc-arm-none-eabi-10.3-2021.07/arm-none-eabi/include/machine/_defa
 310              		.file 3 "/opt/gcc-arm-none-eabi/gcc-arm-none-eabi-10.3-2021.07/arm-none-eabi/include/sys/_stdint.h
 311              		.file 4 "../ChibiOS/os/common/ext/ARM/CMSIS/Core/Include/core_cm4.h"
 312              		.section	.debug_info,"",%progbits
 313              	.Ldebug_info0:
 314 0000 4C050000 		.4byte	0x54c
 315 0004 0400     		.2byte	0x4
 316 0006 00000000 		.4byte	.Ldebug_abbrev0
 317 000a 04       		.byte	0x4
 318 000b 01       		.uleb128 0x1
 319 000c 11010000 		.4byte	.LASF54
 320 0010 0C       		.byte	0xc
 321 0011 17000000 		.4byte	.LASF55
 322 0015 59020000 		.4byte	.LASF56
 323 0019 00000000 		.4byte	.Ldebug_ranges0+0
 324 001d 00000000 		.4byte	0
 325 0021 00000000 		.4byte	.Ldebug_line0
 326 0025 02       		.uleb128 0x2
 327 0026 04       		.byte	0x4
 328 0027 05       		.byte	0x5
 329 0028 696E7400 		.ascii	"int\000"
 330 002c 03       		.uleb128 0x3
 331 002d 04       		.byte	0x4
 332 002e 07       		.byte	0x7
 333 002f 42020000 		.4byte	.LASF0
 334 0033 03       		.uleb128 0x3
 335 0034 08       		.byte	0x8
 336 0035 05       		.byte	0x5
 337 0036 E6000000 		.4byte	.LASF1
 338 003a 03       		.uleb128 0x3
 339 003b 08       		.byte	0x8
 340 003c 04       		.byte	0x4
 341 003d CC000000 		.4byte	.LASF2
 342 0041 03       		.uleb128 0x3
ARM GAS  /tmp/ccOuZd7n.s 			page 7


 343 0042 01       		.byte	0x1
 344 0043 06       		.byte	0x6
 345 0044 19020000 		.4byte	.LASF3
 346 0048 04       		.uleb128 0x4
 347 0049 02010000 		.4byte	.LASF8
 348 004d 02       		.byte	0x2
 349 004e 2B       		.byte	0x2b
 350 004f 18       		.byte	0x18
 351 0050 54000000 		.4byte	0x54
 352 0054 03       		.uleb128 0x3
 353 0055 01       		.byte	0x1
 354 0056 08       		.byte	0x8
 355 0057 D0010000 		.4byte	.LASF4
 356 005b 03       		.uleb128 0x3
 357 005c 02       		.byte	0x2
 358 005d 05       		.byte	0x5
 359 005e 5B000000 		.4byte	.LASF5
 360 0062 03       		.uleb128 0x3
 361 0063 02       		.byte	0x2
 362 0064 07       		.byte	0x7
 363 0065 88020000 		.4byte	.LASF6
 364 0069 03       		.uleb128 0x3
 365 006a 04       		.byte	0x4
 366 006b 05       		.byte	0x5
 367 006c F9000000 		.4byte	.LASF7
 368 0070 04       		.uleb128 0x4
 369 0071 7D000000 		.4byte	.LASF9
 370 0075 02       		.byte	0x2
 371 0076 4F       		.byte	0x4f
 372 0077 19       		.byte	0x19
 373 0078 7C000000 		.4byte	0x7c
 374 007c 03       		.uleb128 0x3
 375 007d 04       		.byte	0x4
 376 007e 07       		.byte	0x7
 377 007f 07030000 		.4byte	.LASF10
 378 0083 03       		.uleb128 0x3
 379 0084 08       		.byte	0x8
 380 0085 07       		.byte	0x7
 381 0086 25020000 		.4byte	.LASF11
 382 008a 04       		.uleb128 0x4
 383 008b A4000000 		.4byte	.LASF12
 384 008f 03       		.byte	0x3
 385 0090 18       		.byte	0x18
 386 0091 13       		.byte	0x13
 387 0092 48000000 		.4byte	0x48
 388 0096 05       		.uleb128 0x5
 389 0097 8A000000 		.4byte	0x8a
 390 009b 04       		.uleb128 0x4
 391 009c 09000000 		.4byte	.LASF13
 392 00a0 03       		.byte	0x3
 393 00a1 30       		.byte	0x30
 394 00a2 14       		.byte	0x14
 395 00a3 70000000 		.4byte	0x70
 396 00a7 05       		.uleb128 0x5
 397 00a8 9B000000 		.4byte	0x9b
 398 00ac 06       		.uleb128 0x6
 399 00ad A7000000 		.4byte	0xa7
ARM GAS  /tmp/ccOuZd7n.s 			page 8


 400 00b1 03       		.uleb128 0x3
 401 00b2 01       		.byte	0x1
 402 00b3 08       		.byte	0x8
 403 00b4 9B020000 		.4byte	.LASF14
 404 00b8 06       		.uleb128 0x6
 405 00b9 B1000000 		.4byte	0xb1
 406 00bd 07       		.uleb128 0x7
 407 00be 040E     		.2byte	0xe04
 408 00c0 04       		.byte	0x4
 409 00c1 9601     		.2byte	0x196
 410 00c3 09       		.byte	0x9
 411 00c4 87010000 		.4byte	0x187
 412 00c8 08       		.uleb128 0x8
 413 00c9 9F000000 		.4byte	.LASF15
 414 00cd 04       		.byte	0x4
 415 00ce 9801     		.2byte	0x198
 416 00d0 12       		.byte	0x12
 417 00d1 97010000 		.4byte	0x197
 418 00d5 00       		.byte	0
 419 00d6 08       		.uleb128 0x8
 420 00d7 D5020000 		.4byte	.LASF16
 421 00db 04       		.byte	0x4
 422 00dc 9901     		.2byte	0x199
 423 00de 12       		.byte	0x12
 424 00df 9C010000 		.4byte	0x19c
 425 00e3 20       		.byte	0x20
 426 00e4 08       		.uleb128 0x8
 427 00e5 4F020000 		.4byte	.LASF17
 428 00e9 04       		.byte	0x4
 429 00ea 9A01     		.2byte	0x19a
 430 00ec 12       		.byte	0x12
 431 00ed 97010000 		.4byte	0x197
 432 00f1 80       		.byte	0x80
 433 00f2 08       		.uleb128 0x8
 434 00f3 DD000000 		.4byte	.LASF18
 435 00f7 04       		.byte	0x4
 436 00f8 9B01     		.2byte	0x19b
 437 00fa 12       		.byte	0x12
 438 00fb 9C010000 		.4byte	0x19c
 439 00ff A0       		.byte	0xa0
 440 0100 09       		.uleb128 0x9
 441 0101 BB020000 		.4byte	.LASF19
 442 0105 04       		.byte	0x4
 443 0106 9C01     		.2byte	0x19c
 444 0108 12       		.byte	0x12
 445 0109 97010000 		.4byte	0x197
 446 010d 0001     		.2byte	0x100
 447 010f 09       		.uleb128 0x9
 448 0110 DF020000 		.4byte	.LASF20
 449 0114 04       		.byte	0x4
 450 0115 9D01     		.2byte	0x19d
 451 0117 12       		.byte	0x12
 452 0118 9C010000 		.4byte	0x19c
 453 011c 2001     		.2byte	0x120
 454 011e 09       		.uleb128 0x9
 455 011f 14020000 		.4byte	.LASF21
 456 0123 04       		.byte	0x4
ARM GAS  /tmp/ccOuZd7n.s 			page 9


 457 0124 9E01     		.2byte	0x19e
 458 0126 12       		.byte	0x12
 459 0127 97010000 		.4byte	0x197
 460 012b 8001     		.2byte	0x180
 461 012d 09       		.uleb128 0x9
 462 012e E9020000 		.4byte	.LASF22
 463 0132 04       		.byte	0x4
 464 0133 9F01     		.2byte	0x19f
 465 0135 12       		.byte	0x12
 466 0136 9C010000 		.4byte	0x19c
 467 013a A001     		.2byte	0x1a0
 468 013c 09       		.uleb128 0x9
 469 013d 12000000 		.4byte	.LASF23
 470 0141 04       		.byte	0x4
 471 0142 A001     		.2byte	0x1a0
 472 0144 12       		.byte	0x12
 473 0145 97010000 		.4byte	0x197
 474 0149 0002     		.2byte	0x200
 475 014b 09       		.uleb128 0x9
 476 014c F3020000 		.4byte	.LASF24
 477 0150 04       		.byte	0x4
 478 0151 A101     		.2byte	0x1a1
 479 0153 12       		.byte	0x12
 480 0154 AC010000 		.4byte	0x1ac
 481 0158 2002     		.2byte	0x220
 482 015a 0A       		.uleb128 0xa
 483 015b 495000   		.ascii	"IP\000"
 484 015e 04       		.byte	0x4
 485 015f A201     		.2byte	0x1a2
 486 0161 12       		.byte	0x12
 487 0162 CC010000 		.4byte	0x1cc
 488 0166 0003     		.2byte	0x300
 489 0168 09       		.uleb128 0x9
 490 0169 FD020000 		.4byte	.LASF25
 491 016d 04       		.byte	0x4
 492 016e A301     		.2byte	0x1a3
 493 0170 12       		.byte	0x12
 494 0171 D1010000 		.4byte	0x1d1
 495 0175 F003     		.2byte	0x3f0
 496 0177 09       		.uleb128 0x9
 497 0178 BB000000 		.4byte	.LASF26
 498 017c 04       		.byte	0x4
 499 017d A401     		.2byte	0x1a4
 500 017f 12       		.byte	0x12
 501 0180 A7000000 		.4byte	0xa7
 502 0184 000E     		.2byte	0xe00
 503 0186 00       		.byte	0
 504 0187 0B       		.uleb128 0xb
 505 0188 A7000000 		.4byte	0xa7
 506 018c 97010000 		.4byte	0x197
 507 0190 0C       		.uleb128 0xc
 508 0191 2C000000 		.4byte	0x2c
 509 0195 07       		.byte	0x7
 510 0196 00       		.byte	0
 511 0197 05       		.uleb128 0x5
 512 0198 87010000 		.4byte	0x187
 513 019c 0B       		.uleb128 0xb
ARM GAS  /tmp/ccOuZd7n.s 			page 10


 514 019d 9B000000 		.4byte	0x9b
 515 01a1 AC010000 		.4byte	0x1ac
 516 01a5 0C       		.uleb128 0xc
 517 01a6 2C000000 		.4byte	0x2c
 518 01aa 17       		.byte	0x17
 519 01ab 00       		.byte	0
 520 01ac 0B       		.uleb128 0xb
 521 01ad 9B000000 		.4byte	0x9b
 522 01b1 BC010000 		.4byte	0x1bc
 523 01b5 0C       		.uleb128 0xc
 524 01b6 2C000000 		.4byte	0x2c
 525 01ba 37       		.byte	0x37
 526 01bb 00       		.byte	0
 527 01bc 0B       		.uleb128 0xb
 528 01bd 96000000 		.4byte	0x96
 529 01c1 CC010000 		.4byte	0x1cc
 530 01c5 0C       		.uleb128 0xc
 531 01c6 2C000000 		.4byte	0x2c
 532 01ca EF       		.byte	0xef
 533 01cb 00       		.byte	0
 534 01cc 05       		.uleb128 0x5
 535 01cd BC010000 		.4byte	0x1bc
 536 01d1 0B       		.uleb128 0xb
 537 01d2 9B000000 		.4byte	0x9b
 538 01d6 E2010000 		.4byte	0x1e2
 539 01da 0D       		.uleb128 0xd
 540 01db 2C000000 		.4byte	0x2c
 541 01df 8302     		.2byte	0x283
 542 01e1 00       		.byte	0
 543 01e2 0E       		.uleb128 0xe
 544 01e3 0A020000 		.4byte	.LASF27
 545 01e7 04       		.byte	0x4
 546 01e8 A501     		.2byte	0x1a5
 547 01ea 04       		.byte	0x4
 548 01eb BD000000 		.4byte	0xbd
 549 01ef 0F       		.uleb128 0xf
 550 01f0 8C       		.byte	0x8c
 551 01f1 04       		.byte	0x4
 552 01f2 B801     		.2byte	0x1b8
 553 01f4 09       		.byte	0x9
 554 01f5 20030000 		.4byte	0x320
 555 01f9 08       		.uleb128 0x8
 556 01fa 99000000 		.4byte	.LASF28
 557 01fe 04       		.byte	0x4
 558 01ff BA01     		.2byte	0x1ba
 559 0201 12       		.byte	0x12
 560 0202 AC000000 		.4byte	0xac
 561 0206 00       		.byte	0
 562 0207 08       		.uleb128 0x8
 563 0208 D8000000 		.4byte	.LASF29
 564 020c 04       		.byte	0x4
 565 020d BB01     		.2byte	0x1bb
 566 020f 12       		.byte	0x12
 567 0210 A7000000 		.4byte	0xa7
 568 0214 04       		.byte	0x4
 569 0215 08       		.uleb128 0x8
 570 0216 A0020000 		.4byte	.LASF30
ARM GAS  /tmp/ccOuZd7n.s 			page 11


 571 021a 04       		.byte	0x4
 572 021b BC01     		.2byte	0x1bc
 573 021d 12       		.byte	0x12
 574 021e A7000000 		.4byte	0xa7
 575 0222 08       		.byte	0x8
 576 0223 08       		.uleb128 0x8
 577 0224 DE010000 		.4byte	.LASF31
 578 0228 04       		.byte	0x4
 579 0229 BD01     		.2byte	0x1bd
 580 022b 12       		.byte	0x12
 581 022c A7000000 		.4byte	0xa7
 582 0230 0C       		.byte	0xc
 583 0231 10       		.uleb128 0x10
 584 0232 53435200 		.ascii	"SCR\000"
 585 0236 04       		.byte	0x4
 586 0237 BE01     		.2byte	0x1be
 587 0239 12       		.byte	0x12
 588 023a A7000000 		.4byte	0xa7
 589 023e 10       		.byte	0x10
 590 023f 10       		.uleb128 0x10
 591 0240 43435200 		.ascii	"CCR\000"
 592 0244 04       		.byte	0x4
 593 0245 BF01     		.2byte	0x1bf
 594 0247 12       		.byte	0x12
 595 0248 A7000000 		.4byte	0xa7
 596 024c 14       		.byte	0x14
 597 024d 10       		.uleb128 0x10
 598 024e 53485000 		.ascii	"SHP\000"
 599 0252 04       		.byte	0x4
 600 0253 C001     		.2byte	0x1c0
 601 0255 12       		.byte	0x12
 602 0256 30030000 		.4byte	0x330
 603 025a 18       		.byte	0x18
 604 025b 08       		.uleb128 0x8
 605 025c 3C020000 		.4byte	.LASF32
 606 0260 04       		.byte	0x4
 607 0261 C101     		.2byte	0x1c1
 608 0263 12       		.byte	0x12
 609 0264 A7000000 		.4byte	0xa7
 610 0268 24       		.byte	0x24
 611 0269 08       		.uleb128 0x8
 612 026a 0C010000 		.4byte	.LASF33
 613 026e 04       		.byte	0x4
 614 026f C201     		.2byte	0x1c2
 615 0271 12       		.byte	0x12
 616 0272 A7000000 		.4byte	0xa7
 617 0276 28       		.byte	0x28
 618 0277 08       		.uleb128 0x8
 619 0278 CB020000 		.4byte	.LASF34
 620 027c 04       		.byte	0x4
 621 027d C301     		.2byte	0x1c3
 622 027f 12       		.byte	0x12
 623 0280 A7000000 		.4byte	0xa7
 624 0284 2C       		.byte	0x2c
 625 0285 08       		.uleb128 0x8
 626 0286 C0020000 		.4byte	.LASF35
 627 028a 04       		.byte	0x4
ARM GAS  /tmp/ccOuZd7n.s 			page 12


 628 028b C401     		.2byte	0x1c4
 629 028d 12       		.byte	0x12
 630 028e A7000000 		.4byte	0xa7
 631 0292 30       		.byte	0x30
 632 0293 08       		.uleb128 0x8
 633 0294 55000000 		.4byte	.LASF36
 634 0298 04       		.byte	0x4
 635 0299 C501     		.2byte	0x1c5
 636 029b 12       		.byte	0x12
 637 029c A7000000 		.4byte	0xa7
 638 02a0 34       		.byte	0x34
 639 02a1 08       		.uleb128 0x8
 640 02a2 F4000000 		.4byte	.LASF37
 641 02a6 04       		.byte	0x4
 642 02a7 C601     		.2byte	0x1c6
 643 02a9 12       		.byte	0x12
 644 02aa A7000000 		.4byte	0xa7
 645 02ae 38       		.byte	0x38
 646 02af 08       		.uleb128 0x8
 647 02b0 19030000 		.4byte	.LASF38
 648 02b4 04       		.byte	0x4
 649 02b5 C701     		.2byte	0x1c7
 650 02b7 12       		.byte	0x12
 651 02b8 A7000000 		.4byte	0xa7
 652 02bc 3C       		.byte	0x3c
 653 02bd 10       		.uleb128 0x10
 654 02be 50465200 		.ascii	"PFR\000"
 655 02c2 04       		.byte	0x4
 656 02c3 C801     		.2byte	0x1c8
 657 02c5 12       		.byte	0x12
 658 02c6 4A030000 		.4byte	0x34a
 659 02ca 40       		.byte	0x40
 660 02cb 10       		.uleb128 0x10
 661 02cc 44465200 		.ascii	"DFR\000"
 662 02d0 04       		.byte	0x4
 663 02d1 C901     		.2byte	0x1c9
 664 02d3 12       		.byte	0x12
 665 02d4 AC000000 		.4byte	0xac
 666 02d8 48       		.byte	0x48
 667 02d9 10       		.uleb128 0x10
 668 02da 41445200 		.ascii	"ADR\000"
 669 02de 04       		.byte	0x4
 670 02df CA01     		.2byte	0x1ca
 671 02e1 12       		.byte	0x12
 672 02e2 AC000000 		.4byte	0xac
 673 02e6 4C       		.byte	0x4c
 674 02e7 08       		.uleb128 0x8
 675 02e8 D0020000 		.4byte	.LASF39
 676 02ec 04       		.byte	0x4
 677 02ed CB01     		.2byte	0x1cb
 678 02ef 12       		.byte	0x12
 679 02f0 64030000 		.4byte	0x364
 680 02f4 50       		.byte	0x50
 681 02f5 08       		.uleb128 0x8
 682 02f6 B6020000 		.4byte	.LASF40
 683 02fa 04       		.byte	0x4
 684 02fb CC01     		.2byte	0x1cc
ARM GAS  /tmp/ccOuZd7n.s 			page 13


 685 02fd 12       		.byte	0x12
 686 02fe 7E030000 		.4byte	0x37e
 687 0302 60       		.byte	0x60
 688 0303 08       		.uleb128 0x8
 689 0304 D5020000 		.4byte	.LASF16
 690 0308 04       		.byte	0x4
 691 0309 CD01     		.2byte	0x1cd
 692 030b 12       		.byte	0x12
 693 030c 83030000 		.4byte	0x383
 694 0310 74       		.byte	0x74
 695 0311 08       		.uleb128 0x8
 696 0312 1E030000 		.4byte	.LASF41
 697 0316 04       		.byte	0x4
 698 0317 CE01     		.2byte	0x1ce
 699 0319 12       		.byte	0x12
 700 031a A7000000 		.4byte	0xa7
 701 031e 88       		.byte	0x88
 702 031f 00       		.byte	0
 703 0320 0B       		.uleb128 0xb
 704 0321 96000000 		.4byte	0x96
 705 0325 30030000 		.4byte	0x330
 706 0329 0C       		.uleb128 0xc
 707 032a 2C000000 		.4byte	0x2c
 708 032e 0B       		.byte	0xb
 709 032f 00       		.byte	0
 710 0330 05       		.uleb128 0x5
 711 0331 20030000 		.4byte	0x320
 712 0335 0B       		.uleb128 0xb
 713 0336 AC000000 		.4byte	0xac
 714 033a 45030000 		.4byte	0x345
 715 033e 0C       		.uleb128 0xc
 716 033f 2C000000 		.4byte	0x2c
 717 0343 01       		.byte	0x1
 718 0344 00       		.byte	0
 719 0345 06       		.uleb128 0x6
 720 0346 35030000 		.4byte	0x335
 721 034a 05       		.uleb128 0x5
 722 034b 45030000 		.4byte	0x345
 723 034f 0B       		.uleb128 0xb
 724 0350 AC000000 		.4byte	0xac
 725 0354 5F030000 		.4byte	0x35f
 726 0358 0C       		.uleb128 0xc
 727 0359 2C000000 		.4byte	0x2c
 728 035d 03       		.byte	0x3
 729 035e 00       		.byte	0
 730 035f 06       		.uleb128 0x6
 731 0360 4F030000 		.4byte	0x34f
 732 0364 05       		.uleb128 0x5
 733 0365 5F030000 		.4byte	0x35f
 734 0369 0B       		.uleb128 0xb
 735 036a AC000000 		.4byte	0xac
 736 036e 79030000 		.4byte	0x379
 737 0372 0C       		.uleb128 0xc
 738 0373 2C000000 		.4byte	0x2c
 739 0377 04       		.byte	0x4
 740 0378 00       		.byte	0
 741 0379 06       		.uleb128 0x6
ARM GAS  /tmp/ccOuZd7n.s 			page 14


 742 037a 69030000 		.4byte	0x369
 743 037e 05       		.uleb128 0x5
 744 037f 79030000 		.4byte	0x379
 745 0383 0B       		.uleb128 0xb
 746 0384 9B000000 		.4byte	0x9b
 747 0388 93030000 		.4byte	0x393
 748 038c 0C       		.uleb128 0xc
 749 038d 2C000000 		.4byte	0x2c
 750 0391 04       		.byte	0x4
 751 0392 00       		.byte	0
 752 0393 0E       		.uleb128 0xe
 753 0394 00000000 		.4byte	.LASF42
 754 0398 04       		.byte	0x4
 755 0399 CF01     		.2byte	0x1cf
 756 039b 03       		.byte	0x3
 757 039c EF010000 		.4byte	0x1ef
 758 03a0 0F       		.uleb128 0xf
 759 03a1 0C       		.byte	0xc
 760 03a2 04       		.byte	0x4
 761 03a3 CF02     		.2byte	0x2cf
 762 03a5 09       		.byte	0x9
 763 03a6 D5030000 		.4byte	0x3d5
 764 03aa 08       		.uleb128 0x8
 765 03ab D5020000 		.4byte	.LASF16
 766 03af 04       		.byte	0x4
 767 03b0 D102     		.2byte	0x2d1
 768 03b2 12       		.byte	0x12
 769 03b3 D5030000 		.4byte	0x3d5
 770 03b7 00       		.byte	0
 771 03b8 08       		.uleb128 0x8
 772 03b9 54020000 		.4byte	.LASF43
 773 03bd 04       		.byte	0x4
 774 03be D202     		.2byte	0x2d2
 775 03c0 12       		.byte	0x12
 776 03c1 AC000000 		.4byte	0xac
 777 03c5 04       		.byte	0x4
 778 03c6 08       		.uleb128 0x8
 779 03c7 65000000 		.4byte	.LASF44
 780 03cb 04       		.byte	0x4
 781 03cc D302     		.2byte	0x2d3
 782 03ce 12       		.byte	0x12
 783 03cf A7000000 		.4byte	0xa7
 784 03d3 08       		.byte	0x8
 785 03d4 00       		.byte	0
 786 03d5 0B       		.uleb128 0xb
 787 03d6 9B000000 		.4byte	0x9b
 788 03da E5030000 		.4byte	0x3e5
 789 03de 0C       		.uleb128 0xc
 790 03df 2C000000 		.4byte	0x2c
 791 03e3 00       		.byte	0
 792 03e4 00       		.byte	0
 793 03e5 0E       		.uleb128 0xe
 794 03e6 C0000000 		.4byte	.LASF45
 795 03ea 04       		.byte	0x4
 796 03eb D402     		.2byte	0x2d4
 797 03ed 03       		.byte	0x3
 798 03ee A0030000 		.4byte	0x3a0
ARM GAS  /tmp/ccOuZd7n.s 			page 15


 799 03f2 03       		.uleb128 0x3
 800 03f3 01       		.byte	0x1
 801 03f4 02       		.byte	0x2
 802 03f5 C5020000 		.4byte	.LASF46
 803 03f9 11       		.uleb128 0x11
 804 03fa AC000000 		.4byte	.LASF47
 805 03fe 01       		.byte	0x1
 806 03ff AF       		.byte	0xaf
 807 0400 06       		.byte	0x6
 808 0401 00000000 		.4byte	.LFB405
 809 0405 1C000000 		.4byte	.LFE405-.LFB405
 810 0409 01       		.uleb128 0x1
 811 040a 9C       		.byte	0x9c
 812 040b 22040000 		.4byte	0x422
 813 040f 12       		.uleb128 0x12
 814 0410 6E00     		.ascii	"n\000"
 815 0412 01       		.byte	0x1
 816 0413 AF       		.byte	0xaf
 817 0414 1E       		.byte	0x1e
 818 0415 9B000000 		.4byte	0x9b
 819 0419 04000000 		.4byte	.LLST8
 820 041d 00000000 		.4byte	.LVUS8
 821 0421 00       		.byte	0
 822 0422 11       		.uleb128 0x11
 823 0423 A5020000 		.4byte	.LASF48
 824 0427 01       		.byte	0x1
 825 0428 A5       		.byte	0xa5
 826 0429 06       		.byte	0x6
 827 042a 00000000 		.4byte	.LFB404
 828 042e 1C000000 		.4byte	.LFE404-.LFB404
 829 0432 01       		.uleb128 0x1
 830 0433 9C       		.byte	0x9c
 831 0434 4B040000 		.4byte	0x44b
 832 0438 12       		.uleb128 0x12
 833 0439 6E00     		.ascii	"n\000"
 834 043b 01       		.byte	0x1
 835 043c A5       		.byte	0xa5
 836 043d 20       		.byte	0x20
 837 043e 9B000000 		.4byte	0x9b
 838 0442 29000000 		.4byte	.LLST7
 839 0446 25000000 		.4byte	.LVUS7
 840 044a 00       		.byte	0
 841 044b 11       		.uleb128 0x11
 842 044c ED010000 		.4byte	.LASF49
 843 0450 01       		.byte	0x1
 844 0451 93       		.byte	0x93
 845 0452 06       		.byte	0x6
 846 0453 00000000 		.4byte	.LFB403
 847 0457 10000000 		.4byte	.LFE403-.LFB403
 848 045b 01       		.uleb128 0x1
 849 045c 9C       		.byte	0x9c
 850 045d 93040000 		.4byte	0x493
 851 0461 13       		.uleb128 0x13
 852 0462 88000000 		.4byte	.LASF50
 853 0466 01       		.byte	0x1
 854 0467 93       		.byte	0x93
 855 0468 2C       		.byte	0x2c
ARM GAS  /tmp/ccOuZd7n.s 			page 16


 856 0469 9B000000 		.4byte	0x9b
 857 046d 50000000 		.4byte	.LLST5
 858 0471 4A000000 		.4byte	.LVUS5
 859 0475 13       		.uleb128 0x13
 860 0476 24030000 		.4byte	.LASF51
 861 047a 01       		.byte	0x1
 862 047b 93       		.byte	0x93
 863 047c 3E       		.byte	0x3e
 864 047d 9B000000 		.4byte	0x9b
 865 0481 89000000 		.4byte	.LLST6
 866 0485 85000000 		.4byte	.LVUS6
 867 0489 14       		.uleb128 0x14
 868 048a E4010000 		.4byte	.LASF57
 869 048e A3040000 		.4byte	0x4a3
 870 0492 00       		.byte	0
 871 0493 0B       		.uleb128 0xb
 872 0494 B8000000 		.4byte	0xb8
 873 0498 A3040000 		.4byte	0x4a3
 874 049c 0C       		.uleb128 0xc
 875 049d 2C000000 		.4byte	0x2c
 876 04a1 1C       		.byte	0x1c
 877 04a2 00       		.byte	0
 878 04a3 06       		.uleb128 0x6
 879 04a4 93040000 		.4byte	0x493
 880 04a8 11       		.uleb128 0x11
 881 04a9 6B000000 		.4byte	.LASF52
 882 04ad 01       		.byte	0x1
 883 04ae 7D       		.byte	0x7d
 884 04af 06       		.byte	0x6
 885 04b0 00000000 		.4byte	.LFB402
 886 04b4 2E000000 		.4byte	.LFE402-.LFB402
 887 04b8 01       		.uleb128 0x1
 888 04b9 9C       		.byte	0x9c
 889 04ba D1040000 		.4byte	0x4d1
 890 04be 12       		.uleb128 0x12
 891 04bf 6E00     		.ascii	"n\000"
 892 04c1 01       		.byte	0x1
 893 04c2 7D       		.byte	0x7d
 894 04c3 21       		.byte	0x21
 895 04c4 9B000000 		.4byte	0x9b
 896 04c8 B0000000 		.4byte	.LLST4
 897 04cc AA000000 		.4byte	.LVUS4
 898 04d0 00       		.byte	0
 899 04d1 11       		.uleb128 0x11
 900 04d2 44000000 		.4byte	.LASF53
 901 04d6 01       		.byte	0x1
 902 04d7 66       		.byte	0x66
 903 04d8 06       		.byte	0x6
 904 04d9 00000000 		.4byte	.LFB401
 905 04dd 2E000000 		.4byte	.LFE401-.LFB401
 906 04e1 01       		.uleb128 0x1
 907 04e2 9C       		.byte	0x9c
 908 04e3 0E050000 		.4byte	0x50e
 909 04e7 12       		.uleb128 0x12
 910 04e8 6E00     		.ascii	"n\000"
 911 04ea 01       		.byte	0x1
 912 04eb 66       		.byte	0x66
ARM GAS  /tmp/ccOuZd7n.s 			page 17


 913 04ec 20       		.byte	0x20
 914 04ed 9B000000 		.4byte	0x9b
 915 04f1 E9000000 		.4byte	.LLST2
 916 04f5 E5000000 		.4byte	.LVUS2
 917 04f9 13       		.uleb128 0x13
 918 04fa 24030000 		.4byte	.LASF51
 919 04fe 01       		.byte	0x1
 920 04ff 66       		.byte	0x66
 921 0500 2C       		.byte	0x2c
 922 0501 9B000000 		.4byte	0x9b
 923 0505 11010000 		.4byte	.LLST3
 924 0509 0D010000 		.4byte	.LVUS3
 925 050d 00       		.byte	0
 926 050e 15       		.uleb128 0x15
 927 050f 90000000 		.4byte	.LASF58
 928 0513 01       		.byte	0x1
 929 0514 4F       		.byte	0x4f
 930 0515 06       		.byte	0x6
 931 0516 00000000 		.4byte	.LFB400
 932 051a 2C000000 		.4byte	.LFE400-.LFB400
 933 051e 01       		.uleb128 0x1
 934 051f 9C       		.byte	0x9c
 935 0520 16       		.uleb128 0x16
 936 0521 6E00     		.ascii	"n\000"
 937 0523 01       		.byte	0x1
 938 0524 54       		.byte	0x54
 939 0525 0C       		.byte	0xc
 940 0526 9B000000 		.4byte	0x9b
 941 052a 34010000 		.4byte	.LLST0
 942 052e 32010000 		.4byte	.LVUS0
 943 0532 17       		.uleb128 0x17
 944 0533 08000000 		.4byte	.LBB2
 945 0537 20000000 		.4byte	.LBE2-.LBB2
 946 053b 16       		.uleb128 0x16
 947 053c 6900     		.ascii	"i\000"
 948 053e 01       		.byte	0x1
 949 053f 57       		.byte	0x57
 950 0540 11       		.byte	0x11
 951 0541 9B000000 		.4byte	0x9b
 952 0545 4D010000 		.4byte	.LLST1
 953 0549 47010000 		.4byte	.LVUS1
 954 054d 00       		.byte	0
 955 054e 00       		.byte	0
 956 054f 00       		.byte	0
 957              		.section	.debug_abbrev,"",%progbits
 958              	.Ldebug_abbrev0:
 959 0000 01       		.uleb128 0x1
 960 0001 11       		.uleb128 0x11
 961 0002 01       		.byte	0x1
 962 0003 25       		.uleb128 0x25
 963 0004 0E       		.uleb128 0xe
 964 0005 13       		.uleb128 0x13
 965 0006 0B       		.uleb128 0xb
 966 0007 03       		.uleb128 0x3
 967 0008 0E       		.uleb128 0xe
 968 0009 1B       		.uleb128 0x1b
 969 000a 0E       		.uleb128 0xe
ARM GAS  /tmp/ccOuZd7n.s 			page 18


 970 000b 55       		.uleb128 0x55
 971 000c 17       		.uleb128 0x17
 972 000d 11       		.uleb128 0x11
 973 000e 01       		.uleb128 0x1
 974 000f 10       		.uleb128 0x10
 975 0010 17       		.uleb128 0x17
 976 0011 00       		.byte	0
 977 0012 00       		.byte	0
 978 0013 02       		.uleb128 0x2
 979 0014 24       		.uleb128 0x24
 980 0015 00       		.byte	0
 981 0016 0B       		.uleb128 0xb
 982 0017 0B       		.uleb128 0xb
 983 0018 3E       		.uleb128 0x3e
 984 0019 0B       		.uleb128 0xb
 985 001a 03       		.uleb128 0x3
 986 001b 08       		.uleb128 0x8
 987 001c 00       		.byte	0
 988 001d 00       		.byte	0
 989 001e 03       		.uleb128 0x3
 990 001f 24       		.uleb128 0x24
 991 0020 00       		.byte	0
 992 0021 0B       		.uleb128 0xb
 993 0022 0B       		.uleb128 0xb
 994 0023 3E       		.uleb128 0x3e
 995 0024 0B       		.uleb128 0xb
 996 0025 03       		.uleb128 0x3
 997 0026 0E       		.uleb128 0xe
 998 0027 00       		.byte	0
 999 0028 00       		.byte	0
 1000 0029 04       		.uleb128 0x4
 1001 002a 16       		.uleb128 0x16
 1002 002b 00       		.byte	0
 1003 002c 03       		.uleb128 0x3
 1004 002d 0E       		.uleb128 0xe
 1005 002e 3A       		.uleb128 0x3a
 1006 002f 0B       		.uleb128 0xb
 1007 0030 3B       		.uleb128 0x3b
 1008 0031 0B       		.uleb128 0xb
 1009 0032 39       		.uleb128 0x39
 1010 0033 0B       		.uleb128 0xb
 1011 0034 49       		.uleb128 0x49
 1012 0035 13       		.uleb128 0x13
 1013 0036 00       		.byte	0
 1014 0037 00       		.byte	0
 1015 0038 05       		.uleb128 0x5
 1016 0039 35       		.uleb128 0x35
 1017 003a 00       		.byte	0
 1018 003b 49       		.uleb128 0x49
 1019 003c 13       		.uleb128 0x13
 1020 003d 00       		.byte	0
 1021 003e 00       		.byte	0
 1022 003f 06       		.uleb128 0x6
 1023 0040 26       		.uleb128 0x26
 1024 0041 00       		.byte	0
 1025 0042 49       		.uleb128 0x49
 1026 0043 13       		.uleb128 0x13
ARM GAS  /tmp/ccOuZd7n.s 			page 19


 1027 0044 00       		.byte	0
 1028 0045 00       		.byte	0
 1029 0046 07       		.uleb128 0x7
 1030 0047 13       		.uleb128 0x13
 1031 0048 01       		.byte	0x1
 1032 0049 0B       		.uleb128 0xb
 1033 004a 05       		.uleb128 0x5
 1034 004b 3A       		.uleb128 0x3a
 1035 004c 0B       		.uleb128 0xb
 1036 004d 3B       		.uleb128 0x3b
 1037 004e 05       		.uleb128 0x5
 1038 004f 39       		.uleb128 0x39
 1039 0050 0B       		.uleb128 0xb
 1040 0051 01       		.uleb128 0x1
 1041 0052 13       		.uleb128 0x13
 1042 0053 00       		.byte	0
 1043 0054 00       		.byte	0
 1044 0055 08       		.uleb128 0x8
 1045 0056 0D       		.uleb128 0xd
 1046 0057 00       		.byte	0
 1047 0058 03       		.uleb128 0x3
 1048 0059 0E       		.uleb128 0xe
 1049 005a 3A       		.uleb128 0x3a
 1050 005b 0B       		.uleb128 0xb
 1051 005c 3B       		.uleb128 0x3b
 1052 005d 05       		.uleb128 0x5
 1053 005e 39       		.uleb128 0x39
 1054 005f 0B       		.uleb128 0xb
 1055 0060 49       		.uleb128 0x49
 1056 0061 13       		.uleb128 0x13
 1057 0062 38       		.uleb128 0x38
 1058 0063 0B       		.uleb128 0xb
 1059 0064 00       		.byte	0
 1060 0065 00       		.byte	0
 1061 0066 09       		.uleb128 0x9
 1062 0067 0D       		.uleb128 0xd
 1063 0068 00       		.byte	0
 1064 0069 03       		.uleb128 0x3
 1065 006a 0E       		.uleb128 0xe
 1066 006b 3A       		.uleb128 0x3a
 1067 006c 0B       		.uleb128 0xb
 1068 006d 3B       		.uleb128 0x3b
 1069 006e 05       		.uleb128 0x5
 1070 006f 39       		.uleb128 0x39
 1071 0070 0B       		.uleb128 0xb
 1072 0071 49       		.uleb128 0x49
 1073 0072 13       		.uleb128 0x13
 1074 0073 38       		.uleb128 0x38
 1075 0074 05       		.uleb128 0x5
 1076 0075 00       		.byte	0
 1077 0076 00       		.byte	0
 1078 0077 0A       		.uleb128 0xa
 1079 0078 0D       		.uleb128 0xd
 1080 0079 00       		.byte	0
 1081 007a 03       		.uleb128 0x3
 1082 007b 08       		.uleb128 0x8
 1083 007c 3A       		.uleb128 0x3a
ARM GAS  /tmp/ccOuZd7n.s 			page 20


 1084 007d 0B       		.uleb128 0xb
 1085 007e 3B       		.uleb128 0x3b
 1086 007f 05       		.uleb128 0x5
 1087 0080 39       		.uleb128 0x39
 1088 0081 0B       		.uleb128 0xb
 1089 0082 49       		.uleb128 0x49
 1090 0083 13       		.uleb128 0x13
 1091 0084 38       		.uleb128 0x38
 1092 0085 05       		.uleb128 0x5
 1093 0086 00       		.byte	0
 1094 0087 00       		.byte	0
 1095 0088 0B       		.uleb128 0xb
 1096 0089 01       		.uleb128 0x1
 1097 008a 01       		.byte	0x1
 1098 008b 49       		.uleb128 0x49
 1099 008c 13       		.uleb128 0x13
 1100 008d 01       		.uleb128 0x1
 1101 008e 13       		.uleb128 0x13
 1102 008f 00       		.byte	0
 1103 0090 00       		.byte	0
 1104 0091 0C       		.uleb128 0xc
 1105 0092 21       		.uleb128 0x21
 1106 0093 00       		.byte	0
 1107 0094 49       		.uleb128 0x49
 1108 0095 13       		.uleb128 0x13
 1109 0096 2F       		.uleb128 0x2f
 1110 0097 0B       		.uleb128 0xb
 1111 0098 00       		.byte	0
 1112 0099 00       		.byte	0
 1113 009a 0D       		.uleb128 0xd
 1114 009b 21       		.uleb128 0x21
 1115 009c 00       		.byte	0
 1116 009d 49       		.uleb128 0x49
 1117 009e 13       		.uleb128 0x13
 1118 009f 2F       		.uleb128 0x2f
 1119 00a0 05       		.uleb128 0x5
 1120 00a1 00       		.byte	0
 1121 00a2 00       		.byte	0
 1122 00a3 0E       		.uleb128 0xe
 1123 00a4 16       		.uleb128 0x16
 1124 00a5 00       		.byte	0
 1125 00a6 03       		.uleb128 0x3
 1126 00a7 0E       		.uleb128 0xe
 1127 00a8 3A       		.uleb128 0x3a
 1128 00a9 0B       		.uleb128 0xb
 1129 00aa 3B       		.uleb128 0x3b
 1130 00ab 05       		.uleb128 0x5
 1131 00ac 39       		.uleb128 0x39
 1132 00ad 0B       		.uleb128 0xb
 1133 00ae 49       		.uleb128 0x49
 1134 00af 13       		.uleb128 0x13
 1135 00b0 00       		.byte	0
 1136 00b1 00       		.byte	0
 1137 00b2 0F       		.uleb128 0xf
 1138 00b3 13       		.uleb128 0x13
 1139 00b4 01       		.byte	0x1
 1140 00b5 0B       		.uleb128 0xb
ARM GAS  /tmp/ccOuZd7n.s 			page 21


 1141 00b6 0B       		.uleb128 0xb
 1142 00b7 3A       		.uleb128 0x3a
 1143 00b8 0B       		.uleb128 0xb
 1144 00b9 3B       		.uleb128 0x3b
 1145 00ba 05       		.uleb128 0x5
 1146 00bb 39       		.uleb128 0x39
 1147 00bc 0B       		.uleb128 0xb
 1148 00bd 01       		.uleb128 0x1
 1149 00be 13       		.uleb128 0x13
 1150 00bf 00       		.byte	0
 1151 00c0 00       		.byte	0
 1152 00c1 10       		.uleb128 0x10
 1153 00c2 0D       		.uleb128 0xd
 1154 00c3 00       		.byte	0
 1155 00c4 03       		.uleb128 0x3
 1156 00c5 08       		.uleb128 0x8
 1157 00c6 3A       		.uleb128 0x3a
 1158 00c7 0B       		.uleb128 0xb
 1159 00c8 3B       		.uleb128 0x3b
 1160 00c9 05       		.uleb128 0x5
 1161 00ca 39       		.uleb128 0x39
 1162 00cb 0B       		.uleb128 0xb
 1163 00cc 49       		.uleb128 0x49
 1164 00cd 13       		.uleb128 0x13
 1165 00ce 38       		.uleb128 0x38
 1166 00cf 0B       		.uleb128 0xb
 1167 00d0 00       		.byte	0
 1168 00d1 00       		.byte	0
 1169 00d2 11       		.uleb128 0x11
 1170 00d3 2E       		.uleb128 0x2e
 1171 00d4 01       		.byte	0x1
 1172 00d5 3F       		.uleb128 0x3f
 1173 00d6 19       		.uleb128 0x19
 1174 00d7 03       		.uleb128 0x3
 1175 00d8 0E       		.uleb128 0xe
 1176 00d9 3A       		.uleb128 0x3a
 1177 00da 0B       		.uleb128 0xb
 1178 00db 3B       		.uleb128 0x3b
 1179 00dc 0B       		.uleb128 0xb
 1180 00dd 39       		.uleb128 0x39
 1181 00de 0B       		.uleb128 0xb
 1182 00df 27       		.uleb128 0x27
 1183 00e0 19       		.uleb128 0x19
 1184 00e1 11       		.uleb128 0x11
 1185 00e2 01       		.uleb128 0x1
 1186 00e3 12       		.uleb128 0x12
 1187 00e4 06       		.uleb128 0x6
 1188 00e5 40       		.uleb128 0x40
 1189 00e6 18       		.uleb128 0x18
 1190 00e7 9742     		.uleb128 0x2117
 1191 00e9 19       		.uleb128 0x19
 1192 00ea 01       		.uleb128 0x1
 1193 00eb 13       		.uleb128 0x13
 1194 00ec 00       		.byte	0
 1195 00ed 00       		.byte	0
 1196 00ee 12       		.uleb128 0x12
 1197 00ef 05       		.uleb128 0x5
ARM GAS  /tmp/ccOuZd7n.s 			page 22


 1198 00f0 00       		.byte	0
 1199 00f1 03       		.uleb128 0x3
 1200 00f2 08       		.uleb128 0x8
 1201 00f3 3A       		.uleb128 0x3a
 1202 00f4 0B       		.uleb128 0xb
 1203 00f5 3B       		.uleb128 0x3b
 1204 00f6 0B       		.uleb128 0xb
 1205 00f7 39       		.uleb128 0x39
 1206 00f8 0B       		.uleb128 0xb
 1207 00f9 49       		.uleb128 0x49
 1208 00fa 13       		.uleb128 0x13
 1209 00fb 02       		.uleb128 0x2
 1210 00fc 17       		.uleb128 0x17
 1211 00fd B742     		.uleb128 0x2137
 1212 00ff 17       		.uleb128 0x17
 1213 0100 00       		.byte	0
 1214 0101 00       		.byte	0
 1215 0102 13       		.uleb128 0x13
 1216 0103 05       		.uleb128 0x5
 1217 0104 00       		.byte	0
 1218 0105 03       		.uleb128 0x3
 1219 0106 0E       		.uleb128 0xe
 1220 0107 3A       		.uleb128 0x3a
 1221 0108 0B       		.uleb128 0xb
 1222 0109 3B       		.uleb128 0x3b
 1223 010a 0B       		.uleb128 0xb
 1224 010b 39       		.uleb128 0x39
 1225 010c 0B       		.uleb128 0xb
 1226 010d 49       		.uleb128 0x49
 1227 010e 13       		.uleb128 0x13
 1228 010f 02       		.uleb128 0x2
 1229 0110 17       		.uleb128 0x17
 1230 0111 B742     		.uleb128 0x2137
 1231 0113 17       		.uleb128 0x17
 1232 0114 00       		.byte	0
 1233 0115 00       		.byte	0
 1234 0116 14       		.uleb128 0x14
 1235 0117 34       		.uleb128 0x34
 1236 0118 00       		.byte	0
 1237 0119 03       		.uleb128 0x3
 1238 011a 0E       		.uleb128 0xe
 1239 011b 49       		.uleb128 0x49
 1240 011c 13       		.uleb128 0x13
 1241 011d 34       		.uleb128 0x34
 1242 011e 19       		.uleb128 0x19
 1243 011f 00       		.byte	0
 1244 0120 00       		.byte	0
 1245 0121 15       		.uleb128 0x15
 1246 0122 2E       		.uleb128 0x2e
 1247 0123 01       		.byte	0x1
 1248 0124 3F       		.uleb128 0x3f
 1249 0125 19       		.uleb128 0x19
 1250 0126 03       		.uleb128 0x3
 1251 0127 0E       		.uleb128 0xe
 1252 0128 3A       		.uleb128 0x3a
 1253 0129 0B       		.uleb128 0xb
 1254 012a 3B       		.uleb128 0x3b
ARM GAS  /tmp/ccOuZd7n.s 			page 23


 1255 012b 0B       		.uleb128 0xb
 1256 012c 39       		.uleb128 0x39
 1257 012d 0B       		.uleb128 0xb
 1258 012e 27       		.uleb128 0x27
 1259 012f 19       		.uleb128 0x19
 1260 0130 11       		.uleb128 0x11
 1261 0131 01       		.uleb128 0x1
 1262 0132 12       		.uleb128 0x12
 1263 0133 06       		.uleb128 0x6
 1264 0134 40       		.uleb128 0x40
 1265 0135 18       		.uleb128 0x18
 1266 0136 9742     		.uleb128 0x2117
 1267 0138 19       		.uleb128 0x19
 1268 0139 00       		.byte	0
 1269 013a 00       		.byte	0
 1270 013b 16       		.uleb128 0x16
 1271 013c 34       		.uleb128 0x34
 1272 013d 00       		.byte	0
 1273 013e 03       		.uleb128 0x3
 1274 013f 08       		.uleb128 0x8
 1275 0140 3A       		.uleb128 0x3a
 1276 0141 0B       		.uleb128 0xb
 1277 0142 3B       		.uleb128 0x3b
 1278 0143 0B       		.uleb128 0xb
 1279 0144 39       		.uleb128 0x39
 1280 0145 0B       		.uleb128 0xb
 1281 0146 49       		.uleb128 0x49
 1282 0147 13       		.uleb128 0x13
 1283 0148 02       		.uleb128 0x2
 1284 0149 17       		.uleb128 0x17
 1285 014a B742     		.uleb128 0x2137
 1286 014c 17       		.uleb128 0x17
 1287 014d 00       		.byte	0
 1288 014e 00       		.byte	0
 1289 014f 17       		.uleb128 0x17
 1290 0150 0B       		.uleb128 0xb
 1291 0151 01       		.byte	0x1
 1292 0152 11       		.uleb128 0x11
 1293 0153 01       		.uleb128 0x1
 1294 0154 12       		.uleb128 0x12
 1295 0155 06       		.uleb128 0x6
 1296 0156 00       		.byte	0
 1297 0157 00       		.byte	0
 1298 0158 00       		.byte	0
 1299              		.section	.debug_loc,"",%progbits
 1300              	.Ldebug_loc0:
 1301              	.LVUS8:
 1302 0000 00       		.uleb128 0
 1303 0001 00       		.uleb128 .LVU77
 1304 0002 00       		.uleb128 .LVU77
 1305 0003 00       		.uleb128 0
 1306              	.LLST8:
 1307 0004 00000000 		.4byte	.LVL17
 1308 0008 08000000 		.4byte	.LVL18
 1309 000c 0100     		.2byte	0x1
 1310 000e 50       		.byte	0x50
 1311 000f 08000000 		.4byte	.LVL18
ARM GAS  /tmp/ccOuZd7n.s 			page 24


 1312 0013 1C000000 		.4byte	.LFE405
 1313 0017 0400     		.2byte	0x4
 1314 0019 F3       		.byte	0xf3
 1315 001a 01       		.uleb128 0x1
 1316 001b 50       		.byte	0x50
 1317 001c 9F       		.byte	0x9f
 1318 001d 00000000 		.4byte	0
 1319 0021 00000000 		.4byte	0
 1320              	.LVUS7:
 1321 0025 00       		.uleb128 0
 1322 0026 00       		.uleb128 .LVU67
 1323 0027 00       		.uleb128 .LVU67
 1324 0028 00       		.uleb128 0
 1325              	.LLST7:
 1326 0029 00000000 		.4byte	.LVL15
 1327 002d 08000000 		.4byte	.LVL16
 1328 0031 0100     		.2byte	0x1
 1329 0033 50       		.byte	0x50
 1330 0034 08000000 		.4byte	.LVL16
 1331 0038 1C000000 		.4byte	.LFE404
 1332 003c 0400     		.2byte	0x4
 1333 003e F3       		.byte	0xf3
 1334 003f 01       		.uleb128 0x1
 1335 0040 50       		.byte	0x50
 1336 0041 9F       		.byte	0x9f
 1337 0042 00000000 		.4byte	0
 1338 0046 00000000 		.4byte	0
 1339              	.LVUS5:
 1340 004a 00       		.uleb128 0
 1341 004b 00       		.uleb128 .LVU57
 1342 004c 00       		.uleb128 .LVU57
 1343 004d 00       		.uleb128 .LVU59
 1344 004e 00       		.uleb128 .LVU59
 1345 004f 00       		.uleb128 0
 1346              	.LLST5:
 1347 0050 00000000 		.4byte	.LVL11
 1348 0054 04000000 		.4byte	.LVL12
 1349 0058 0100     		.2byte	0x1
 1350 005a 50       		.byte	0x50
 1351 005b 04000000 		.4byte	.LVL12
 1352 005f 0A000000 		.4byte	.LVL14
 1353 0063 0700     		.2byte	0x7
 1354 0065 70       		.byte	0x70
 1355 0066 80808080 		.sleb128 536870912
 1355      02
 1356 006b 9F       		.byte	0x9f
 1357 006c 0A000000 		.4byte	.LVL14
 1358 0070 10000000 		.4byte	.LFE403
 1359 0074 0700     		.2byte	0x7
 1360 0076 70       		.byte	0x70
 1361 0077 80A6FCFF 		.sleb128 536810240
 1361      01
 1362 007c 9F       		.byte	0x9f
 1363 007d 00000000 		.4byte	0
 1364 0081 00000000 		.4byte	0
 1365              	.LVUS6:
 1366 0085 00       		.uleb128 0
ARM GAS  /tmp/ccOuZd7n.s 			page 25


 1367 0086 00       		.uleb128 .LVU58
 1368 0087 00       		.uleb128 .LVU58
 1369 0088 00       		.uleb128 0
 1370              	.LLST6:
 1371 0089 00000000 		.4byte	.LVL11
 1372 008d 06000000 		.4byte	.LVL13
 1373 0091 0100     		.2byte	0x1
 1374 0093 51       		.byte	0x51
 1375 0094 06000000 		.4byte	.LVL13
 1376 0098 10000000 		.4byte	.LFE403
 1377 009c 0400     		.2byte	0x4
 1378 009e F3       		.byte	0xf3
 1379 009f 01       		.uleb128 0x1
 1380 00a0 51       		.byte	0x51
 1381 00a1 9F       		.byte	0x9f
 1382 00a2 00000000 		.4byte	0
 1383 00a6 00000000 		.4byte	0
 1384              	.LVUS4:
 1385 00aa 00       		.uleb128 0
 1386 00ab 00       		.uleb128 .LVU42
 1387 00ac 00       		.uleb128 .LVU42
 1388 00ad 00       		.uleb128 .LVU43
 1389 00ae 00       		.uleb128 .LVU43
 1390 00af 00       		.uleb128 0
 1391              	.LLST4:
 1392 00b0 00000000 		.4byte	.LVL8
 1393 00b4 16000000 		.4byte	.LVL9
 1394 00b8 0100     		.2byte	0x1
 1395 00ba 50       		.byte	0x50
 1396 00bb 16000000 		.4byte	.LVL9
 1397 00bf 1A000000 		.4byte	.LVL10
 1398 00c3 0700     		.2byte	0x7
 1399 00c5 71       		.byte	0x71
 1400 00c6 80808080 		.sleb128 536870912
 1400      02
 1401 00cb 9F       		.byte	0x9f
 1402 00cc 1A000000 		.4byte	.LVL10
 1403 00d0 2E000000 		.4byte	.LFE402
 1404 00d4 0700     		.2byte	0x7
 1405 00d6 71       		.byte	0x71
 1406 00d7 80BEFCFF 		.sleb128 536813312
 1406      01
 1407 00dc 9F       		.byte	0x9f
 1408 00dd 00000000 		.4byte	0
 1409 00e1 00000000 		.4byte	0
 1410              	.LVUS2:
 1411 00e5 00       		.uleb128 0
 1412 00e6 00       		.uleb128 .LVU28
 1413 00e7 00       		.uleb128 .LVU28
 1414 00e8 00       		.uleb128 0
 1415              	.LLST2:
 1416 00e9 00000000 		.4byte	.LVL5
 1417 00ed 1A000000 		.4byte	.LVL7
 1418 00f1 0100     		.2byte	0x1
 1419 00f3 50       		.byte	0x50
 1420 00f4 1A000000 		.4byte	.LVL7
 1421 00f8 2E000000 		.4byte	.LFE401
ARM GAS  /tmp/ccOuZd7n.s 			page 26


 1422 00fc 0700     		.2byte	0x7
 1423 00fe 7C       		.byte	0x7c
 1424 00ff 80BEFCFF 		.sleb128 536813312
 1424      01
 1425 0104 9F       		.byte	0x9f
 1426 0105 00000000 		.4byte	0
 1427 0109 00000000 		.4byte	0
 1428              	.LVUS3:
 1429 010d 00       		.uleb128 0
 1430 010e 00       		.uleb128 .LVU26
 1431 010f 00       		.uleb128 .LVU26
 1432 0110 00       		.uleb128 0
 1433              	.LLST3:
 1434 0111 00000000 		.4byte	.LVL5
 1435 0115 12000000 		.4byte	.LVL6
 1436 0119 0100     		.2byte	0x1
 1437 011b 51       		.byte	0x51
 1438 011c 12000000 		.4byte	.LVL6
 1439 0120 2E000000 		.4byte	.LFE401
 1440 0124 0400     		.2byte	0x4
 1441 0126 F3       		.byte	0xf3
 1442 0127 01       		.uleb128 0x1
 1443 0128 51       		.byte	0x51
 1444 0129 9F       		.byte	0x9f
 1445 012a 00000000 		.4byte	0
 1446 012e 00000000 		.4byte	0
 1447              	.LVUS0:
 1448 0132 00       		.uleb128 .LVU5
 1449 0133 00       		.uleb128 .LVU20
 1450              	.LLST0:
 1451 0134 08000000 		.4byte	.LVL0
 1452 0138 2A000000 		.4byte	.LVL4
 1453 013c 0100     		.2byte	0x1
 1454 013e 54       		.byte	0x54
 1455 013f 00000000 		.4byte	0
 1456 0143 00000000 		.4byte	0
 1457              	.LVUS1:
 1458 0147 02       		.uleb128 .LVU7
 1459 0148 00       		.uleb128 .LVU10
 1460 0149 00       		.uleb128 .LVU10
 1461 014a 00       		.uleb128 .LVU15
 1462 014b 00       		.uleb128 .LVU15
 1463 014c 01       		.uleb128 .LVU17
 1464              	.LLST1:
 1465 014d 08000000 		.4byte	.LVL0
 1466 0151 0E000000 		.4byte	.LVL1
 1467 0155 0200     		.2byte	0x2
 1468 0157 30       		.byte	0x30
 1469 0158 9F       		.byte	0x9f
 1470 0159 0E000000 		.4byte	.LVL1
 1471 015d 22000000 		.4byte	.LVL2
 1472 0161 0100     		.2byte	0x1
 1473 0163 52       		.byte	0x52
 1474 0164 22000000 		.4byte	.LVL2
 1475 0168 26000000 		.4byte	.LVL3
 1476 016c 0300     		.2byte	0x3
 1477 016e 72       		.byte	0x72
ARM GAS  /tmp/ccOuZd7n.s 			page 27


 1478 016f 7F       		.sleb128 -1
 1479 0170 9F       		.byte	0x9f
 1480 0171 00000000 		.4byte	0
 1481 0175 00000000 		.4byte	0
 1482              		.section	.debug_aranges,"",%progbits
 1483 0000 44000000 		.4byte	0x44
 1484 0004 0200     		.2byte	0x2
 1485 0006 00000000 		.4byte	.Ldebug_info0
 1486 000a 04       		.byte	0x4
 1487 000b 00       		.byte	0
 1488 000c 0000     		.2byte	0
 1489 000e 0000     		.2byte	0
 1490 0010 00000000 		.4byte	.LFB400
 1491 0014 2C000000 		.4byte	.LFE400-.LFB400
 1492 0018 00000000 		.4byte	.LFB401
 1493 001c 2E000000 		.4byte	.LFE401-.LFB401
 1494 0020 00000000 		.4byte	.LFB402
 1495 0024 2E000000 		.4byte	.LFE402-.LFB402
 1496 0028 00000000 		.4byte	.LFB403
 1497 002c 10000000 		.4byte	.LFE403-.LFB403
 1498 0030 00000000 		.4byte	.LFB404
 1499 0034 1C000000 		.4byte	.LFE404-.LFB404
 1500 0038 00000000 		.4byte	.LFB405
 1501 003c 1C000000 		.4byte	.LFE405-.LFB405
 1502 0040 00000000 		.4byte	0
 1503 0044 00000000 		.4byte	0
 1504              		.section	.debug_ranges,"",%progbits
 1505              	.Ldebug_ranges0:
 1506 0000 00000000 		.4byte	.LFB400
 1507 0004 2C000000 		.4byte	.LFE400
 1508 0008 00000000 		.4byte	.LFB401
 1509 000c 2E000000 		.4byte	.LFE401
 1510 0010 00000000 		.4byte	.LFB402
 1511 0014 2E000000 		.4byte	.LFE402
 1512 0018 00000000 		.4byte	.LFB403
 1513 001c 10000000 		.4byte	.LFE403
 1514 0020 00000000 		.4byte	.LFB404
 1515 0024 1C000000 		.4byte	.LFE404
 1516 0028 00000000 		.4byte	.LFB405
 1517 002c 1C000000 		.4byte	.LFE405
 1518 0030 00000000 		.4byte	0
 1519 0034 00000000 		.4byte	0
 1520              		.section	.debug_line,"",%progbits
 1521              	.Ldebug_line0:
 1522 0000 D0020000 		.section	.debug_str,"MS",%progbits,1
 1522      03004601 
 1522      00000201 
 1522      FB0E0D00 
 1522      01010101 
 1523              	.LASF42:
 1524 0000 5343425F 		.ascii	"SCB_Type\000"
 1524      54797065 
 1524      00
 1525              	.LASF13:
 1526 0009 75696E74 		.ascii	"uint32_t\000"
 1526      33325F74 
 1526      00
ARM GAS  /tmp/ccOuZd7n.s 			page 28


 1527              	.LASF23:
 1528 0012 49414252 		.ascii	"IABR\000"
 1528      00
 1529              	.LASF55:
 1530 0017 2E2E2F43 		.ascii	"../ChibiOS/os/hal/ports/common/ARMCMx/nvic.c\000"
 1530      68696269 
 1530      4F532F6F 
 1530      732F6861 
 1530      6C2F706F 
 1531              	.LASF53:
 1532 0044 6E766963 		.ascii	"nvicEnableVector\000"
 1532      456E6162 
 1532      6C655665 
 1532      63746F72 
 1532      00
 1533              	.LASF36:
 1534 0055 4D4D4641 		.ascii	"MMFAR\000"
 1534      5200
 1535              	.LASF5:
 1536 005b 73686F72 		.ascii	"short int\000"
 1536      7420696E 
 1536      7400
 1537              	.LASF44:
 1538 0065 4143544C 		.ascii	"ACTLR\000"
 1538      5200
 1539              	.LASF52:
 1540 006b 6E766963 		.ascii	"nvicDisableVector\000"
 1540      44697361 
 1540      626C6556 
 1540      6563746F 
 1540      7200
 1541              	.LASF9:
 1542 007d 5F5F7569 		.ascii	"__uint32_t\000"
 1542      6E743332 
 1542      5F7400
 1543              	.LASF50:
 1544 0088 68616E64 		.ascii	"handler\000"
 1544      6C657200 
 1545              	.LASF58:
 1546 0090 6E766963 		.ascii	"nvicInit\000"
 1546      496E6974 
 1546      00
 1547              	.LASF28:
 1548 0099 43505549 		.ascii	"CPUID\000"
 1548      4400
 1549              	.LASF15:
 1550 009f 49534552 		.ascii	"ISER\000"
 1550      00
 1551              	.LASF12:
 1552 00a4 75696E74 		.ascii	"uint8_t\000"
 1552      385F7400 
 1553              	.LASF47:
 1554 00ac 6E766963 		.ascii	"nvicSetPending\000"
 1554      53657450 
 1554      656E6469 
 1554      6E6700
 1555              	.LASF26:
ARM GAS  /tmp/ccOuZd7n.s 			page 29


 1556 00bb 53544952 		.ascii	"STIR\000"
 1556      00
 1557              	.LASF45:
 1558 00c0 53436E53 		.ascii	"SCnSCB_Type\000"
 1558      43425F54 
 1558      79706500 
 1559              	.LASF2:
 1560 00cc 6C6F6E67 		.ascii	"long double\000"
 1560      20646F75 
 1560      626C6500 
 1561              	.LASF29:
 1562 00d8 49435352 		.ascii	"ICSR\000"
 1562      00
 1563              	.LASF18:
 1564 00dd 52534552 		.ascii	"RSERVED1\000"
 1564      56454431 
 1564      00
 1565              	.LASF1:
 1566 00e6 6C6F6E67 		.ascii	"long long int\000"
 1566      206C6F6E 
 1566      6720696E 
 1566      7400
 1567              	.LASF37:
 1568 00f4 42464152 		.ascii	"BFAR\000"
 1568      00
 1569              	.LASF7:
 1570 00f9 6C6F6E67 		.ascii	"long int\000"
 1570      20696E74 
 1570      00
 1571              	.LASF8:
 1572 0102 5F5F7569 		.ascii	"__uint8_t\000"
 1572      6E74385F 
 1572      7400
 1573              	.LASF33:
 1574 010c 43465352 		.ascii	"CFSR\000"
 1574      00
 1575              	.LASF54:
 1576 0111 474E5520 		.ascii	"GNU C17 10.3.1 20210621 (release) -mcpu=cortex-m4 -"
 1576      43313720 
 1576      31302E33 
 1576      2E312032 
 1576      30323130 
 1577 0144 6D746875 		.ascii	"mthumb -mfloat-abi=soft -march=armv7e-m -ggdb -O2 -"
 1577      6D62202D 
 1577      6D666C6F 
 1577      61742D61 
 1577      62693D73 
 1578 0177 666F6D69 		.ascii	"fomit-frame-pointer -falign-functions=16 -ffunction"
 1578      742D6672 
 1578      616D652D 
 1578      706F696E 
 1578      74657220 
 1579 01aa 2D736563 		.ascii	"-sections -fdata-sections -fno-common\000"
 1579      74696F6E 
 1579      73202D66 
 1579      64617461 
 1579      2D736563 
ARM GAS  /tmp/ccOuZd7n.s 			page 30


 1580              	.LASF4:
 1581 01d0 756E7369 		.ascii	"unsigned char\000"
 1581      676E6564 
 1581      20636861 
 1581      7200
 1582              	.LASF31:
 1583 01de 41495243 		.ascii	"AIRCR\000"
 1583      5200
 1584              	.LASF57:
 1585 01e4 5F5F6675 		.ascii	"__func__\000"
 1585      6E635F5F 
 1585      00
 1586              	.LASF49:
 1587 01ed 6E766963 		.ascii	"nvicSetSystemHandlerPriority\000"
 1587      53657453 
 1587      79737465 
 1587      6D48616E 
 1587      646C6572 
 1588              	.LASF27:
 1589 020a 4E564943 		.ascii	"NVIC_Type\000"
 1589      5F547970 
 1589      6500
 1590              	.LASF21:
 1591 0214 49435052 		.ascii	"ICPR\000"
 1591      00
 1592              	.LASF3:
 1593 0219 7369676E 		.ascii	"signed char\000"
 1593      65642063 
 1593      68617200 
 1594              	.LASF11:
 1595 0225 6C6F6E67 		.ascii	"long long unsigned int\000"
 1595      206C6F6E 
 1595      6720756E 
 1595      7369676E 
 1595      65642069 
 1596              	.LASF32:
 1597 023c 53484353 		.ascii	"SHCSR\000"
 1597      5200
 1598              	.LASF0:
 1599 0242 756E7369 		.ascii	"unsigned int\000"
 1599      676E6564 
 1599      20696E74 
 1599      00
 1600              	.LASF17:
 1601 024f 49434552 		.ascii	"ICER\000"
 1601      00
 1602              	.LASF43:
 1603 0254 49435452 		.ascii	"ICTR\000"
 1603      00
 1604              	.LASF56:
 1605 0259 2F686F6D 		.ascii	"/home/bhimebau/forge/analog_in_out/application\000"
 1605      652F6268 
 1605      696D6562 
 1605      61752F66 
 1605      6F726765 
 1606              	.LASF6:
 1607 0288 73686F72 		.ascii	"short unsigned int\000"
ARM GAS  /tmp/ccOuZd7n.s 			page 31


 1607      7420756E 
 1607      7369676E 
 1607      65642069 
 1607      6E7400
 1608              	.LASF14:
 1609 029b 63686172 		.ascii	"char\000"
 1609      00
 1610              	.LASF30:
 1611 02a0 56544F52 		.ascii	"VTOR\000"
 1611      00
 1612              	.LASF48:
 1613 02a5 6E766963 		.ascii	"nvicClearPending\000"
 1613      436C6561 
 1613      7250656E 
 1613      64696E67 
 1613      00
 1614              	.LASF40:
 1615 02b6 49534152 		.ascii	"ISAR\000"
 1615      00
 1616              	.LASF19:
 1617 02bb 49535052 		.ascii	"ISPR\000"
 1617      00
 1618              	.LASF35:
 1619 02c0 44465352 		.ascii	"DFSR\000"
 1619      00
 1620              	.LASF46:
 1621 02c5 5F426F6F 		.ascii	"_Bool\000"
 1621      6C00
 1622              	.LASF34:
 1623 02cb 48465352 		.ascii	"HFSR\000"
 1623      00
 1624              	.LASF39:
 1625 02d0 4D4D4652 		.ascii	"MMFR\000"
 1625      00
 1626              	.LASF16:
 1627 02d5 52455345 		.ascii	"RESERVED0\000"
 1627      52564544 
 1627      3000
 1628              	.LASF20:
 1629 02df 52455345 		.ascii	"RESERVED2\000"
 1629      52564544 
 1629      3200
 1630              	.LASF22:
 1631 02e9 52455345 		.ascii	"RESERVED3\000"
 1631      52564544 
 1631      3300
 1632              	.LASF24:
 1633 02f3 52455345 		.ascii	"RESERVED4\000"
 1633      52564544 
 1633      3400
 1634              	.LASF25:
 1635 02fd 52455345 		.ascii	"RESERVED5\000"
 1635      52564544 
 1635      3500
 1636              	.LASF10:
 1637 0307 6C6F6E67 		.ascii	"long unsigned int\000"
 1637      20756E73 
ARM GAS  /tmp/ccOuZd7n.s 			page 32


 1637      69676E65 
 1637      6420696E 
 1637      7400
 1638              	.LASF38:
 1639 0319 41465352 		.ascii	"AFSR\000"
 1639      00
 1640              	.LASF41:
 1641 031e 43504143 		.ascii	"CPACR\000"
 1641      5200
 1642              	.LASF51:
 1643 0324 7072696F 		.ascii	"prio\000"
 1643      00
 1644              		.ident	"GCC: (GNU Arm Embedded Toolchain 10.3-2021.07) 10.3.1 20210621 (release)"
ARM GAS  /tmp/ccOuZd7n.s 			page 33


DEFINED SYMBOLS
                            *ABS*:0000000000000000 nvic.c
     /tmp/ccOuZd7n.s:16     .text.nvicInit:0000000000000000 $t
     /tmp/ccOuZd7n.s:25     .text.nvicInit:0000000000000000 nvicInit
     /tmp/ccOuZd7n.s:84     .text.nvicEnableVector:0000000000000000 $t
     /tmp/ccOuZd7n.s:92     .text.nvicEnableVector:0000000000000000 nvicEnableVector
     /tmp/ccOuZd7n.s:135    .text.nvicDisableVector:0000000000000000 $t
     /tmp/ccOuZd7n.s:143    .text.nvicDisableVector:0000000000000000 nvicDisableVector
     /tmp/ccOuZd7n.s:185    .text.nvicSetSystemHandlerPriority:0000000000000000 $t
     /tmp/ccOuZd7n.s:193    .text.nvicSetSystemHandlerPriority:0000000000000000 nvicSetSystemHandlerPriority
     /tmp/ccOuZd7n.s:224    .text.nvicClearPending:0000000000000000 $t
     /tmp/ccOuZd7n.s:232    .text.nvicClearPending:0000000000000000 nvicClearPending
     /tmp/ccOuZd7n.s:261    .text.nvicClearPending:0000000000000018 $d
     /tmp/ccOuZd7n.s:266    .text.nvicSetPending:0000000000000000 $t
     /tmp/ccOuZd7n.s:274    .text.nvicSetPending:0000000000000000 nvicSetPending
     /tmp/ccOuZd7n.s:303    .text.nvicSetPending:0000000000000018 $d

NO UNDEFINED SYMBOLS
